<?xml version="1.0" encoding="UTF-8"?>
<!-- Generated by org.testng.reporters.JUnitReportReporter -->
<testsuite hostname="IT-00328-CPU" failures="0" tests="1" name="com.krystal.project.TemplatesJava" time="2.776" errors="0" timestamp="2023-08-18T17:34:08 IST" skipped="0">
  <testcase classname="com.krystal.project.TemplatesJava" name="ViewTemplate" time="2.776"/>
  <system-out/>
</testsuite> <!-- com.krystal.project.TemplatesJava -->
