<?xml version="1.0" encoding="UTF-8"?>
<!-- Generated by org.testng.reporters.JUnitReportReporter -->
<testsuite hostname="IT-00328-CPU" failures="0" tests="28" name="com.krystal.project.PresscriptionSettings" time="317.154" errors="0" timestamp="2023-11-27T13:52:36 IST" skipped="0">
  <testcase classname="com.krystal.project.PresscriptionSettings" name="selectmachine" time="12.240"/>
  <system-out/>
  <testcase classname="com.krystal.project.PresscriptionSettings" name="SelectMachinelabel" time="1.429"/>
  <system-out/>
  <testcase classname="com.krystal.project.PresscriptionSettings" name="RangeConfigurationlabel" time="0.203"/>
  <system-out/>
  <testcase classname="com.krystal.project.PresscriptionSettings" name="Prescriptionsettingslabel" time="0.287"/>
  <system-out/>
  <testcase classname="com.krystal.project.PresscriptionSettings" name="TotalDoselabel" time="0.195"/>
  <system-out/>
  <testcase classname="com.krystal.project.PresscriptionSettings" name="TotalDoseMinlabel" time="1.588"/>
  <system-out/>
  <testcase classname="com.krystal.project.PresscriptionSettings" name="TotalDoseMaxlabel" time="1.631"/>
  <system-out/>
  <testcase classname="com.krystal.project.PresscriptionSettings" name="NumberofFractionlabel" time="0.212"/>
  <system-out/>
  <testcase classname="com.krystal.project.PresscriptionSettings" name="NumberofFractionminlabel" time="1.578"/>
  <system-out/>
  <testcase classname="com.krystal.project.PresscriptionSettings" name="NumberofFractionmaxlabel" time="1.607"/>
  <system-out/>
  <testcase classname="com.krystal.project.PresscriptionSettings" name="MinimumDoselabel" time="0.214"/>
  <system-out/>
  <testcase classname="com.krystal.project.PresscriptionSettings" name="MinimumDoseminlabel" time="1.626"/>
  <system-out/>
  <testcase classname="com.krystal.project.PresscriptionSettings" name="MinimumDosemaxlabel" time="1.578"/>
  <system-out/>
  <testcase classname="com.krystal.project.PresscriptionSettings" name="MaximumDoselabel" time="0.233"/>
  <system-out/>
  <testcase classname="com.krystal.project.PresscriptionSettings" name="MaximumDoseminlabel" time="1.591"/>
  <system-out/>
  <testcase classname="com.krystal.project.PresscriptionSettings" name="MaximumDosemaxlabel" time="1.579"/>
  <system-out/>
  <testcase classname="com.krystal.project.PresscriptionSettings" name="Savelabel" time="0.234"/>
  <system-out/>
  <testcase classname="com.krystal.project.PresscriptionSettings" name="saveenable" time="0.891"/>
  <system-out/>
  <testcase classname="com.krystal.project.PresscriptionSettings" name="Invalidchars" time="114.793"/>
  <system-out/>
  <testcase classname="com.krystal.project.PresscriptionSettings" name="InvalidRange" time="89.709"/>
  <system-out/>
  <testcase classname="com.krystal.project.PresscriptionSettings" name="BothequalRange" time="12.207"/>
  <system-out/>
  <testcase classname="com.krystal.project.PresscriptionSettings" name="MingreaterRange" time="12.359"/>
  <system-out/>
  <testcase classname="com.krystal.project.PresscriptionSettings" name="ValidRange" time="23.836"/>
  <system-out/>
  <testcase classname="com.krystal.project.PresscriptionSettings" name="editdisable" time="2.768"/>
  <system-out/>
  <testcase classname="com.krystal.project.PresscriptionSettings" name="Updatebutton" time="0.678"/>
  <system-out/>
  <testcase classname="com.krystal.project.PresscriptionSettings" name="DataUpdatebutton" time="23.592"/>
  <system-out/>
  <testcase classname="com.krystal.project.PresscriptionSettings" name="Updateddatavalid" time="8.028"/>
  <system-out/>
  <testcase classname="com.krystal.project.PresscriptionSettings" name="Edit" time="0.268"/>
  <system-out/>
</testsuite> <!-- com.krystal.project.PresscriptionSettings -->
