<?xml version="1.0" encoding="UTF-8"?>
<!-- Generated by org.testng.reporters.JUnitReportReporter -->
<testsuite hostname="IT-00328-CPU" failures="0" tests="59" name="com.krystal.project.Serviceconfiguration" time="0.430" errors="1" timestamp="2023-11-30T18:10:00 IST" skipped="58">
  <testcase classname="com.krystal.project.Serviceconfiguration" name="setUp1" time="0.430">
    <error message="An element could not be located on the page using the given search parameters. (WARNING: The server did not provide any stacktrace information)
Command duration or timeout: 0 milliseconds
For documentation on this error, please visit: https://www.seleniumhq.org/exceptions/no_such_element.html
Build info: version: &#039;3.141.59&#039;, revision: &#039;e82be7d358&#039;, time: &#039;2018-11-14T08:17:03&#039;
System info: host: &#039;IT-00328-CPU&#039;, ip: &#039;192.168.11.18&#039;, os.name: &#039;Windows 10&#039;, os.arch: &#039;amd64&#039;, os.version: &#039;10.0&#039;, java.version: &#039;20&#039;
Driver info: io.appium.java_client.windows.WindowsDriver
Capabilities {app: C:\Program Files\Panacea Me..., javascriptEnabled: true, platform: WINDOWS, platformName: Windows}
Session ID: 4A978A12-F63E-4817-B92E-2D5CC35C8229
*** Element info: {Using=xpath, value=//Window[@ClassName=&quot;Window&quot;][@Name=&quot;Krystal&quot;]/Custom[@ClassName=&quot;SignInView&quot;]/Edit[@AutomationId=&quot;TxtbxUsername&quot;]}" type="org.openqa.selenium.NoSuchElementException">
      <![CDATA[org.openqa.selenium.NoSuchElementException: An element could not be located on the page using the given search parameters. (WARNING: The server did not provide any stacktrace information)
Command duration or timeout: 0 milliseconds
For documentation on this error, please visit: https://www.seleniumhq.org/exceptions/no_such_element.html
Build info: version: '3.141.59', revision: 'e82be7d358', time: '2018-11-14T08:17:03'
System info: host: 'IT-00328-CPU', ip: '192.168.11.18', os.name: 'Windows 10', os.arch: 'amd64', os.version: '10.0', java.version: '20'
Driver info: io.appium.java_client.windows.WindowsDriver
Capabilities {app: C:\Program Files\Panacea Me..., javascriptEnabled: true, platform: WINDOWS, platformName: Windows}
Session ID: 4A978A12-F63E-4817-B92E-2D5CC35C8229
*** Element info: {Using=xpath, value=//Window[@ClassName="Window"][@Name="Krystal"]/Custom[@ClassName="SignInView"]/Edit[@AutomationId="TxtbxUsername"]}
at java.base/jdk.internal.reflect.DirectConstructorHandleAccessor.newInstance(DirectConstructorHandleAccessor.java:67)
at java.base/java.lang.reflect.Constructor.newInstanceWithCaller(Constructor.java:500)
at java.base/java.lang.reflect.Constructor.newInstance(Constructor.java:484)
at org.openqa.selenium.remote.ErrorHandler.createThrowable(ErrorHandler.java:214)
at org.openqa.selenium.remote.ErrorHandler.throwIfResponseFailed(ErrorHandler.java:166)
at org.openqa.selenium.remote.http.JsonHttpResponseCodec.reconstructValue(JsonHttpResponseCodec.java:40)
at org.openqa.selenium.remote.http.AbstractHttpResponseCodec.decode(AbstractHttpResponseCodec.java:80)
at org.openqa.selenium.remote.http.AbstractHttpResponseCodec.decode(AbstractHttpResponseCodec.java:44)
at org.openqa.selenium.remote.HttpCommandExecutor.execute(HttpCommandExecutor.java:158)
at io.appium.java_client.remote.AppiumCommandExecutor.execute(AppiumCommandExecutor.java:250)
at org.openqa.selenium.remote.RemoteWebDriver.execute(RemoteWebDriver.java:552)
at io.appium.java_client.DefaultGenericMobileDriver.execute(DefaultGenericMobileDriver.java:41)
at io.appium.java_client.AppiumDriver.execute(AppiumDriver.java:1)
at io.appium.java_client.windows.WindowsDriver.execute(WindowsDriver.java:1)
at org.openqa.selenium.remote.RemoteWebDriver.findElement(RemoteWebDriver.java:323)
at io.appium.java_client.DefaultGenericMobileDriver.findElement(DefaultGenericMobileDriver.java:61)
at io.appium.java_client.AppiumDriver.findElement(AppiumDriver.java:1)
at io.appium.java_client.windows.WindowsDriver.findElement(WindowsDriver.java:1)
at org.openqa.selenium.remote.RemoteWebDriver.findElementByXPath(RemoteWebDriver.java:428)
at io.appium.java_client.DefaultGenericMobileDriver.findElementByXPath(DefaultGenericMobileDriver.java:151)
at io.appium.java_client.AppiumDriver.findElementByXPath(AppiumDriver.java:1)
at io.appium.java_client.windows.WindowsDriver.findElementByXPath(WindowsDriver.java:1)
at org.openqa.selenium.By$ByXPath.findElement(By.java:353)
at org.openqa.selenium.remote.RemoteWebDriver.findElement(RemoteWebDriver.java:315)
at io.appium.java_client.DefaultGenericMobileDriver.findElement(DefaultGenericMobileDriver.java:57)
at io.appium.java_client.AppiumDriver.findElement(AppiumDriver.java:1)
at io.appium.java_client.windows.WindowsDriver.findElement(WindowsDriver.java:1)
at com.krystal.project.ReferenceSigin.ServiceLogin(ReferenceSigin.java:43)
at com.krystal.project.Serviceconfiguration.setUp1(Serviceconfiguration.java:33)
at java.base/jdk.internal.reflect.DirectMethodHandleAccessor.invoke(DirectMethodHandleAccessor.java:104)
at java.base/java.lang.reflect.Method.invoke(Method.java:578)
at org.testng.internal.MethodInvocationHelper.invokeMethod(MethodInvocationHelper.java:133)
at org.testng.internal.MethodInvocationHelper.invokeMethodConsideringTimeout(MethodInvocationHelper.java:62)
at org.testng.internal.ConfigInvoker.invokeConfigurationMethod(ConfigInvoker.java:385)
at org.testng.internal.ConfigInvoker.invokeConfigurations(ConfigInvoker.java:321)
at org.testng.internal.TestMethodWorker.invokeBeforeClassMethods(TestMethodWorker.java:176)
at org.testng.internal.TestMethodWorker.run(TestMethodWorker.java:122)
at java.base/java.util.ArrayList.forEach(ArrayList.java:1511)
at org.testng.TestRunner.privateRun(TestRunner.java:794)
at org.testng.TestRunner.run(TestRunner.java:596)
at org.testng.SuiteRunner.runTest(SuiteRunner.java:377)
at org.testng.SuiteRunner.runSequentially(SuiteRunner.java:371)
at org.testng.SuiteRunner.privateRun(SuiteRunner.java:332)
at org.testng.SuiteRunner.run(SuiteRunner.java:276)
at org.testng.SuiteRunnerWorker.runSuite(SuiteRunnerWorker.java:53)
at org.testng.SuiteRunnerWorker.run(SuiteRunnerWorker.java:96)
at org.testng.TestNG.runSuitesSequentially(TestNG.java:1212)
at org.testng.TestNG.runSuitesLocally(TestNG.java:1134)
at org.testng.TestNG.runSuites(TestNG.java:1063)
at org.testng.TestNG.run(TestNG.java:1031)
at org.testng.remote.AbstractRemoteTestNG.run(AbstractRemoteTestNG.java:115)
at org.testng.remote.RemoteTestNG.initAndRun(RemoteTestNG.java:251)
at org.testng.remote.RemoteTestNG.main(RemoteTestNG.java:77)
]]>
    </error>
  </testcase> <!-- setUp1 -->
  <system-out/>
  <testcase classname="com.krystal.project.Serviceconfiguration" name="ToverifyserviceconfigurationLabel" time="0.000">
    <skipped/>
  </testcase> <!-- ToverifyserviceconfigurationLabel -->
  <system-out/>
  <testcase classname="com.krystal.project.Serviceconfiguration" name="ToverifyapplicationpathsLabel" time="0.000">
    <skipped/>
  </testcase> <!-- ToverifyapplicationpathsLabel -->
  <system-out/>
  <testcase classname="com.krystal.project.Serviceconfiguration" name="ToverifydicomimportLabel" time="0.000">
    <skipped/>
  </testcase> <!-- ToverifydicomimportLabel -->
  <system-out/>
  <testcase classname="com.krystal.project.Serviceconfiguration" name="ToverifydicomtosqltagchangeLabel" time="0.000">
    <skipped/>
  </testcase> <!-- ToverifydicomtosqltagchangeLabel -->
  <system-out/>
  <testcase classname="com.krystal.project.Serviceconfiguration" name="ToverifydicomexportLabel" time="0.000">
    <skipped/>
  </testcase> <!-- ToverifydicomexportLabel -->
  <system-out/>
  <testcase classname="com.krystal.project.Serviceconfiguration" name="ToverifydicomplanvalidationLabel" time="0.000">
    <skipped/>
  </testcase> <!-- ToverifydicomplanvalidationLabel -->
  <system-out/>
  <testcase classname="com.krystal.project.Serviceconfiguration" name="ToverifyfluencyLabel" time="0.000">
    <skipped/>
  </testcase> <!-- ToverifyfluencyLabel -->
  <system-out/>
  <testcase classname="com.krystal.project.Serviceconfiguration" name="ToverifysopinstanceuidtagchangeLabel" time="0.000">
    <skipped/>
  </testcase> <!-- ToverifysopinstanceuidtagchangeLabel -->
  <system-out/>
  <testcase classname="com.krystal.project.Serviceconfiguration" name="ToverifymlcshaperLabel" time="0.000">
    <skipped/>
  </testcase> <!-- ToverifymlcshaperLabel -->
  <system-out/>
  <testcase classname="com.krystal.project.Serviceconfiguration" name="ToverifycreateplanfromexcelLabel" time="0.000">
    <skipped/>
  </testcase> <!-- ToverifycreateplanfromexcelLabel -->
  <system-out/>
  <testcase classname="com.krystal.project.Serviceconfiguration" name="ToverifydeletedcmLabel" time="0.000">
    <skipped/>
  </testcase> <!-- ToverifydeletedcmLabel -->
  <system-out/>
  <testcase classname="com.krystal.project.Serviceconfiguration" name="ToverifydicomtosqltpsdataconversionLabel" time="0.000">
    <skipped/>
  </testcase> <!-- ToverifydicomtosqltpsdataconversionLabel -->
  <system-out/>
  <testcase classname="com.krystal.project.Serviceconfiguration" name="ToverifydatabasepathsLabel" time="0.000">
    <skipped/>
  </testcase> <!-- ToverifydatabasepathsLabel -->
  <system-out/>
  <testcase classname="com.krystal.project.Serviceconfiguration" name="ToverifydatabaseCBCTViewer" time="0.000">
    <skipped/>
  </testcase> <!-- ToverifydatabaseCBCTViewer -->
  <system-out/>
  <testcase classname="com.krystal.project.Serviceconfiguration" name="ToverifysourceLabel1" time="0.000">
    <skipped/>
  </testcase> <!-- ToverifysourceLabel1 -->
  <system-out/>
  <testcase classname="com.krystal.project.Serviceconfiguration" name="ToverifydatabasenameLabel1" time="0.000">
    <skipped/>
  </testcase> <!-- ToverifydatabasenameLabel1 -->
  <system-out/>
  <testcase classname="com.krystal.project.Serviceconfiguration" name="ToverifyusernameLabel1" time="0.000">
    <skipped/>
  </testcase> <!-- ToverifyusernameLabel1 -->
  <system-out/>
  <testcase classname="com.krystal.project.Serviceconfiguration" name="ToverifypasswordLabel1" time="0.000">
    <skipped/>
  </testcase> <!-- ToverifypasswordLabel1 -->
  <system-out/>
  <testcase classname="com.krystal.project.Serviceconfiguration" name="ToverifyofflinesiddharthhospitalLabel" time="0.000">
    <skipped/>
  </testcase> <!-- ToverifyofflinesiddharthhospitalLabel -->
  <system-out/>
  <testcase classname="com.krystal.project.Serviceconfiguration" name="ToverifyofflineiddharthOfflinernvLabel" time="0.000">
    <skipped/>
  </testcase> <!-- ToverifyofflineiddharthOfflinernvLabel -->
  <system-out/>
  <testcase classname="com.krystal.project.Serviceconfiguration" name="ToverifyofflinesettingsLabel" time="0.000">
    <skipped/>
  </testcase> <!-- ToverifyofflinesettingsLabel -->
  <system-out/>
  <testcase classname="com.krystal.project.Serviceconfiguration" name="ToverifyimpactFactorySettingsLabel1" time="0.000">
    <skipped/>
  </testcase> <!-- ToverifyimpactFactorySettingsLabel1 -->
  <system-out/>
  <testcase classname="com.krystal.project.Serviceconfiguration" name="ToverifyauditlogLabel" time="0.000">
    <skipped/>
  </testcase> <!-- ToverifyauditlogLabel -->
  <system-out/>
  <testcase classname="com.krystal.project.Serviceconfiguration" name="ToverifysourceLabel" time="0.000">
    <skipped/>
  </testcase> <!-- ToverifysourceLabel -->
  <system-out/>
  <testcase classname="com.krystal.project.Serviceconfiguration" name="ToverifydatabasenameLabel" time="0.000">
    <skipped/>
  </testcase> <!-- ToverifydatabasenameLabel -->
  <system-out/>
  <testcase classname="com.krystal.project.Serviceconfiguration" name="ToverifyusernameLabel" time="0.000">
    <skipped/>
  </testcase> <!-- ToverifyusernameLabel -->
  <system-out/>
  <testcase classname="com.krystal.project.Serviceconfiguration" name="ToverifypasswordLabel" time="0.000">
    <skipped/>
  </testcase> <!-- ToverifypasswordLabel -->
  <system-out/>
  <testcase classname="com.krystal.project.Serviceconfiguration" name="ToverifytemptreatmentLabel" time="0.000">
    <skipped/>
  </testcase> <!-- ToverifytemptreatmentLabel -->
  <system-out/>
  <testcase classname="com.krystal.project.Serviceconfiguration" name="ToverifyccbtreatmentLabel" time="0.000">
    <skipped/>
  </testcase> <!-- ToverifyccbtreatmentLabel -->
  <system-out/>
  <testcase classname="com.krystal.project.Serviceconfiguration" name="ToverifyPatientQALabel" time="0.000">
    <skipped/>
  </testcase> <!-- ToverifyPatientQALabel -->
  <system-out/>
  <testcase classname="com.krystal.project.Serviceconfiguration" name="ToverifylanguagetranslatorLabel" time="0.000">
    <skipped/>
  </testcase> <!-- ToverifylanguagetranslatorLabel -->
  <system-out/>
  <testcase classname="com.krystal.project.Serviceconfiguration" name="ToverifymachineqaLabel" time="0.000">
    <skipped/>
  </testcase> <!-- ToverifymachineqaLabel -->
  <system-out/>
  <testcase classname="com.krystal.project.Serviceconfiguration" name="ToverifyeditLabel" time="0.000">
    <skipped/>
  </testcase> <!-- ToverifyeditLabel -->
  <system-out/>
  <testcase classname="com.krystal.project.Serviceconfiguration" name="ToverifyconfigureandroidLabel" time="0.000">
    <skipped/>
  </testcase> <!-- ToverifyconfigureandroidLabel -->
  <system-out/>
  <testcase classname="com.krystal.project.Serviceconfiguration" name="ToverifylogenabledLabel" time="0.000">
    <skipped/>
  </testcase> <!-- ToverifylogenabledLabel -->
  <system-out/>
  <testcase classname="com.krystal.project.Serviceconfiguration" name="ToverifylanguagetranslationLabel" time="0.000">
    <skipped/>
  </testcase> <!-- ToverifylanguagetranslationLabel -->
  <system-out/>
  <testcase classname="com.krystal.project.Serviceconfiguration" name="Applicationpaths" time="0.000">
    <skipped/>
  </testcase> <!-- Applicationpaths -->
  <system-out/>
  <testcase classname="com.krystal.project.Serviceconfiguration" name="MLCShaper" time="0.000">
    <skipped/>
  </testcase> <!-- MLCShaper -->
  <system-out/>
  <testcase classname="com.krystal.project.Serviceconfiguration" name="SQLRTPlanChange" time="0.000">
    <skipped/>
  </testcase> <!-- SQLRTPlanChange -->
  <system-out/>
  <testcase classname="com.krystal.project.Serviceconfiguration" name="CreatePlanExcel" time="0.000">
    <skipped/>
  </testcase> <!-- CreatePlanExcel -->
  <system-out/>
  <testcase classname="com.krystal.project.Serviceconfiguration" name="DicomExport" time="0.000">
    <skipped/>
  </testcase> <!-- DicomExport -->
  <system-out/>
  <testcase classname="com.krystal.project.Serviceconfiguration" name="DeleteDCM" time="0.000">
    <skipped/>
  </testcase> <!-- DeleteDCM -->
  <system-out/>
  <testcase classname="com.krystal.project.Serviceconfiguration" name="DCMtoSQL" time="0.000">
    <skipped/>
  </testcase> <!-- DCMtoSQL -->
  <system-out/>
  <testcase classname="com.krystal.project.Serviceconfiguration" name="CBCTViewer" time="0.000">
    <skipped/>
  </testcase> <!-- CBCTViewer -->
  <system-out/>
  <testcase classname="com.krystal.project.Serviceconfiguration" name="DicomPlanValidation" time="0.000">
    <skipped/>
  </testcase> <!-- DicomPlanValidation -->
  <system-out/>
  <testcase classname="com.krystal.project.Serviceconfiguration" name="FluencyMap" time="0.000">
    <skipped/>
  </testcase> <!-- FluencyMap -->
  <system-out/>
  <testcase classname="com.krystal.project.Serviceconfiguration" name="SOPTagChange" time="0.000">
    <skipped/>
  </testcase> <!-- SOPTagChange -->
  <system-out/>
  <testcase classname="com.krystal.project.Serviceconfiguration" name="Edit" time="0.000">
    <skipped/>
  </testcase> <!-- Edit -->
  <system-out/>
  <testcase classname="com.krystal.project.Serviceconfiguration" name="ToverifyImpactLabel" time="0.000">
    <skipped/>
  </testcase> <!-- ToverifyImpactLabel -->
  <system-out/>
  <testcase classname="com.krystal.project.Serviceconfiguration" name="ToverifyImpactandroidLabel" time="0.000">
    <skipped/>
  </testcase> <!-- ToverifyImpactandroidLabel -->
  <system-out/>
  <testcase classname="com.krystal.project.Serviceconfiguration" name="ToverifyConfigureLabel" time="0.000">
    <skipped/>
  </testcase> <!-- ToverifyConfigureLabel -->
  <system-out/>
  <testcase classname="com.krystal.project.Serviceconfiguration" name="ToverifyConfigurebutton" time="0.000">
    <skipped/>
  </testcase> <!-- ToverifyConfigurebutton -->
  <system-out/>
  <testcase classname="com.krystal.project.Serviceconfiguration" name="Cancelclick" time="0.000">
    <skipped/>
  </testcase> <!-- Cancelclick -->
  <system-out/>
  <testcase classname="com.krystal.project.Serviceconfiguration" name="AndroidIP" time="0.000">
    <skipped/>
  </testcase> <!-- AndroidIP -->
  <system-out/>
  <testcase classname="com.krystal.project.Serviceconfiguration" name="configureandroid" time="0.000">
    <skipped/>
  </testcase> <!-- configureandroid -->
  <system-out/>
  <testcase classname="com.krystal.project.Serviceconfiguration" name="configureandroidupdated" time="0.000">
    <skipped/>
  </testcase> <!-- configureandroidupdated -->
  <system-out/>
  <testcase classname="com.krystal.project.Serviceconfiguration" name="databaseconnection" time="0.000">
    <skipped/>
  </testcase> <!-- databaseconnection -->
  <system-out/>
  <testcase classname="com.krystal.project.Serviceconfiguration" name="languagetranslation" time="0.000">
    <skipped/>
  </testcase> <!-- languagetranslation -->
  <system-out/>
</testsuite> <!-- com.krystal.project.Serviceconfiguration -->
