<?xml version="1.0" encoding="UTF-8"?>
<!-- Generated by org.testng.reporters.JUnitReportReporter -->
<testsuite hostname="IT-00328-CPU" failures="0" tests="41" name="com.krystal.project.Login" time="182.039" errors="0" timestamp="2023-11-27T11:29:28 IST" skipped="0">
  <testcase classname="com.krystal.project.Login" name="ToverifySigninproductlogo" time="0.943"/>
  <system-out/>
  <testcase classname="com.krystal.project.Login" name="ToverifySigninproductImage" time="1.760"/>
  <system-out/>
  <testcase classname="com.krystal.project.Login" name="ToverifyProductnamelabel" time="4.618"/>
  <system-out/>
  <testcase classname="com.krystal.project.Login" name="ToverifyOfflineRnVlabel" time="0.527"/>
  <system-out/>
  <testcase classname="com.krystal.project.Login" name="ToverifySigninlabel" time="2.539"/>
  <system-out/>
  <testcase classname="com.krystal.project.Login" name="ToverifyUserNamelabel" time="0.570"/>
  <system-out/>
  <testcase classname="com.krystal.project.Login" name="ToverifyPasswordlabel" time="0.672"/>
  <system-out/>
  <testcase classname="com.krystal.project.Login" name="ToverifySigninButtonlabel" time="2.307"/>
  <system-out/>
  <testcase classname="com.krystal.project.Login" name="ToverifyClearButtonlabel" time="0.363"/>
  <system-out/>
  <testcase classname="com.krystal.project.Login" name="ToverifyNoticelabel" time="0.386"/>
  <system-out/>
  <testcase classname="com.krystal.project.Login" name="ToverifyNoticeDescriptionlabel" time="0.762"/>
  <system-out/>
  <testcase classname="com.krystal.project.Login" name="ToverifyLicensedlabel" time="0.431"/>
  <system-out/>
  <testcase classname="com.krystal.project.Login" name="ToverifyHospitallabel" time="0.844"/>
  <system-out/>
  <testcase classname="com.krystal.project.Login" name="ToverifyHelplabel" time="0.435"/>
  <system-out/>
  <testcase classname="com.krystal.project.Login" name="ToverifyExitlabel" time="0.470"/>
  <system-out/>
  <testcase classname="com.krystal.project.Login" name="ToverifySoftwareVersionlabel" time="2.492"/>
  <system-out/>
  <testcase classname="com.krystal.project.Login" name="ToverifyVesrionNumberlabel" time="0.463"/>
  <system-out/>
  <testcase classname="com.krystal.project.Login" name="ToverifyCopyrightlabel" time="0.515"/>
  <system-out/>
  <testcase classname="com.krystal.project.Login" name="Helpclick" time="2.452"/>
  <system-out/>
  <testcase classname="com.krystal.project.Login" name="HelpContact" time="0.548"/>
  <system-out/>
  <testcase classname="com.krystal.project.Login" name="HelpRegional" time="2.592"/>
  <system-out/>
  <testcase classname="com.krystal.project.Login" name="HelpService" time="5.809"/>
  <system-out/>
  <testcase classname="com.krystal.project.Login" name="HelpSCN" time="3.532"/>
  <system-out/>
  <testcase classname="com.krystal.project.Login" name="HelpEmail" time="0.749"/>
  <system-out/>
  <testcase classname="com.krystal.project.Login" name="HelpHeadoffice" time="2.689"/>
  <system-out/>
  <testcase classname="com.krystal.project.Login" name="HelpRCN" time="3.644"/>
  <system-out/>
  <testcase classname="com.krystal.project.Login" name="HelpEmailID" time="0.663"/>
  <system-out/>
  <testcase classname="com.krystal.project.Login" name="HelpClose" time="0.203"/>
  <system-out/>
  <testcase classname="com.krystal.project.Login" name="Helpbutton" time="8.310"/>
  <system-out/>
  <testcase classname="com.krystal.project.Login" name="close" time="1.224"/>
  <system-out/>
  <testcase classname="com.krystal.project.Login" name="defaultbuttonenable" time="1.135"/>
  <system-out/>
  <testcase classname="com.krystal.project.Login" name="Signinempty" time="5.098"/>
  <system-out/>
  <testcase classname="com.krystal.project.Login" name="Useridempty" time="8.206"/>
  <system-out/>
  <testcase classname="com.krystal.project.Login" name="Passwordempty" time="7.547"/>
  <system-out/>
  <testcase classname="com.krystal.project.Login" name="ValidUserId" time="12.406"/>
  <system-out/>
  <testcase classname="com.krystal.project.Login" name="ValidPassword" time="12.365"/>
  <system-out/>
  <testcase classname="com.krystal.project.Login" name="InvalidUserPassword" time="14.669"/>
  <system-out/>
  <testcase classname="com.krystal.project.Login" name="InvalidBothUserIdandPassword" time="15.321"/>
  <system-out/>
  <testcase classname="com.krystal.project.Login" name="Eyeiconshow" time="13.325"/>
  <system-out/>
  <testcase classname="com.krystal.project.Login" name="SignoutLogin" time="23.139"/>
  <system-out/>
  <testcase classname="com.krystal.project.Login" name="Exitapplication" time="15.316"/>
  <system-out/>
</testsuite> <!-- com.krystal.project.Login -->
