<?xml version="1.0" encoding="UTF-8"?>
<!-- Generated by org.testng.reporters.JUnitReportReporter -->
<testsuite hostname="IT-00328-CPU" failures="0" tests="30" name="com.krystal.project.SiteConfigurationTest" time="317.941" errors="0" timestamp="2023-12-21T09:26:58 IST" skipped="0">
  <testcase classname="com.krystal.project.SiteConfigurationTest" name="Launch" time="15.894"/>
  <system-out/>
  <testcase classname="com.krystal.project.SiteConfigurationTest" name="SiteconfigurationLabel" time="1.079"/>
  <system-out/>
  <testcase classname="com.krystal.project.SiteConfigurationTest" name="SitenameLabel" time="1.109"/>
  <system-out/>
  <testcase classname="com.krystal.project.SiteConfigurationTest" name="Save" time="0.979"/>
  <system-out/>
  <testcase classname="com.krystal.project.SiteConfigurationTest" name="Sitelist" time="0.615"/>
  <system-out/>
  <testcase classname="com.krystal.project.SiteConfigurationTest" name="Sitename" time="1.186"/>
  <system-out/>
  <testcase classname="com.krystal.project.SiteConfigurationTest" name="saveenable" time="0.898"/>
  <system-out/>
  <testcase classname="com.krystal.project.SiteConfigurationTest" name="Sitesave" time="10.204"/>
  <system-out/>
  <testcase classname="com.krystal.project.SiteConfigurationTest" name="Sitealreadysave" time="6.188"/>
  <system-out/>
  <testcase classname="com.krystal.project.SiteConfigurationTest" name="Sitetexbox" time="47.296"/>
  <system-out/>
  <testcase classname="com.krystal.project.SiteConfigurationTest" name="databaseconnectionsavecheck" time="0.187"/>
  <system-out/>
  <testcase classname="com.krystal.project.SiteConfigurationTest" name="viewdataget1" time="3.131"/>
  <system-out/>
  <testcase classname="com.krystal.project.SiteConfigurationTest" name="viewdatabase" time="2.002"/>
  <system-out/>
  <testcase classname="com.krystal.project.SiteConfigurationTest" name="delete" time="11.981"/>
  <system-out/>
  <testcase classname="com.krystal.project.SiteConfigurationTest" name="viewdatabaseafterdelete" time="1.811"/>
  <system-out/>
  <testcase classname="com.krystal.project.SiteConfigurationTest" name="viewdataserach" time="49.293"/>
  <system-out/>
  <testcase classname="com.krystal.project.SiteConfigurationTest" name="pagefirst" time="1.015"/>
  <system-out/>
  <testcase classname="com.krystal.project.SiteConfigurationTest" name="pagesecond" time="1.046"/>
  <system-out/>
  <testcase classname="com.krystal.project.SiteConfigurationTest" name="pageNext" time="1.101"/>
  <system-out/>
  <testcase classname="com.krystal.project.SiteConfigurationTest" name="pagelast" time="1.114"/>
  <system-out/>
  <testcase classname="com.krystal.project.SiteConfigurationTest" name="Sitenameadd" time="44.957"/>
  <system-out/>
  <testcase classname="com.krystal.project.SiteConfigurationTest" name="Sitenameadd" time="45.632"/>
  <system-out/>
  <testcase classname="com.krystal.project.SiteConfigurationTest" name="pageenabled" time="4.292"/>
  <system-out/>
  <testcase classname="com.krystal.project.SiteConfigurationTest" name="Nextpageenable" time="4.387"/>
  <system-out/>
  <testcase classname="com.krystal.project.SiteConfigurationTest" name="previouspageenabled" time="8.311"/>
  <system-out/>
  <testcase classname="com.krystal.project.SiteConfigurationTest" name="Lastpageenabled" time="4.314"/>
  <system-out/>
  <testcase classname="com.krystal.project.SiteConfigurationTest" name="FirstPageEnabled" time="8.304"/>
  <system-out/>
  <testcase classname="com.krystal.project.SiteConfigurationTest" name="Searchelementnext" time="27.562"/>
  <system-out/>
  <testcase classname="com.krystal.project.SiteConfigurationTest" name="Searchempty" time="5.885"/>
  <system-out/>
  <testcase classname="com.krystal.project.SiteConfigurationTest" name="viewdataget2" time="6.168"/>
  <system-out/>
</testsuite> <!-- com.krystal.project.SiteConfigurationTest -->
