<?xml version="1.0" encoding="UTF-8"?>
<!-- Generated by org.testng.reporters.JUnitReportReporter -->
<testsuite hostname="IT-00328-CPU" failures="0" tests="1" name="com.krystal.project.DatabaseConfig" time="0.217" errors="0" timestamp="2023-09-11T14:49:01 IST" skipped="0">
  <testcase classname="com.krystal.project.DatabaseConfig" name="databaseconnectionemptycheck" time="0.217"/>
  <system-out/>
</testsuite> <!-- com.krystal.project.DatabaseConfig -->
