<?xml version="1.0" encoding="UTF-8"?>
<!-- Generated by org.testng.reporters.JUnitReportReporter -->
<testsuite hostname="IT-00300-CPU" failures="0" tests="38" name="com.krystal.project.UserMangementTest" time="179.354" errors="0" timestamp="2023-12-05T17:18:40 IST" skipped="0">
  <testcase classname="com.krystal.project.UserMangementTest" name="Launch" time="8.444"/>
  <testcase classname="com.krystal.project.UserMangementTest" name="ToverifyuserconfigurationLabel" time="2.265"/>
  <testcase classname="com.krystal.project.UserMangementTest" name="ToverifyuseridLabel11" time="6.273"/>
  <testcase classname="com.krystal.project.UserMangementTest" name="ToverifyfirstNameLabel" time="6.449"/>
  <testcase classname="com.krystal.project.UserMangementTest" name="ToverifymiddleNameLabel" time="6.425"/>
  <testcase classname="com.krystal.project.UserMangementTest" name="ToverifylastNameLabel" time="6.490"/>
  <testcase classname="com.krystal.project.UserMangementTest" name="ToverifypasswordLabel" time="6.474"/>
  <testcase classname="com.krystal.project.UserMangementTest" name="ToverifyconfirmpasswordLabel" time="6.401"/>
  <testcase classname="com.krystal.project.UserMangementTest" name="ToverifyroleLabel12" time="4.748"/>
  <testcase classname="com.krystal.project.UserMangementTest" name="ToverifydesignationLabel1" time="4.466"/>
  <testcase classname="com.krystal.project.UserMangementTest" name="ToverifystatusLabel" time="6.210"/>
  <testcase classname="com.krystal.project.UserMangementTest" name="ToverifyactiveLabel" time="6.494"/>
  <testcase classname="com.krystal.project.UserMangementTest" name="ToverifyinactiveLabel" time="6.367"/>
  <testcase classname="com.krystal.project.UserMangementTest" name="ToverifysaveLabela" time="6.440"/>
  <testcase classname="com.krystal.project.UserMangementTest" name="ToverifyuserlistLabel" time="0.428"/>
  <testcase classname="com.krystal.project.UserMangementTest" name="ToverifyuseridLabel" time="0.838"/>
  <testcase classname="com.krystal.project.UserMangementTest" name="ToverifyfullnameLabel" time="1.295"/>
  <testcase classname="com.krystal.project.UserMangementTest" name="ToverifydesignationLabel12" time="1.283"/>
  <testcase classname="com.krystal.project.UserMangementTest" name="ToverifyroleLabel1" time="1.292"/>
  <testcase classname="com.krystal.project.UserMangementTest" name="ToverifystatusLabel1" time="0.663"/>
  <testcase classname="com.krystal.project.UserMangementTest" name="ToverifypreferredapridLabel" time="1.348"/>
  <testcase classname="com.krystal.project.UserMangementTest" name="ToverifypreferredaprcbctidLabel" time="1.328"/>
  <testcase classname="com.krystal.project.UserMangementTest" name="ToverifysearchuseridLabel1" time="0.728"/>
  <testcase classname="com.krystal.project.UserMangementTest" name="ToverifyradiouseridLabel" time="8.991"/>
  <testcase classname="com.krystal.project.UserMangementTest" name="ToverifyradiofullnameLabel" time="6.617"/>
  <testcase classname="com.krystal.project.UserMangementTest" name="ToverifysearchfullnameLabel" time="5.630"/>
  <testcase classname="com.krystal.project.UserMangementTest" name="ToverifyupdateuserLabel" time="8.232"/>
  <testcase classname="com.krystal.project.UserMangementTest" name="ToverifyuseridLabel1" time="6.992"/>
  <testcase classname="com.krystal.project.UserMangementTest" name="ToverifyfullnameLabel1" time="4.041"/>
  <testcase classname="com.krystal.project.UserMangementTest" name="ToverifymiddlenameLabel" time="5.861"/>
  <testcase classname="com.krystal.project.UserMangementTest" name="ToverifymiddlenameLabel1" time="5.925"/>
  <testcase classname="com.krystal.project.UserMangementTest" name="ToverifyroleLabel" time="2.508"/>
  <testcase classname="com.krystal.project.UserMangementTest" name="ToverifydesignationLabel" time="2.578"/>
  <testcase classname="com.krystal.project.UserMangementTest" name="ToverifystatusLabel11" time="5.767"/>
  <testcase classname="com.krystal.project.UserMangementTest" name="ToverifyactiveLabel1" time="5.843"/>
  <testcase classname="com.krystal.project.UserMangementTest" name="ToverifyinactiveLabel1" time="5.684"/>
  <testcase classname="com.krystal.project.UserMangementTest" name="ToverifyupdateLabel" time="5.731"/>
  <testcase classname="com.krystal.project.UserMangementTest" name="Toverifyresetpassword1Label" time="5.805"/>
</testsuite> <!-- com.krystal.project.UserMangementTest -->
