<?xml version="1.0" encoding="UTF-8"?>
<!-- Generated by org.testng.reporters.JUnitReportReporter -->
<testsuite hostname="IT-00328-CPU" failures="0" tests="9" name="com.krystal.project.Help" time="37.893" errors="0" timestamp="2023-11-27T13:45:05 IST" skipped="0">
  <testcase classname="com.krystal.project.Help" name="HelpDesk" time="0.232"/>
  <system-out/>
  <testcase classname="com.krystal.project.Help" name="UserManual" time="0.222"/>
  <system-out/>
  <testcase classname="com.krystal.project.Help" name="About" time="0.227"/>
  <system-out/>
  <testcase classname="com.krystal.project.Help" name="systemInfo" time="0.232"/>
  <system-out/>
  <testcase classname="com.krystal.project.Help" name="help" time="3.149"/>
  <system-out/>
  <testcase classname="com.krystal.project.Help" name="helpinternational" time="5.770"/>
  <system-out/>
  <testcase classname="com.krystal.project.Help" name="userManual" time="11.797"/>
  <system-out/>
  <testcase classname="com.krystal.project.Help" name="System" time="12.114"/>
  <system-out/>
  <testcase classname="com.krystal.project.Help" name="Systeminfo" time="4.150"/>
  <system-out/>
</testsuite> <!-- com.krystal.project.Help -->
