<?xml version="1.0" encoding="UTF-8"?>
<!-- Generated by org.testng.reporters.JUnitReportReporter -->
<testsuite hostname="IT-00328-CPU" failures="0" tests="40" name="com.krystal.project.SystemInformation" time="76.163" errors="0" timestamp="2023-11-22T17:12:14 IST" skipped="0">
  <testcase classname="com.krystal.project.SystemInformation" name="Systeminformation" time="2.976"/>
  <system-out/>
  <testcase classname="com.krystal.project.SystemInformation" name="Computername" time="3.005"/>
  <system-out/>
  <testcase classname="com.krystal.project.SystemInformation" name="Windowsedition" time="1.573"/>
  <system-out/>
  <testcase classname="com.krystal.project.SystemInformation" name="Operatingsystem" time="1.579"/>
  <system-out/>
  <testcase classname="com.krystal.project.SystemInformation" name="Osversion" time="2.171"/>
  <system-out/>
  <testcase classname="com.krystal.project.SystemInformation" name="Osbuild" time="2.113"/>
  <system-out/>
  <testcase classname="com.krystal.project.SystemInformation" name="Installedon" time="2.126"/>
  <system-out/>
  <testcase classname="com.krystal.project.SystemInformation" name="Systemdirectory" time="2.216"/>
  <system-out/>
  <testcase classname="com.krystal.project.SystemInformation" name="Systemlanguage" time="2.253"/>
  <system-out/>
  <testcase classname="com.krystal.project.SystemInformation" name="Userdomainname" time="2.227"/>
  <system-out/>
  <testcase classname="com.krystal.project.SystemInformation" name="Ram" time="2.250"/>
  <system-out/>
  <testcase classname="com.krystal.project.SystemInformation" name="graphiccard" time="2.301"/>
  <system-out/>
  <testcase classname="com.krystal.project.SystemInformation" name="processortype" time="2.354"/>
  <system-out/>
  <testcase classname="com.krystal.project.SystemInformation" name="Machineserialnumber" time="2.336"/>
  <system-out/>
  <testcase classname="com.krystal.project.SystemInformation" name="Applicationinstalledpath" time="2.395"/>
  <system-out/>
  <testcase classname="com.krystal.project.SystemInformation" name="ipaddress" time="2.376"/>
  <system-out/>
  <testcase classname="com.krystal.project.SystemInformation" name="Diskpartiton" time="2.444"/>
  <system-out/>
  <testcase classname="com.krystal.project.SystemInformation" name="Cdrive" time="2.477"/>
  <system-out/>
  <testcase classname="com.krystal.project.SystemInformation" name="Ddrive" time="2.447"/>
  <system-out/>
  <testcase classname="com.krystal.project.SystemInformation" name="Databasename" time="1.403"/>
  <system-out/>
  <testcase classname="com.krystal.project.SystemInformation" name="Version" time="1.400"/>
  <system-out/>
  <testcase classname="com.krystal.project.SystemInformation" name="Configurationpath" time="1.429"/>
  <system-out/>
  <testcase classname="com.krystal.project.SystemInformation" name="ccbtreatment" time="1.434"/>
  <system-out/>
  <testcase classname="com.krystal.project.SystemInformation" name="impactfactorysetting" time="1.457"/>
  <system-out/>
  <testcase classname="com.krystal.project.SystemInformation" name="Offlinesettings" time="1.489"/>
  <system-out/>
  <testcase classname="com.krystal.project.SystemInformation" name="Offlinesiddharthhospital" time="1.526"/>
  <system-out/>
  <testcase classname="com.krystal.project.SystemInformation" name="Offlinesiddhartofflinernv" time="1.539"/>
  <system-out/>
  <testcase classname="com.krystal.project.SystemInformation" name="Temptreatment" time="1.558"/>
  <system-out/>
  <testcase classname="com.krystal.project.SystemInformation" name="Machineqa" time="1.614"/>
  <system-out/>
  <testcase classname="com.krystal.project.SystemInformation" name="PateintQA" time="1.697"/>
  <system-out/>
  <testcase classname="com.krystal.project.SystemInformation" name="AuditLog" time="1.661"/>
  <system-out/>
  <testcase classname="com.krystal.project.SystemInformation" name="Languagetranslator" time="1.635"/>
  <system-out/>
  <testcase classname="com.krystal.project.SystemInformation" name="Hospitalinformation" time="1.715"/>
  <system-out/>
  <testcase classname="com.krystal.project.SystemInformation" name="Hospitalname" time="0.712"/>
  <system-out/>
  <testcase classname="com.krystal.project.SystemInformation" name="Hospitaladdress" time="0.747"/>
  <system-out/>
  <testcase classname="com.krystal.project.SystemInformation" name="Username" time="0.779"/>
  <system-out/>
  <testcase classname="com.krystal.project.SystemInformation" name="Licenseddatetime" time="0.824"/>
  <system-out/>
  <testcase classname="com.krystal.project.SystemInformation" name="Contactnumber" time="0.811"/>
  <system-out/>
  <testcase classname="com.krystal.project.SystemInformation" name="ExportData" time="5.958"/>
  <system-out/>
  <testcase classname="com.krystal.project.SystemInformation" name="Export" time="1.156"/>
  <system-out/>
</testsuite> <!-- com.krystal.project.SystemInformation -->
