<?xml version="1.0" encoding="UTF-8"?>
<!-- Generated by org.testng.reporters.JUnitReportReporter -->
<testsuite hostname="IT-00328-CPU" failures="0" tests="80" name="com.krystal.project.FieldConfigTaw" time="1133.905" errors="2" timestamp="2023-11-23T14:25:43 IST" skipped="0">
  <testcase classname="com.krystal.project.FieldConfigTaw" name="ValidFieldname" time="15.967"/>
  <system-out/>
  <testcase classname="com.krystal.project.FieldConfigTaw" name="ValidFieldname" time="16.642"/>
  <system-out/>
  <testcase classname="com.krystal.project.FieldConfigTaw" name="ValidFieldname" time="16.197"/>
  <system-out/>
  <testcase classname="com.krystal.project.FieldConfigTaw" name="ValidFieldname" time="15.752"/>
  <system-out/>
  <testcase classname="com.krystal.project.FieldConfigTaw" name="ValidFieldname" time="16.234"/>
  <system-out/>
  <testcase classname="com.krystal.project.FieldConfigTaw" name="ValidFieldname" time="16.908"/>
  <system-out/>
  <testcase classname="com.krystal.project.FieldConfigTaw" name="ValidFieldname" time="16.455"/>
  <system-out/>
  <testcase classname="com.krystal.project.FieldConfigTaw" name="ValidFieldname" time="17.022"/>
  <system-out/>
  <testcase classname="com.krystal.project.FieldConfigTaw" name="ValidFieldname" time="16.199"/>
  <system-out/>
  <testcase classname="com.krystal.project.FieldConfigTaw" name="ValidFieldname" time="15.939"/>
  <system-out/>
  <testcase classname="com.krystal.project.FieldConfigTaw" name="ValidFieldname" time="16.123"/>
  <system-out/>
  <testcase classname="com.krystal.project.FieldConfigTaw" name="ValidFieldname" time="16.561"/>
  <system-out/>
  <testcase classname="com.krystal.project.FieldConfigTaw" name="ValidFieldname" time="16.329"/>
  <system-out/>
  <testcase classname="com.krystal.project.FieldConfigTaw" name="ValidFieldname" time="16.578"/>
  <system-out/>
  <testcase classname="com.krystal.project.FieldConfigTaw" name="ValidFieldname" time="16.304"/>
  <system-out/>
  <testcase classname="com.krystal.project.FieldConfigTaw" name="Additionalsearch" time="62.278"/>
  <system-out/>
  <testcase classname="com.krystal.project.FieldConfigTaw" name="Validsym" time="14.648"/>
  <system-out/>
  <testcase classname="com.krystal.project.FieldConfigTaw" name="Validsym" time="14.637"/>
  <system-out/>
  <testcase classname="com.krystal.project.FieldConfigTaw" name="Validsym" time="15.512"/>
  <system-out/>
  <testcase classname="com.krystal.project.FieldConfigTaw" name="Validsym" time="14.632"/>
  <system-out/>
  <testcase classname="com.krystal.project.FieldConfigTaw" name="Validsym" time="15.344"/>
  <system-out/>
  <testcase classname="com.krystal.project.FieldConfigTaw" name="Validsym" time="14.999"/>
  <system-out/>
  <testcase classname="com.krystal.project.FieldConfigTaw" name="Validsym" time="14.545"/>
  <system-out/>
  <testcase classname="com.krystal.project.FieldConfigTaw" name="Validsym" time="14.631"/>
  <system-out/>
  <testcase classname="com.krystal.project.FieldConfigTaw" name="Validsym" time="15.815"/>
  <system-out/>
  <testcase classname="com.krystal.project.FieldConfigTaw" name="Validsym" time="12.804"/>
  <system-out/>
  <testcase classname="com.krystal.project.FieldConfigTaw" name="Validsym" time="15.404"/>
  <system-out/>
  <testcase classname="com.krystal.project.FieldConfigTaw" name="Validsym" time="14.591"/>
  <system-out/>
  <testcase classname="com.krystal.project.FieldConfigTaw" name="Validsym" time="15.285"/>
  <system-out/>
  <testcase classname="com.krystal.project.FieldConfigTaw" name="Validsym" time="14.525"/>
  <system-out/>
  <testcase classname="com.krystal.project.FieldConfigTaw" name="Validsym" time="15.395"/>
  <system-out/>
  <testcase classname="com.krystal.project.FieldConfigTaw" name="Validsym" time="15.283"/>
  <system-out/>
  <testcase classname="com.krystal.project.FieldConfigTaw" name="Validsym" time="15.673"/>
  <system-out/>
  <testcase classname="com.krystal.project.FieldConfigTaw" name="Validsym" time="14.574"/>
  <system-out/>
  <testcase classname="com.krystal.project.FieldConfigTaw" name="Validsym" time="15.393"/>
  <system-out/>
  <testcase classname="com.krystal.project.FieldConfigTaw" name="Validsym" time="14.564"/>
  <system-out/>
  <testcase classname="com.krystal.project.FieldConfigTaw" name="Validsym" time="14.702"/>
  <system-out/>
  <testcase classname="com.krystal.project.FieldConfigTaw" name="Validsym" time="14.852"/>
  <system-out/>
  <testcase classname="com.krystal.project.FieldConfigTaw" name="Validsym" time="15.515"/>
  <system-out/>
  <testcase classname="com.krystal.project.FieldConfigTaw" name="Validsym" time="14.489"/>
  <system-out/>
  <testcase classname="com.krystal.project.FieldConfigTaw" name="Validsym" time="15.655"/>
  <system-out/>
  <testcase classname="com.krystal.project.FieldConfigTaw" name="Validsym" time="14.572"/>
  <system-out/>
  <testcase classname="com.krystal.project.FieldConfigTaw" name="databasesymmetric" time="0.163">
    <error message="Index 15 out of bounds for length 15" type="java.lang.IndexOutOfBoundsException">
      <![CDATA[java.lang.IndexOutOfBoundsException: Index 15 out of bounds for length 15
at java.base/jdk.internal.util.Preconditions.outOfBounds(Preconditions.java:100)
at java.base/jdk.internal.util.Preconditions.outOfBoundsCheckIndex(Preconditions.java:106)
at java.base/jdk.internal.util.Preconditions.checkIndex(Preconditions.java:302)
at java.base/java.util.Objects.checkIndex(Objects.java:385)
at java.base/java.util.ArrayList.get(ArrayList.java:427)
at com.krystal.project.FieldConfigTaw.DataConfigconfig(FieldConfigTaw.java:117)
at com.krystal.project.FieldConfigTaw.databasesymmetric(FieldConfigTaw.java:192)
at java.base/jdk.internal.reflect.DirectMethodHandleAccessor.invoke(DirectMethodHandleAccessor.java:104)
at java.base/java.lang.reflect.Method.invoke(Method.java:578)
at org.testng.internal.MethodInvocationHelper.invokeMethod(MethodInvocationHelper.java:133)
at org.testng.internal.TestInvoker.invokeMethod(TestInvoker.java:598)
at org.testng.internal.TestInvoker.invokeTestMethod(TestInvoker.java:173)
at org.testng.internal.MethodRunner.runInSequence(MethodRunner.java:46)
at org.testng.internal.TestInvoker$MethodInvocationAgent.invoke(TestInvoker.java:824)
at org.testng.internal.TestInvoker.invokeTestMethods(TestInvoker.java:146)
at org.testng.internal.TestMethodWorker.invokeTestMethods(TestMethodWorker.java:146)
at org.testng.internal.TestMethodWorker.run(TestMethodWorker.java:128)
at java.base/java.util.ArrayList.forEach(ArrayList.java:1511)
at org.testng.TestRunner.privateRun(TestRunner.java:794)
at org.testng.TestRunner.run(TestRunner.java:596)
at org.testng.SuiteRunner.runTest(SuiteRunner.java:377)
at org.testng.SuiteRunner.runSequentially(SuiteRunner.java:371)
at org.testng.SuiteRunner.privateRun(SuiteRunner.java:332)
at org.testng.SuiteRunner.run(SuiteRunner.java:276)
at org.testng.SuiteRunnerWorker.runSuite(SuiteRunnerWorker.java:53)
at org.testng.SuiteRunnerWorker.run(SuiteRunnerWorker.java:96)
at org.testng.TestNG.runSuitesSequentially(TestNG.java:1212)
at org.testng.TestNG.runSuitesLocally(TestNG.java:1134)
at org.testng.TestNG.runSuites(TestNG.java:1063)
at org.testng.TestNG.run(TestNG.java:1031)
at org.testng.remote.AbstractRemoteTestNG.run(AbstractRemoteTestNG.java:115)
at org.testng.remote.RemoteTestNG.initAndRun(RemoteTestNG.java:251)
at org.testng.remote.RemoteTestNG.main(RemoteTestNG.java:77)
]]>
    </error>
  </testcase> <!-- databasesymmetric -->
  <system-out/>
  <testcase classname="com.krystal.project.FieldConfigTaw" name="InValidFieldname" time="9.818"/>
  <system-out/>
  <testcase classname="com.krystal.project.FieldConfigTaw" name="InValidFieldname" time="10.458"/>
  <system-out/>
  <testcase classname="com.krystal.project.FieldConfigTaw" name="InValidFieldname" time="10.086"/>
  <system-out/>
  <testcase classname="com.krystal.project.FieldConfigTaw" name="InValidFieldname" time="11.294"/>
  <system-out/>
  <testcase classname="com.krystal.project.FieldConfigTaw" name="InValidFieldname" time="10.445"/>
  <system-out/>
  <testcase classname="com.krystal.project.FieldConfigTaw" name="inValidsym" time="8.216"/>
  <system-out/>
  <testcase classname="com.krystal.project.FieldConfigTaw" name="inValidsym" time="8.253"/>
  <system-out/>
  <testcase classname="com.krystal.project.FieldConfigTaw" name="inValidsym" time="9.085"/>
  <system-out/>
  <testcase classname="com.krystal.project.FieldConfigTaw" name="inValidsym" time="8.248"/>
  <system-out/>
  <testcase classname="com.krystal.project.FieldConfigTaw" name="inValidsym" time="9.234"/>
  <system-out/>
  <testcase classname="com.krystal.project.FieldConfigTaw" name="inValidsym" time="9.134"/>
  <system-out/>
  <testcase classname="com.krystal.project.FieldConfigTaw" name="inValidsym" time="9.966"/>
  <system-out/>
  <testcase classname="com.krystal.project.FieldConfigTaw" name="ValidAsym" time="15.216"/>
  <system-out/>
  <testcase classname="com.krystal.project.FieldConfigTaw" name="ValidAsym" time="15.363"/>
  <system-out/>
  <testcase classname="com.krystal.project.FieldConfigTaw" name="ValidAsym" time="14.986"/>
  <system-out/>
  <testcase classname="com.krystal.project.FieldConfigTaw" name="ValidAsym" time="15.300"/>
  <system-out/>
  <testcase classname="com.krystal.project.FieldConfigTaw" name="ValidAsym" time="15.258"/>
  <system-out/>
  <testcase classname="com.krystal.project.FieldConfigTaw" name="ValidAsym" time="15.319"/>
  <system-out/>
  <testcase classname="com.krystal.project.FieldConfigTaw" name="ValidAsym" time="12.778"/>
  <system-out/>
  <testcase classname="com.krystal.project.FieldConfigTaw" name="ValidAsym" time="15.127"/>
  <system-out/>
  <testcase classname="com.krystal.project.FieldConfigTaw" name="ValidAsym" time="12.671"/>
  <system-out/>
  <testcase classname="com.krystal.project.FieldConfigTaw" name="ValidAsym" time="15.664"/>
  <system-out/>
  <testcase classname="com.krystal.project.FieldConfigTaw" name="ValidAsym" time="15.224"/>
  <system-out/>
  <testcase classname="com.krystal.project.FieldConfigTaw" name="databaseAssymmetric" time="0.041">
    <error message="Index 15 out of bounds for length 15" type="java.lang.IndexOutOfBoundsException">
      <![CDATA[java.lang.IndexOutOfBoundsException: Index 15 out of bounds for length 15
at java.base/jdk.internal.util.Preconditions.outOfBounds(Preconditions.java:100)
at java.base/jdk.internal.util.Preconditions.outOfBoundsCheckIndex(Preconditions.java:106)
at java.base/jdk.internal.util.Preconditions.checkIndex(Preconditions.java:302)
at java.base/java.util.Objects.checkIndex(Objects.java:385)
at java.base/java.util.ArrayList.get(ArrayList.java:427)
at com.krystal.project.FieldConfigTaw.DataConfigconfig(FieldConfigTaw.java:117)
at com.krystal.project.FieldConfigTaw.databaseAssymmetric(FieldConfigTaw.java:300)
at java.base/jdk.internal.reflect.DirectMethodHandleAccessor.invoke(DirectMethodHandleAccessor.java:104)
at java.base/java.lang.reflect.Method.invoke(Method.java:578)
at org.testng.internal.MethodInvocationHelper.invokeMethod(MethodInvocationHelper.java:133)
at org.testng.internal.TestInvoker.invokeMethod(TestInvoker.java:598)
at org.testng.internal.TestInvoker.invokeTestMethod(TestInvoker.java:173)
at org.testng.internal.MethodRunner.runInSequence(MethodRunner.java:46)
at org.testng.internal.TestInvoker$MethodInvocationAgent.invoke(TestInvoker.java:824)
at org.testng.internal.TestInvoker.invokeTestMethods(TestInvoker.java:146)
at org.testng.internal.TestMethodWorker.invokeTestMethods(TestMethodWorker.java:146)
at org.testng.internal.TestMethodWorker.run(TestMethodWorker.java:128)
at java.base/java.util.ArrayList.forEach(ArrayList.java:1511)
at org.testng.TestRunner.privateRun(TestRunner.java:794)
at org.testng.TestRunner.run(TestRunner.java:596)
at org.testng.SuiteRunner.runTest(SuiteRunner.java:377)
at org.testng.SuiteRunner.runSequentially(SuiteRunner.java:371)
at org.testng.SuiteRunner.privateRun(SuiteRunner.java:332)
at org.testng.SuiteRunner.run(SuiteRunner.java:276)
at org.testng.SuiteRunnerWorker.runSuite(SuiteRunnerWorker.java:53)
at org.testng.SuiteRunnerWorker.run(SuiteRunnerWorker.java:96)
at org.testng.TestNG.runSuitesSequentially(TestNG.java:1212)
at org.testng.TestNG.runSuitesLocally(TestNG.java:1134)
at org.testng.TestNG.runSuites(TestNG.java:1063)
at org.testng.TestNG.run(TestNG.java:1031)
at org.testng.remote.AbstractRemoteTestNG.run(AbstractRemoteTestNG.java:115)
at org.testng.remote.RemoteTestNG.initAndRun(RemoteTestNG.java:251)
at org.testng.remote.RemoteTestNG.main(RemoteTestNG.java:77)
]]>
    </error>
  </testcase> <!-- databaseAssymmetric -->
  <system-out/>
  <testcase classname="com.krystal.project.FieldConfigTaw" name="inValidAsymblank" time="10.489"/>
  <system-out/>
  <testcase classname="com.krystal.project.FieldConfigTaw" name="inValidAsymblank" time="10.252"/>
  <system-out/>
  <testcase classname="com.krystal.project.FieldConfigTaw" name="inValidAsymblank" time="10.187"/>
  <system-out/>
  <testcase classname="com.krystal.project.FieldConfigTaw" name="inValidAsymblank" time="10.198"/>
  <system-out/>
  <testcase classname="com.krystal.project.FieldConfigTaw" name="inValidAsymblank" time="10.219"/>
  <system-out/>
  <testcase classname="com.krystal.project.FieldConfigTaw" name="inValidAsym" time="14.236"/>
  <system-out/>
  <testcase classname="com.krystal.project.FieldConfigTaw" name="inValidAsym" time="14.002"/>
  <system-out/>
  <testcase classname="com.krystal.project.FieldConfigTaw" name="inValidAsym" time="14.454"/>
  <system-out/>
  <testcase classname="com.krystal.project.FieldConfigTaw" name="inValidAsym" time="14.124"/>
  <system-out/>
  <testcase classname="com.krystal.project.FieldConfigTaw" name="inValidAsym" time="12.832"/>
  <system-out/>
  <testcase classname="com.krystal.project.FieldConfigTaw" name="inValidAsym" time="14.444"/>
  <system-out/>
  <testcase classname="com.krystal.project.FieldConfigTaw" name="inValidAsym" time="12.960"/>
  <system-out/>
  <testcase classname="com.krystal.project.FieldConfigTaw" name="inValidAsym" time="12.634"/>
  <system-out/>
</testsuite> <!-- com.krystal.project.FieldConfigTaw -->
