<?xml version="1.0" encoding="UTF-8"?>
<!-- Generated by org.testng.reporters.JUnitReportReporter -->
<testsuite hostname="IT-00328-CPU" failures="0" tests="79" name="com.krystal.project.ChemoTherapyGUI" time="433.046" errors="0" timestamp="2023-11-22T11:44:44 IST" skipped="0">
  <testcase classname="com.krystal.project.ChemoTherapyGUI" name="Menu" time="8.479"/>
  <system-out/>
  <testcase classname="com.krystal.project.ChemoTherapyGUI" name="Signout" time="8.195"/>
  <system-out/>
  <testcase classname="com.krystal.project.ChemoTherapyGUI" name="Theme" time="8.447"/>
  <system-out/>
  <testcase classname="com.krystal.project.ChemoTherapyGUI" name="Password" time="8.576"/>
  <system-out/>
  <testcase classname="com.krystal.project.ChemoTherapyGUI" name="Titlename" time="0.581"/>
  <system-out/>
  <testcase classname="com.krystal.project.ChemoTherapyGUI" name="Productlogo" time="4.284"/>
  <system-out/>
  <testcase classname="com.krystal.project.ChemoTherapyGUI" name="Patientlist" time="4.017"/>
  <system-out/>
  <testcase classname="com.krystal.project.ChemoTherapyGUI" name="AddPatient" time="12.708"/>
  <system-out/>
  <testcase classname="com.krystal.project.ChemoTherapyGUI" name="Patientmenu" time="16.747"/>
  <system-out/>
  <testcase classname="com.krystal.project.ChemoTherapyGUI" name="Demographics" time="16.986"/>
  <system-out/>
  <testcase classname="com.krystal.project.ChemoTherapyGUI" name="Prescription" time="16.363"/>
  <system-out/>
  <testcase classname="com.krystal.project.ChemoTherapyGUI" name="Planapproval" time="21.485"/>
  <system-out/>
  <testcase classname="com.krystal.project.ChemoTherapyGUI" name="Scheduling" time="21.240"/>
  <system-out/>
  <testcase classname="com.krystal.project.ChemoTherapyGUI" name="Vitals" time="17.262"/>
  <system-out/>
  <testcase classname="com.krystal.project.ChemoTherapyGUI" name="Labreports" time="17.258"/>
  <system-out/>
  <testcase classname="com.krystal.project.ChemoTherapyGUI" name="Treatmentoverview" time="21.197"/>
  <system-out/>
  <testcase classname="com.krystal.project.ChemoTherapyGUI" name="ExternalBeam" time="21.126"/>
  <system-out/>
  <testcase classname="com.krystal.project.ChemoTherapyGUI" name="Toverifychemotherapylabel" time="21.395"/>
  <system-out/>
  <testcase classname="com.krystal.project.ChemoTherapyGUI" name="AddTabs" time="4.386"/>
  <system-out/>
  <testcase classname="com.krystal.project.ChemoTherapyGUI" name="NewsiteandPhase" time="8.603"/>
  <system-out/>
  <testcase classname="com.krystal.project.ChemoTherapyGUI" name="Exportbutton" time="0.956"/>
  <system-out/>
  <testcase classname="com.krystal.project.ChemoTherapyGUI" name="SaveButton" time="0.959"/>
  <system-out/>
  <testcase classname="com.krystal.project.ChemoTherapyGUI" name="ToverifyParameterslabel" time="0.769"/>
  <system-out/>
  <testcase classname="com.krystal.project.ChemoTherapyGUI" name="Toverifysitelabel" time="0.319"/>
  <system-out/>
  <testcase classname="com.krystal.project.ChemoTherapyGUI" name="ToverifyPhaselabel" time="4.330"/>
  <system-out/>
  <testcase classname="com.krystal.project.ChemoTherapyGUI" name="Toverifytreatmenttypelabel" time="3.235"/>
  <system-out/>
  <testcase classname="com.krystal.project.ChemoTherapyGUI" name="Toverifypostsurgerylabel" time="0.153"/>
  <system-out/>
  <testcase classname="com.krystal.project.ChemoTherapyGUI" name="Toverifypresurgerylabel" time="0.153"/>
  <system-out/>
  <testcase classname="com.krystal.project.ChemoTherapyGUI" name="Toverifypostradiationlabel" time="0.157"/>
  <system-out/>
  <testcase classname="com.krystal.project.ChemoTherapyGUI" name="Toverifypreradiationlabel" time="0.165"/>
  <system-out/>
  <testcase classname="com.krystal.project.ChemoTherapyGUI" name="Toverifyconcurrentlabel" time="0.459"/>
  <system-out/>
  <testcase classname="com.krystal.project.ChemoTherapyGUI" name="Toverifylinkprescriptionlabel" time="4.410"/>
  <system-out/>
  <testcase classname="com.krystal.project.ChemoTherapyGUI" name="Toverifyotherslabel" time="7.524"/>
  <system-out/>
  <testcase classname="com.krystal.project.ChemoTherapyGUI" name="Toverifyclassificationlabel" time="0.535"/>
  <system-out/>
  <testcase classname="com.krystal.project.ChemoTherapyGUI" name="ToverifyDruglabel" time="0.559"/>
  <system-out/>
  <testcase classname="com.krystal.project.ChemoTherapyGUI" name="ToverifyDrugformlabel" time="2.917"/>
  <system-out/>
  <testcase classname="com.krystal.project.ChemoTherapyGUI" name="Topicallabel" time="0.271"/>
  <system-out/>
  <testcase classname="com.krystal.project.ChemoTherapyGUI" name="Orallabel" time="0.274"/>
  <system-out/>
  <testcase classname="com.krystal.project.ChemoTherapyGUI" name="Injectionlabel" time="0.296"/>
  <system-out/>
  <testcase classname="com.krystal.project.ChemoTherapyGUI" name="Intravenouslabel" time="0.307"/>
  <system-out/>
  <testcase classname="com.krystal.project.ChemoTherapyGUI" name="IntraArteriallabel" time="0.322"/>
  <system-out/>
  <testcase classname="com.krystal.project.ChemoTherapyGUI" name="IntraPeritoneallabel" time="0.329"/>
  <system-out/>
  <testcase classname="com.krystal.project.ChemoTherapyGUI" name="Intrathecallabel" time="3.288"/>
  <system-out/>
  <testcase classname="com.krystal.project.ChemoTherapyGUI" name="ToverifyDrugdoselabel" time="4.512"/>
  <system-out/>
  <testcase classname="com.krystal.project.ChemoTherapyGUI" name="Toverifyradiosensitizerslabel" time="0.553"/>
  <system-out/>
  <testcase classname="com.krystal.project.ChemoTherapyGUI" name="Toverifyregimenslabel" time="0.571"/>
  <system-out/>
  <testcase classname="com.krystal.project.ChemoTherapyGUI" name="Toverifypatientbsacalculationlabel" time="0.555"/>
  <system-out/>
  <testcase classname="com.krystal.project.ChemoTherapyGUI" name="Toverifypatientweightlabel" time="0.569"/>
  <system-out/>
  <testcase classname="com.krystal.project.ChemoTherapyGUI" name="Toverifypatientheightlabel" time="0.583"/>
  <system-out/>
  <testcase classname="com.krystal.project.ChemoTherapyGUI" name="Toverifydoselabel" time="0.572"/>
  <system-out/>
  <testcase classname="com.krystal.project.ChemoTherapyGUI" name="Toverifycycleslabel" time="0.572"/>
  <system-out/>
  <testcase classname="com.krystal.project.ChemoTherapyGUI" name="Toverifyfrequencylabel" time="0.589"/>
  <system-out/>
  <testcase classname="com.krystal.project.ChemoTherapyGUI" name="Toverifyweeklylabel" time="4.683"/>
  <system-out/>
  <testcase classname="com.krystal.project.ChemoTherapyGUI" name="Toverifymondaylabel" time="4.718"/>
  <system-out/>
  <testcase classname="com.krystal.project.ChemoTherapyGUI" name="Toverifytuesdaylabel" time="4.633"/>
  <system-out/>
  <testcase classname="com.krystal.project.ChemoTherapyGUI" name="Toverifywednesdaylabel" time="4.358"/>
  <system-out/>
  <testcase classname="com.krystal.project.ChemoTherapyGUI" name="Toverifythursdaylabel" time="4.663"/>
  <system-out/>
  <testcase classname="com.krystal.project.ChemoTherapyGUI" name="Toverifyfridaylabel" time="4.613"/>
  <system-out/>
  <testcase classname="com.krystal.project.ChemoTherapyGUI" name="Toverifysaturdaylabel" time="4.687"/>
  <system-out/>
  <testcase classname="com.krystal.project.ChemoTherapyGUI" name="Toverifysundaylabel" time="4.877"/>
  <system-out/>
  <testcase classname="com.krystal.project.ChemoTherapyGUI" name="Toverifycustomlabel" time="4.596"/>
  <system-out/>
  <testcase classname="com.krystal.project.ChemoTherapyGUI" name="Toverifyeverylabel" time="0.621"/>
  <system-out/>
  <testcase classname="com.krystal.project.ChemoTherapyGUI" name="Toverifyeverydropdown" time="4.613"/>
  <system-out/>
  <testcase classname="com.krystal.project.ChemoTherapyGUI" name="Toverifycreateddateandtimelabel" time="0.637"/>
  <system-out/>
  <testcase classname="com.krystal.project.ChemoTherapyGUI" name="Toverifylastmodifieddateandtimelabel" time="0.642"/>
  <system-out/>
  <testcase classname="com.krystal.project.ChemoTherapyGUI" name="Toverifygeneraladditionalmedications" time="0.659"/>
  <system-out/>
  <testcase classname="com.krystal.project.ChemoTherapyGUI" name="Toverifysymptomslabel" time="1.255"/>
  <system-out/>
  <testcase classname="com.krystal.project.ChemoTherapyGUI" name="Toverifydruglabel" time="0.091"/>
  <system-out/>
  <testcase classname="com.krystal.project.ChemoTherapyGUI" name="Toverifyremarkslabel" time="1.323"/>
  <system-out/>
  <testcase classname="com.krystal.project.ChemoTherapyGUI" name="Toverifydatelabel" time="1.335"/>
  <system-out/>
  <testcase classname="com.krystal.project.ChemoTherapyGUI" name="Addfield" time="9.550"/>
  <system-out/>
  <testcase classname="com.krystal.project.ChemoTherapyGUI" name="Toverifysymptomlabel" time="2.175"/>
  <system-out/>
  <testcase classname="com.krystal.project.ChemoTherapyGUI" name="ToverifyRemarkslabel" time="15.149"/>
  <system-out/>
  <testcase classname="com.krystal.project.ChemoTherapyGUI" name="ToverifyDrugslabel" time="5.501"/>
  <system-out/>
  <testcase classname="com.krystal.project.ChemoTherapyGUI" name="ToverifyInsertlabel" time="23.946"/>
  <system-out/>
  <testcase classname="com.krystal.project.ChemoTherapyGUI" name="ToverifyCloseel" time="19.809"/>
  <system-out/>
  <testcase classname="com.krystal.project.ChemoTherapyGUI" name="Toverifysoftwareversionlabellabel" time="0.185"/>
  <system-out/>
  <testcase classname="com.krystal.project.ChemoTherapyGUI" name="Toverifysoftwareversionnumberlabel" time="0.193"/>
  <system-out/>
  <testcase classname="com.krystal.project.ChemoTherapyGUI" name="Toverifylicensedtolabel" time="2.436"/>
  <system-out/>
</testsuite> <!-- com.krystal.project.ChemoTherapyGUI -->
