<?xml version="1.0" encoding="UTF-8"?>
<!-- Generated by org.testng.reporters.JUnitReportReporter -->
<testsuite hostname="IT-00300-CPU" failures="0" tests="113" name="com.krystal.project.UserManagementFun" time="4167.458" errors="0" timestamp="2023-12-05T17:18:40 IST" skipped="0">
  <testcase classname="com.krystal.project.UserManagementFun" name="UserEmptyTextbox" time="23.541"/>
  <testcase classname="com.krystal.project.UserManagementFun" name="Launch" time="8.341"/>
  <testcase classname="com.krystal.project.UserManagementFun" name="Savebuttonenabled" time="4.152"/>
  <testcase classname="com.krystal.project.UserManagementFun" name="Emptydatamessage" time="16.813"/>
  <testcase classname="com.krystal.project.UserManagementFun" name="UserIdDisplayedandEnabled" time="0.102"/>
  <testcase classname="com.krystal.project.UserManagementFun" name="UserIDValidcharacters" time="3.626"/>
  <testcase classname="com.krystal.project.UserManagementFun" name="UserIDValidenteredonlyNumbers" time="3.782"/>
  <testcase classname="com.krystal.project.UserManagementFun" name="UserIDValidNAlphabets" time="3.724"/>
  <testcase classname="com.krystal.project.UserManagementFun" name="UserIDValidalphabetsuppercase" time="3.514"/>
  <testcase classname="com.krystal.project.UserManagementFun" name="UserIDValidMaxrange" time="4.406"/>
  <testcase classname="com.krystal.project.UserManagementFun" name="UserIDInvalidwhitespace" time="5.544"/>
  <testcase classname="com.krystal.project.UserManagementFun" name="UserIDInvalidwhitespaceandcharacters" time="5.828"/>
  <testcase classname="com.krystal.project.UserManagementFun" name="UserIDInvalidlessthanMinlength" time="5.723"/>
  <testcase classname="com.krystal.project.UserManagementFun" name="ValidFirstnameAlphabhets" time="3.683"/>
  <testcase classname="com.krystal.project.UserManagementFun" name="ValidFirstnamealphanumerics" time="4.425"/>
  <testcase classname="com.krystal.project.UserManagementFun" name="ValidFirstnameSpecialCharacters" time="4.324"/>
  <testcase classname="com.krystal.project.UserManagementFun" name="ValidFirstnameacceptingMinrange" time="3.531"/>
  <testcase classname="com.krystal.project.UserManagementFun" name="ValidFirstnameacceptingMaxrange" time="5.942"/>
  <testcase classname="com.krystal.project.UserManagementFun" name="InValidFirstnamelessthanminrange" time="5.684"/>
  <testcase classname="com.krystal.project.UserManagementFun" name="InValidFirstnameenteringmorethanMaxrange" time="6.134"/>
  <testcase classname="com.krystal.project.UserManagementFun" name="InValidFirstnameBlank" time="3.114"/>
  <testcase classname="com.krystal.project.UserManagementFun" name="ValidMiddleNameAlphabhets" time="3.696"/>
  <testcase classname="com.krystal.project.UserManagementFun" name="ValidMiddleNameMinrange" time="3.178"/>
  <testcase classname="com.krystal.project.UserManagementFun" name="ValidMiddleNameMaxrange" time="4.098"/>
  <testcase classname="com.krystal.project.UserManagementFun" name="InValidMiddleNamemorethanMaxrange" time="6.182"/>
  <testcase classname="com.krystal.project.UserManagementFun" name="ValidMiddleNameSpecialCharacters" time="3.827"/>
  <testcase classname="com.krystal.project.UserManagementFun" name="ValidMiddleNamealphanumerics" time="4.015"/>
  <testcase classname="com.krystal.project.UserManagementFun" name="ValidLastNameAlphabhets" time="3.698"/>
  <testcase classname="com.krystal.project.UserManagementFun" name="ValidLastNameMinrange" time="3.060"/>
  <testcase classname="com.krystal.project.UserManagementFun" name="ValidLastNameMaxrange" time="3.964"/>
  <testcase classname="com.krystal.project.UserManagementFun" name="InValidLastNamemorethanMaxrange" time="6.019"/>
  <testcase classname="com.krystal.project.UserManagementFun" name="ValidLastNameSpecialCharacters" time="3.864"/>
  <testcase classname="com.krystal.project.UserManagementFun" name="ValidLastNamealphanumerics" time="4.084"/>
  <testcase classname="com.krystal.project.UserManagementFun" name="ValidPasswordnumerics" time="3.840"/>
  <testcase classname="com.krystal.project.UserManagementFun" name="ValidPasswordalphanumerics" time="3.971"/>
  <testcase classname="com.krystal.project.UserManagementFun" name="ValidPasswordminimumrange" time="3.828"/>
  <testcase classname="com.krystal.project.UserManagementFun" name="ValidPasswordmorethanMaxrange" time="6.054"/>
  <testcase classname="com.krystal.project.UserManagementFun" name="ValidPasswordEnteringMaxrange" time="4.021"/>
  <testcase classname="com.krystal.project.UserManagementFun" name="ValidPasswordSpecialCharacters" time="3.688"/>
  <testcase classname="com.krystal.project.UserManagementFun" name="InValidPasswordisblank" time="3.961"/>
  <testcase classname="com.krystal.project.UserManagementFun" name="InValidPasswordlessthanMaxrange" time="4.714"/>
  <testcase classname="com.krystal.project.UserManagementFun" name="ValidCPasswordnumerics" time="3.884"/>
  <testcase classname="com.krystal.project.UserManagementFun" name="ValidCPasswordalphanumerics" time="6.172"/>
  <testcase classname="com.krystal.project.UserManagementFun" name="ValidCPasswordminimumrange" time="4.025"/>
  <testcase classname="com.krystal.project.UserManagementFun" name="ValidCPasswordmorethanMaxrange" time="6.144"/>
  <testcase classname="com.krystal.project.UserManagementFun" name="ValidCPasswordMaxrange" time="4.024"/>
  <testcase classname="com.krystal.project.UserManagementFun" name="ValidCPasswordSpecialCharacters" time="3.727"/>
  <testcase classname="com.krystal.project.UserManagementFun" name="InValidCPasswordtextfieldisblank" time="3.099"/>
  <testcase classname="com.krystal.project.UserManagementFun" name="InValidCPasswordlessthanMaxrange" time="3.535"/>
  <testcase classname="com.krystal.project.UserManagementFun" name="Roleclick" time="3.366"/>
  <testcase classname="com.krystal.project.UserManagementFun" name="Designationclick" time="3.390"/>
  <testcase classname="com.krystal.project.UserManagementFun" name="Status" time="3.445"/>
  <testcase classname="com.krystal.project.UserManagementFun" name="ActiveEnabled" time="0.050"/>
  <testcase classname="com.krystal.project.UserManagementFun" name="ActiveStatus" time="0.083"/>
  <testcase classname="com.krystal.project.UserManagementFun" name="Activeclick" time="0.428"/>
  <testcase classname="com.krystal.project.UserManagementFun" name="Activeclickagain" time="0.945"/>
  <testcase classname="com.krystal.project.UserManagementFun" name="InActiveStatus" time="0.078"/>
  <testcase classname="com.krystal.project.UserManagementFun" name="InActiveclick" time="0.381"/>
  <testcase classname="com.krystal.project.UserManagementFun" name="InActiveclickagain" time="0.887"/>
  <testcase classname="com.krystal.project.UserManagementFun" name="Toverifysavebuttonenabledordisabled" time="5.266"/>
  <testcase classname="com.krystal.project.UserManagementFun" name="EnterData" time="81.749"/>
  <testcase classname="com.krystal.project.UserManagementFun" name="UserIDInValidMaxrangeUserIDExits" time="6.472"/>
  <testcase classname="com.krystal.project.UserManagementFun" name="InValidFirstnamesameusernameagain" time="25.272"/>
  <testcase classname="com.krystal.project.UserManagementFun" name="SavedDataexitsinList" time="2.133"/>
  <testcase classname="com.krystal.project.UserManagementFun" name="enetredsamedata" time="100.188"/>
  <testcase classname="com.krystal.project.UserManagementFun" name="ActiveUser" time="73.556"/>
  <testcase classname="com.krystal.project.UserManagementFun" name="ActiveUser" time="89.652"/>
  <testcase classname="com.krystal.project.UserManagementFun" name="ActiveUser" time="78.571"/>
  <testcase classname="com.krystal.project.UserManagementFun" name="ActiveUser" time="66.949"/>
  <testcase classname="com.krystal.project.UserManagementFun" name="ActiveUser" time="61.567"/>
  <testcase classname="com.krystal.project.UserManagementFun" name="ActiveUser" time="113.406"/>
  <testcase classname="com.krystal.project.UserManagementFun" name="ActiveUser" time="91.955"/>
  <testcase classname="com.krystal.project.UserManagementFun" name="ActiveUser" time="94.979"/>
  <testcase classname="com.krystal.project.UserManagementFun" name="ActiveUser" time="77.981"/>
  <testcase classname="com.krystal.project.UserManagementFun" name="ActiveUser" time="66.105"/>
  <testcase classname="com.krystal.project.UserManagementFun" name="ActiveUser" time="84.920"/>
  <testcase classname="com.krystal.project.UserManagementFun" name="InActiveUser" time="121.872"/>
  <testcase classname="com.krystal.project.UserManagementFun" name="InActiveUser" time="111.952"/>
  <testcase classname="com.krystal.project.UserManagementFun" name="InActiveUser" time="107.168"/>
  <testcase classname="com.krystal.project.UserManagementFun" name="InActiveUser" time="114.785"/>
  <testcase classname="com.krystal.project.UserManagementFun" name="InActiveUser" time="128.160"/>
  <testcase classname="com.krystal.project.UserManagementFun" name="InActiveUser" time="108.672"/>
  <testcase classname="com.krystal.project.UserManagementFun" name="InActiveUser" time="106.558"/>
  <testcase classname="com.krystal.project.UserManagementFun" name="InActiveUser" time="122.882"/>
  <testcase classname="com.krystal.project.UserManagementFun" name="InActiveUser" time="108.982"/>
  <testcase classname="com.krystal.project.UserManagementFun" name="InActiveUser" time="106.028"/>
  <testcase classname="com.krystal.project.UserManagementFun" name="InActiveUser" time="105.283"/>
  <testcase classname="com.krystal.project.UserManagementFun" name="AddUser" time="94.555"/>
  <testcase classname="com.krystal.project.UserManagementFun" name="EmptyData" time="88.410"/>
  <testcase classname="com.krystal.project.UserManagementFun" name="EmptyData" time="99.231"/>
  <testcase classname="com.krystal.project.UserManagementFun" name="EmptyData" time="88.672"/>
  <testcase classname="com.krystal.project.UserManagementFun" name="EmptyData" time="87.744"/>
  <testcase classname="com.krystal.project.UserManagementFun" name="EmptyData" time="109.905"/>
  <testcase classname="com.krystal.project.UserManagementFun" name="EmptyData" time="88.859"/>
  <testcase classname="com.krystal.project.UserManagementFun" name="EmptyData" time="110.778"/>
  <testcase classname="com.krystal.project.UserManagementFun" name="EmptyData" time="89.497"/>
  <testcase classname="com.krystal.project.UserManagementFun" name="EmptyData" time="88.159"/>
  <testcase classname="com.krystal.project.UserManagementFun" name="Editenable" time="7.765"/>
  <testcase classname="com.krystal.project.UserManagementFun" name="Editok" time="6.222"/>
  <testcase classname="com.krystal.project.UserManagementFun" name="EditUpdate" time="4.334"/>
  <testcase classname="com.krystal.project.UserManagementFun" name="EditModify" time="17.583"/>
  <testcase classname="com.krystal.project.UserManagementFun" name="EditandModifydata" time="23.329"/>
  <testcase classname="com.krystal.project.UserManagementFun" name="EditandReset" time="65.997"/>
  <testcase classname="com.krystal.project.UserManagementFun" name="EditdataandReset" time="156.884"/>
  <testcase classname="com.krystal.project.UserManagementFun" name="ResetPasswordactive" time="43.236"/>
  <testcase classname="com.krystal.project.UserManagementFun" name="ResetPasswordInactive" time="236.896"/>
  <testcase classname="com.krystal.project.UserManagementFun" name="SearchUseridvalid" time="15.121"/>
  <testcase classname="com.krystal.project.UserManagementFun" name="SearchUsernamevalid" time="18.800"/>
  <testcase classname="com.krystal.project.UserManagementFun" name="pageenabled" time="0.610"/>
  <testcase classname="com.krystal.project.UserManagementFun" name="Nextpageenable" time="1.084"/>
  <testcase classname="com.krystal.project.UserManagementFun" name="previouspageenabled" time="1.124"/>
  <testcase classname="com.krystal.project.UserManagementFun" name="Lastpageenabled" time="1.121"/>
  <testcase classname="com.krystal.project.UserManagementFun" name="FirstPageEnabled" time="1.121"/>
</testsuite> <!-- com.krystal.project.UserManagementFun -->
