<?xml version="1.0" encoding="UTF-8"?>
<!-- Generated by org.testng.reporters.JUnitReportReporter -->
<testsuite hostname="IT-00328-CPU" failures="0" tests="89" name="com.krystal.project.APRCBCT" time="0.420" errors="1" timestamp="2023-11-30T16:13:09 IST" skipped="88">
  <testcase classname="com.krystal.project.APRCBCT" name="setUp1" time="0.420">
    <error message="An element could not be located on the page using the given search parameters. (WARNING: The server did not provide any stacktrace information)
Command duration or timeout: 0 milliseconds
For documentation on this error, please visit: https://www.seleniumhq.org/exceptions/no_such_element.html
Build info: version: &#039;3.141.59&#039;, revision: &#039;e82be7d358&#039;, time: &#039;2018-11-14T08:17:03&#039;
System info: host: &#039;IT-00328-CPU&#039;, ip: &#039;192.168.11.18&#039;, os.name: &#039;Windows 10&#039;, os.arch: &#039;amd64&#039;, os.version: &#039;10.0&#039;, java.version: &#039;20&#039;
Driver info: io.appium.java_client.windows.WindowsDriver
Capabilities {app: C:\Program Files\Panacea Me..., javascriptEnabled: true, platform: WINDOWS, platformName: Windows}
Session ID: 5333A4D6-8E09-4CEE-92CC-39CCED984CEF
*** Element info: {Using=xpath, value=//Window[@ClassName=&quot;Window&quot;][@Name=&quot;Krystal&quot;]/Custom[@ClassName=&quot;SignInView&quot;]/Edit[@AutomationId=&quot;TxtbxUsername&quot;]}" type="org.openqa.selenium.NoSuchElementException">
      <![CDATA[org.openqa.selenium.NoSuchElementException: An element could not be located on the page using the given search parameters. (WARNING: The server did not provide any stacktrace information)
Command duration or timeout: 0 milliseconds
For documentation on this error, please visit: https://www.seleniumhq.org/exceptions/no_such_element.html
Build info: version: '3.141.59', revision: 'e82be7d358', time: '2018-11-14T08:17:03'
System info: host: 'IT-00328-CPU', ip: '192.168.11.18', os.name: 'Windows 10', os.arch: 'amd64', os.version: '10.0', java.version: '20'
Driver info: io.appium.java_client.windows.WindowsDriver
Capabilities {app: C:\Program Files\Panacea Me..., javascriptEnabled: true, platform: WINDOWS, platformName: Windows}
Session ID: 5333A4D6-8E09-4CEE-92CC-39CCED984CEF
*** Element info: {Using=xpath, value=//Window[@ClassName="Window"][@Name="Krystal"]/Custom[@ClassName="SignInView"]/Edit[@AutomationId="TxtbxUsername"]}
at java.base/jdk.internal.reflect.DirectConstructorHandleAccessor.newInstance(DirectConstructorHandleAccessor.java:67)
at java.base/java.lang.reflect.Constructor.newInstanceWithCaller(Constructor.java:500)
at java.base/java.lang.reflect.Constructor.newInstance(Constructor.java:484)
at org.openqa.selenium.remote.ErrorHandler.createThrowable(ErrorHandler.java:214)
at org.openqa.selenium.remote.ErrorHandler.throwIfResponseFailed(ErrorHandler.java:166)
at org.openqa.selenium.remote.http.JsonHttpResponseCodec.reconstructValue(JsonHttpResponseCodec.java:40)
at org.openqa.selenium.remote.http.AbstractHttpResponseCodec.decode(AbstractHttpResponseCodec.java:80)
at org.openqa.selenium.remote.http.AbstractHttpResponseCodec.decode(AbstractHttpResponseCodec.java:44)
at org.openqa.selenium.remote.HttpCommandExecutor.execute(HttpCommandExecutor.java:158)
at io.appium.java_client.remote.AppiumCommandExecutor.execute(AppiumCommandExecutor.java:250)
at org.openqa.selenium.remote.RemoteWebDriver.execute(RemoteWebDriver.java:552)
at io.appium.java_client.DefaultGenericMobileDriver.execute(DefaultGenericMobileDriver.java:41)
at io.appium.java_client.AppiumDriver.execute(AppiumDriver.java:1)
at io.appium.java_client.windows.WindowsDriver.execute(WindowsDriver.java:1)
at org.openqa.selenium.remote.RemoteWebDriver.findElement(RemoteWebDriver.java:323)
at io.appium.java_client.DefaultGenericMobileDriver.findElement(DefaultGenericMobileDriver.java:61)
at io.appium.java_client.AppiumDriver.findElement(AppiumDriver.java:1)
at io.appium.java_client.windows.WindowsDriver.findElement(WindowsDriver.java:1)
at org.openqa.selenium.remote.RemoteWebDriver.findElementByXPath(RemoteWebDriver.java:428)
at io.appium.java_client.DefaultGenericMobileDriver.findElementByXPath(DefaultGenericMobileDriver.java:151)
at io.appium.java_client.AppiumDriver.findElementByXPath(AppiumDriver.java:1)
at io.appium.java_client.windows.WindowsDriver.findElementByXPath(WindowsDriver.java:1)
at org.openqa.selenium.By$ByXPath.findElement(By.java:353)
at org.openqa.selenium.remote.RemoteWebDriver.findElement(RemoteWebDriver.java:315)
at io.appium.java_client.DefaultGenericMobileDriver.findElement(DefaultGenericMobileDriver.java:57)
at io.appium.java_client.AppiumDriver.findElement(AppiumDriver.java:1)
at io.appium.java_client.windows.WindowsDriver.findElement(WindowsDriver.java:1)
at com.krystal.project.ReferenceSigin.Login(ReferenceSigin.java:19)
at com.krystal.project.APRCBCT.setUp1(APRCBCT.java:43)
at java.base/jdk.internal.reflect.DirectMethodHandleAccessor.invoke(DirectMethodHandleAccessor.java:104)
at java.base/java.lang.reflect.Method.invoke(Method.java:578)
at org.testng.internal.MethodInvocationHelper.invokeMethod(MethodInvocationHelper.java:133)
at org.testng.internal.MethodInvocationHelper.invokeMethodConsideringTimeout(MethodInvocationHelper.java:62)
at org.testng.internal.ConfigInvoker.invokeConfigurationMethod(ConfigInvoker.java:385)
at org.testng.internal.ConfigInvoker.invokeConfigurations(ConfigInvoker.java:321)
at org.testng.internal.TestMethodWorker.invokeBeforeClassMethods(TestMethodWorker.java:176)
at org.testng.internal.TestMethodWorker.run(TestMethodWorker.java:122)
at java.base/java.util.ArrayList.forEach(ArrayList.java:1511)
at org.testng.TestRunner.privateRun(TestRunner.java:794)
at org.testng.TestRunner.run(TestRunner.java:596)
at org.testng.SuiteRunner.runTest(SuiteRunner.java:377)
at org.testng.SuiteRunner.runSequentially(SuiteRunner.java:371)
at org.testng.SuiteRunner.privateRun(SuiteRunner.java:332)
at org.testng.SuiteRunner.run(SuiteRunner.java:276)
at org.testng.SuiteRunnerWorker.runSuite(SuiteRunnerWorker.java:53)
at org.testng.SuiteRunnerWorker.run(SuiteRunnerWorker.java:96)
at org.testng.TestNG.runSuitesSequentially(TestNG.java:1212)
at org.testng.TestNG.runSuitesLocally(TestNG.java:1134)
at org.testng.TestNG.runSuites(TestNG.java:1063)
at org.testng.TestNG.run(TestNG.java:1031)
at org.testng.remote.AbstractRemoteTestNG.run(AbstractRemoteTestNG.java:115)
at org.testng.remote.RemoteTestNG.initAndRun(RemoteTestNG.java:251)
at org.testng.remote.RemoteTestNG.main(RemoteTestNG.java:77)
]]>
    </error>
  </testcase> <!-- setUp1 -->
  <system-out/>
  <testcase classname="com.krystal.project.APRCBCT" name="GeneralSettings" time="0.000">
    <skipped/>
  </testcase> <!-- GeneralSettings -->
  <system-out/>
  <testcase classname="com.krystal.project.APRCBCT" name="Aprcbctconfiguration" time="0.000">
    <skipped/>
  </testcase> <!-- Aprcbctconfiguration -->
  <system-out/>
  <testcase classname="com.krystal.project.APRCBCT" name="Aprcbctid" time="0.000">
    <skipped/>
  </testcase> <!-- Aprcbctid -->
  <system-out/>
  <testcase classname="com.krystal.project.APRCBCT" name="Aprsitelist" time="0.000">
    <skipped/>
  </testcase> <!-- Aprsitelist -->
  <system-out/>
  <testcase classname="com.krystal.project.APRCBCT" name="Aprpatientsize" time="0.000">
    <skipped/>
  </testcase> <!-- Aprpatientsize -->
  <system-out/>
  <testcase classname="com.krystal.project.APRCBCT" name="Patientsize" time="0.000">
    <skipped/>
  </testcase> <!-- Patientsize -->
  <system-out/>
  <testcase classname="com.krystal.project.APRCBCT" name="Paediatric" time="0.000">
    <skipped/>
  </testcase> <!-- Paediatric -->
  <system-out/>
  <testcase classname="com.krystal.project.APRCBCT" name="Small" time="0.000">
    <skipped/>
  </testcase> <!-- Small -->
  <system-out/>
  <testcase classname="com.krystal.project.APRCBCT" name="Medium" time="0.000">
    <skipped/>
  </testcase> <!-- Medium -->
  <system-out/>
  <testcase classname="com.krystal.project.APRCBCT" name="Large" time="0.000">
    <skipped/>
  </testcase> <!-- Large -->
  <system-out/>
  <testcase classname="com.krystal.project.APRCBCT" name="Aprfanselection" time="0.000">
    <skipped/>
  </testcase> <!-- Aprfanselection -->
  <system-out/>
  <testcase classname="com.krystal.project.APRCBCT" name="Fantype" time="0.000">
    <skipped/>
  </testcase> <!-- Fantype -->
  <system-out/>
  <testcase classname="com.krystal.project.APRCBCT" name="Halffan" time="0.000">
    <skipped/>
  </testcase> <!-- Halffan -->
  <system-out/>
  <testcase classname="com.krystal.project.APRCBCT" name="Fullfan" time="0.000">
    <skipped/>
  </testcase> <!-- Fullfan -->
  <system-out/>
  <testcase classname="com.krystal.project.APRCBCT" name="Nofan" time="0.000">
    <skipped/>
  </testcase> <!-- Nofan -->
  <system-out/>
  <testcase classname="com.krystal.project.APRCBCT" name="kv" time="0.000">
    <skipped/>
  </testcase> <!-- kv -->
  <system-out/>
  <testcase classname="com.krystal.project.APRCBCT" name="mA1" time="0.000">
    <skipped/>
  </testcase> <!-- mA1 -->
  <system-out/>
  <testcase classname="com.krystal.project.APRCBCT" name="ms1" time="0.000">
    <skipped/>
  </testcase> <!-- ms1 -->
  <system-out/>
  <testcase classname="com.krystal.project.APRCBCT" name="Frameratepersecond" time="0.000">
    <skipped/>
  </testcase> <!-- Frameratepersecond -->
  <system-out/>
  <testcase classname="com.krystal.project.APRCBCT" name="TubeSelection11" time="0.000">
    <skipped/>
  </testcase> <!-- TubeSelection11 -->
  <system-out/>
  <testcase classname="com.krystal.project.APRCBCT" name="Gantryspeed" time="0.000">
    <skipped/>
  </testcase> <!-- Gantryspeed -->
  <system-out/>
  <testcase classname="com.krystal.project.APRCBCT" name="Scanstartangle" time="0.000">
    <skipped/>
  </testcase> <!-- Scanstartangle -->
  <system-out/>
  <testcase classname="com.krystal.project.APRCBCT" name="Scanstopangle" time="0.000">
    <skipped/>
  </testcase> <!-- Scanstopangle -->
  <system-out/>
  <testcase classname="com.krystal.project.APRCBCT" name="Dosecgy" time="0.000">
    <skipped/>
  </testcase> <!-- Dosecgy -->
  <system-out/>
  <testcase classname="com.krystal.project.APRCBCT" name="Aprcbctlist" time="0.000">
    <skipped/>
  </testcase> <!-- Aprcbctlist -->
  <system-out/>
  <testcase classname="com.krystal.project.APRCBCT" name="Selectmachine" time="0.000">
    <skipped/>
  </testcase> <!-- Selectmachine -->
  <system-out/>
  <testcase classname="com.krystal.project.APRCBCT" name="Searchaprcbctid" time="0.000">
    <skipped/>
  </testcase> <!-- Searchaprcbctid -->
  <system-out/>
  <testcase classname="com.krystal.project.APRCBCT" name="Aprcbctid1" time="0.000">
    <skipped/>
  </testcase> <!-- Aprcbctid1 -->
  <system-out/>
  <testcase classname="com.krystal.project.APRCBCT" name="Createddate" time="0.000">
    <skipped/>
  </testcase> <!-- Createddate -->
  <system-out/>
  <testcase classname="com.krystal.project.APRCBCT" name="Modifieddate" time="0.000">
    <skipped/>
  </testcase> <!-- Modifieddate -->
  <system-out/>
  <testcase classname="com.krystal.project.APRCBCT" name="ViewApr" time="0.000">
    <skipped/>
  </testcase> <!-- ViewApr -->
  <system-out/>
  <testcase classname="com.krystal.project.APRCBCT" name="APRID" time="0.000">
    <skipped/>
  </testcase> <!-- APRID -->
  <system-out/>
  <testcase classname="com.krystal.project.APRCBCT" name="CBCT" time="0.000">
    <skipped/>
  </testcase> <!-- CBCT -->
  <system-out/>
  <testcase classname="com.krystal.project.APRCBCT" name="Slno" time="0.000">
    <skipped/>
  </testcase> <!-- Slno -->
  <system-out/>
  <testcase classname="com.krystal.project.APRCBCT" name="Site1" time="0.000">
    <skipped/>
  </testcase> <!-- Site1 -->
  <system-out/>
  <testcase classname="com.krystal.project.APRCBCT" name="Imagingtype" time="0.000">
    <skipped/>
  </testcase> <!-- Imagingtype -->
  <system-out/>
  <testcase classname="com.krystal.project.APRCBCT" name="Patientsize1" time="0.000">
    <skipped/>
  </testcase> <!-- Patientsize1 -->
  <system-out/>
  <testcase classname="com.krystal.project.APRCBCT" name="Fantype1" time="0.000">
    <skipped/>
  </testcase> <!-- Fantype1 -->
  <system-out/>
  <testcase classname="com.krystal.project.APRCBCT" name="kV" time="0.000">
    <skipped/>
  </testcase> <!-- kV -->
  <system-out/>
  <testcase classname="com.krystal.project.APRCBCT" name="ma" time="0.000">
    <skipped/>
  </testcase> <!-- ma -->
  <system-out/>
  <testcase classname="com.krystal.project.APRCBCT" name="ms2" time="0.000">
    <skipped/>
  </testcase> <!-- ms2 -->
  <system-out/>
  <testcase classname="com.krystal.project.APRCBCT" name="Dose1" time="0.000">
    <skipped/>
  </testcase> <!-- Dose1 -->
  <system-out/>
  <testcase classname="com.krystal.project.APRCBCT" name="FrameRate1" time="0.000">
    <skipped/>
  </testcase> <!-- FrameRate1 -->
  <system-out/>
  <testcase classname="com.krystal.project.APRCBCT" name="Tube" time="0.000">
    <skipped/>
  </testcase> <!-- Tube -->
  <system-out/>
  <testcase classname="com.krystal.project.APRCBCT" name="Gantryspeed1" time="0.000">
    <skipped/>
  </testcase> <!-- Gantryspeed1 -->
  <system-out/>
  <testcase classname="com.krystal.project.APRCBCT" name="Scan" time="0.000">
    <skipped/>
  </testcase> <!-- Scan -->
  <system-out/>
  <testcase classname="com.krystal.project.APRCBCT" name="Scanstopangle1" time="0.000">
    <skipped/>
  </testcase> <!-- Scanstopangle1 -->
  <system-out/>
  <testcase classname="com.krystal.project.APRCBCT" name="databaseconnectionemptycheck" time="0.000">
    <skipped/>
  </testcase> <!-- databaseconnectionemptycheck -->
  <system-out/>
  <testcase classname="com.krystal.project.APRCBCT" name="APRSmall" time="0.000">
    <skipped/>
  </testcase> <!-- APRSmall -->
  <system-out/>
  <testcase classname="com.krystal.project.APRCBCT" name="databaseconnectionExceution" time="0.000">
    <skipped/>
  </testcase> <!-- databaseconnectionExceution -->
  <system-out/>
  <testcase classname="com.krystal.project.APRCBCT" name="View" time="0.000">
    <skipped/>
  </testcase> <!-- View -->
  <system-out/>
  <testcase classname="com.krystal.project.APRCBCT" name="SlNo" time="0.000">
    <skipped/>
  </testcase> <!-- SlNo -->
  <system-out/>
  <testcase classname="com.krystal.project.APRCBCT" name="Site11" time="0.000">
    <skipped/>
  </testcase> <!-- Site11 -->
  <system-out/>
  <testcase classname="com.krystal.project.APRCBCT" name="ImagingType" time="0.000">
    <skipped/>
  </testcase> <!-- ImagingType -->
  <system-out/>
  <testcase classname="com.krystal.project.APRCBCT" name="PatientSize1" time="0.000">
    <skipped/>
  </testcase> <!-- PatientSize1 -->
  <system-out/>
  <testcase classname="com.krystal.project.APRCBCT" name="kv1" time="0.000">
    <skipped/>
  </testcase> <!-- kv1 -->
  <system-out/>
  <testcase classname="com.krystal.project.APRCBCT" name="mA11" time="0.000">
    <skipped/>
  </testcase> <!-- mA11 -->
  <system-out/>
  <testcase classname="com.krystal.project.APRCBCT" name="ms11" time="0.000">
    <skipped/>
  </testcase> <!-- ms11 -->
  <system-out/>
  <testcase classname="com.krystal.project.APRCBCT" name="Dose" time="0.000">
    <skipped/>
  </testcase> <!-- Dose -->
  <system-out/>
  <testcase classname="com.krystal.project.APRCBCT" name="FanType" time="0.000">
    <skipped/>
  </testcase> <!-- FanType -->
  <system-out/>
  <testcase classname="com.krystal.project.APRCBCT" name="FrameRate" time="0.000">
    <skipped/>
  </testcase> <!-- FrameRate -->
  <system-out/>
  <testcase classname="com.krystal.project.APRCBCT" name="TubeSelection1" time="0.000">
    <skipped/>
  </testcase> <!-- TubeSelection1 -->
  <system-out/>
  <testcase classname="com.krystal.project.APRCBCT" name="GantrySpeedView" time="0.000">
    <skipped/>
  </testcase> <!-- GantrySpeedView -->
  <system-out/>
  <testcase classname="com.krystal.project.APRCBCT" name="ScanStartAngleView" time="0.000">
    <skipped/>
  </testcase> <!-- ScanStartAngleView -->
  <system-out/>
  <testcase classname="com.krystal.project.APRCBCT" name="ScanStopAngleView" time="0.000">
    <skipped/>
  </testcase> <!-- ScanStopAngleView -->
  <system-out/>
  <testcase classname="com.krystal.project.APRCBCT" name="Doseindication" time="0.000">
    <skipped/>
  </testcase> <!-- Doseindication -->
  <system-out/>
  <testcase classname="com.krystal.project.APRCBCT" name="frameindication" time="0.000">
    <skipped/>
  </testcase> <!-- frameindication -->
  <system-out/>
  <testcase classname="com.krystal.project.APRCBCT" name="startindication" time="0.000">
    <skipped/>
  </testcase> <!-- startindication -->
  <system-out/>
  <testcase classname="com.krystal.project.APRCBCT" name="stopindication" time="0.000">
    <skipped/>
  </testcase> <!-- stopindication -->
  <system-out/>
  <testcase classname="com.krystal.project.APRCBCT" name="viewdataget1" time="0.000">
    <skipped/>
  </testcase> <!-- viewdataget1 -->
  <system-out/>
  <testcase classname="com.krystal.project.APRCBCT" name="search" time="0.000">
    <skipped/>
  </testcase> <!-- search -->
  <system-out/>
  <testcase classname="com.krystal.project.APRCBCT" name="APRtestboxadd" time="0.000">
    <skipped/>
  </testcase> <!-- APRtestboxadd -->
  <system-out/>
  <testcase classname="com.krystal.project.APRCBCT" name="APRtestboxrefersh" time="0.000">
    <skipped/>
  </testcase> <!-- APRtestboxrefersh -->
  <system-out/>
  <testcase classname="com.krystal.project.APRCBCT" name="delete" time="0.000">
    <skipped/>
  </testcase> <!-- delete -->
  <system-out/>
  <testcase classname="com.krystal.project.APRCBCT" name="databaseconnectiondeleted" time="0.000">
    <skipped/>
  </testcase> <!-- databaseconnectiondeleted -->
  <system-out/>
  <testcase classname="com.krystal.project.APRCBCT" name="GantrySpeed" time="0.000">
    <skipped/>
  </testcase> <!-- GantrySpeed -->
  <system-out/>
  <testcase classname="com.krystal.project.APRCBCT" name="invalidgantrydata" time="0.000">
    <skipped/>
  </testcase> <!-- invalidgantrydata -->
  <system-out/>
  <testcase classname="com.krystal.project.APRCBCT" name="ScanStartAngle" time="0.000">
    <skipped/>
  </testcase> <!-- ScanStartAngle -->
  <system-out/>
  <testcase classname="com.krystal.project.APRCBCT" name="invalidscanstartdata" time="0.000">
    <skipped/>
  </testcase> <!-- invalidscanstartdata -->
  <system-out/>
  <testcase classname="com.krystal.project.APRCBCT" name="ScanStopAngle" time="0.000">
    <skipped/>
  </testcase> <!-- ScanStopAngle -->
  <system-out/>
  <testcase classname="com.krystal.project.APRCBCT" name="invalidscanstopdata" time="0.000">
    <skipped/>
  </testcase> <!-- invalidscanstopdata -->
  <system-out/>
  <testcase classname="com.krystal.project.APRCBCT" name="startandstopsame" time="0.000">
    <skipped/>
  </testcase> <!-- startandstopsame -->
  <system-out/>
  <testcase classname="com.krystal.project.APRCBCT" name="startandstopgreater" time="0.000">
    <skipped/>
  </testcase> <!-- startandstopgreater -->
  <system-out/>
  <testcase classname="com.krystal.project.APRCBCT" name="aprccbctdata" time="0.000">
    <skipped/>
  </testcase> <!-- aprccbctdata -->
  <system-out/>
  <testcase classname="com.krystal.project.APRCBCT" name="APRlarge" time="0.000">
    <skipped/>
  </testcase> <!-- APRlarge -->
  <system-out/>
  <testcase classname="com.krystal.project.APRCBCT" name="copy" time="0.000">
    <skipped/>
  </testcase> <!-- copy -->
  <system-out/>
  <testcase classname="com.krystal.project.APRCBCT" name="Edit" time="0.000">
    <skipped/>
  </testcase> <!-- Edit -->
  <system-out/>
  <testcase classname="com.krystal.project.APRCBCT" name="databaseconnectionEdit" time="0.000">
    <skipped/>
  </testcase> <!-- databaseconnectionEdit -->
  <system-out/>
</testsuite> <!-- com.krystal.project.APRCBCT -->
