<?xml version="1.0" encoding="UTF-8"?>
<!-- Generated by org.testng.reporters.JUnitReportReporter -->
<testsuite hostname="IT-00328-CPU" failures="0" tests="40" name="com.krystal.project.MachineQA" time="85.562" errors="2" timestamp="2023-12-02T14:35:22 IST" skipped="0">
  <testcase classname="com.krystal.project.MachineQA" name="launch" time="19.440"/>
  <system-out/>
  <testcase classname="com.krystal.project.MachineQA" name="Machineqa" time="0.361"/>
  <system-out/>
  <testcase classname="com.krystal.project.MachineQA" name="planName" time="0.328"/>
  <system-out/>
  <testcase classname="com.krystal.project.MachineQA" name="planID" time="0.360"/>
  <system-out/>
  <testcase classname="com.krystal.project.MachineQA" name="Import" time="0.224"/>
  <system-out/>
  <testcase classname="com.krystal.project.MachineQA" name="Importclick" time="0.943"/>
  <system-out/>
  <testcase classname="com.krystal.project.MachineQA" name="Selecttolerancelabel" time="0.192"/>
  <system-out/>
  <testcase classname="com.krystal.project.MachineQA" name="Tolerancetablelabel" time="0.196"/>
  <system-out/>
  <testcase classname="com.krystal.project.MachineQA" name="Tolerancetablenumber" time="0.206"/>
  <system-out/>
  <testcase classname="com.krystal.project.MachineQA" name="Attributes" time="0.212"/>
  <system-out/>
  <testcase classname="com.krystal.project.MachineQA" name="Tolerances" time="0.213"/>
  <system-out/>
  <testcase classname="com.krystal.project.MachineQA" name="Gantryangle" time="0.216"/>
  <system-out/>
  <testcase classname="com.krystal.project.MachineQA" name="Beamlimitingdeviceangle" time="0.223"/>
  <system-out/>
  <testcase classname="com.krystal.project.MachineQA" name="Beamlimitingdevicepositionasymx" time="0.232"/>
  <system-out/>
  <testcase classname="com.krystal.project.MachineQA" name="Beamlimitingdevicepositionasymy" time="0.253"/>
  <system-out/>
  <testcase classname="com.krystal.project.MachineQA" name="Beamlimitingdevicepositionmlcx" time="0.244"/>
  <system-out/>
  <testcase classname="com.krystal.project.MachineQA" name="Beamlimitingdevicepositionmlcy" time="0.251"/>
  <system-out/>
  <testcase classname="com.krystal.project.MachineQA" name="Patientsupportangle" time="0.258"/>
  <system-out/>
  <testcase classname="com.krystal.project.MachineQA" name="Tabletoplongitudinalposition" time="0.290"/>
  <system-out/>
  <testcase classname="com.krystal.project.MachineQA" name="Tabletoplateralposition" time="0.278"/>
  <system-out/>
  <testcase classname="com.krystal.project.MachineQA" name="Tabletopverticalposition" time="0.276"/>
  <system-out/>
  <testcase classname="com.krystal.project.MachineQA" name="Tabletoppitchangle" time="0.282"/>
  <system-out/>
  <testcase classname="com.krystal.project.MachineQA" name="Tabletoprollangle" time="0.291"/>
  <system-out/>
  <testcase classname="com.krystal.project.MachineQA" name="Confirm" time="0.324"/>
  <system-out/>
  <testcase classname="com.krystal.project.MachineQA" name="Close" time="0.274"/>
  <system-out/>
  <testcase classname="com.krystal.project.MachineQA" name="Description" time="0.318"/>
  <system-out/>
  <testcase classname="com.krystal.project.MachineQA" name="InValid" time="22.111"/>
  <system-out/>
  <testcase classname="com.krystal.project.MachineQA" name="Validtionreport" time="0.207"/>
  <system-out/>
  <testcase classname="com.krystal.project.MachineQA" name="Validtionreportmismatch" time="0.212"/>
  <system-out/>
  <testcase classname="com.krystal.project.MachineQA" name="ValidtionslNo" time="0.465"/>
  <system-out/>
  <testcase classname="com.krystal.project.MachineQA" name="ValidtionTagNo" time="0.485"/>
  <system-out/>
  <testcase classname="com.krystal.project.MachineQA" name="ValidtionTagName" time="0.458"/>
  <system-out/>
  <testcase classname="com.krystal.project.MachineQA" name="ValidtionExcepted" time="0.461"/>
  <system-out/>
  <testcase classname="com.krystal.project.MachineQA" name="ValidtionActual" time="0.464"/>
  <system-out/>
  <testcase classname="com.krystal.project.MachineQA" name="ValidationClose" time="0.244"/>
  <system-out/>
  <testcase classname="com.krystal.project.MachineQA" name="ValidationClick" time="0.288"/>
  <system-out/>
  <testcase classname="com.krystal.project.MachineQA" name="Valid" time="20.237"/>
  <system-out/>
  <testcase classname="com.krystal.project.MachineQA" name="Planalreadyexits" time="7.217">
    <error message="An element command failed because the referenced element is no longer attached to the DOM. (WARNING: The server did not provide any stacktrace information)
Command duration or timeout: 0 milliseconds
For documentation on this error, please visit: https://www.seleniumhq.org/exceptions/stale_element_reference.html
Build info: version: &#039;3.141.59&#039;, revision: &#039;e82be7d358&#039;, time: &#039;2018-11-14T08:17:03&#039;
System info: host: &#039;IT-00328-CPU&#039;, ip: &#039;192.168.11.18&#039;, os.name: &#039;Windows 10&#039;, os.arch: &#039;amd64&#039;, os.version: &#039;10.0&#039;, java.version: &#039;20&#039;
Driver info: io.appium.java_client.windows.WindowsDriver
Capabilities {app: C:\Program Files\Panacea Me..., javascriptEnabled: true, platform: WINDOWS, platformName: Windows}
Session ID: 154055D6-20B4-431F-9ECB-4C09CB2AC572" type="org.openqa.selenium.StaleElementReferenceException">
      <![CDATA[org.openqa.selenium.StaleElementReferenceException: An element command failed because the referenced element is no longer attached to the DOM. (WARNING: The server did not provide any stacktrace information)
Command duration or timeout: 0 milliseconds
For documentation on this error, please visit: https://www.seleniumhq.org/exceptions/stale_element_reference.html
Build info: version: '3.141.59', revision: 'e82be7d358', time: '2018-11-14T08:17:03'
System info: host: 'IT-00328-CPU', ip: '192.168.11.18', os.name: 'Windows 10', os.arch: 'amd64', os.version: '10.0', java.version: '20'
Driver info: io.appium.java_client.windows.WindowsDriver
Capabilities {app: C:\Program Files\Panacea Me..., javascriptEnabled: true, platform: WINDOWS, platformName: Windows}
Session ID: 154055D6-20B4-431F-9ECB-4C09CB2AC572
at java.base/jdk.internal.reflect.DirectConstructorHandleAccessor.newInstance(DirectConstructorHandleAccessor.java:67)
at java.base/java.lang.reflect.Constructor.newInstanceWithCaller(Constructor.java:500)
at java.base/java.lang.reflect.Constructor.newInstance(Constructor.java:484)
at org.openqa.selenium.remote.ErrorHandler.createThrowable(ErrorHandler.java:214)
at org.openqa.selenium.remote.ErrorHandler.throwIfResponseFailed(ErrorHandler.java:166)
at org.openqa.selenium.remote.http.JsonHttpResponseCodec.reconstructValue(JsonHttpResponseCodec.java:40)
at org.openqa.selenium.remote.http.AbstractHttpResponseCodec.decode(AbstractHttpResponseCodec.java:80)
at org.openqa.selenium.remote.http.AbstractHttpResponseCodec.decode(AbstractHttpResponseCodec.java:44)
at org.openqa.selenium.remote.HttpCommandExecutor.execute(HttpCommandExecutor.java:158)
at io.appium.java_client.remote.AppiumCommandExecutor.execute(AppiumCommandExecutor.java:250)
at org.openqa.selenium.remote.RemoteWebDriver.execute(RemoteWebDriver.java:552)
at io.appium.java_client.DefaultGenericMobileDriver.execute(DefaultGenericMobileDriver.java:41)
at io.appium.java_client.AppiumDriver.execute(AppiumDriver.java:1)
at io.appium.java_client.windows.WindowsDriver.execute(WindowsDriver.java:1)
at org.openqa.selenium.remote.RemoteExecuteMethod.execute(RemoteExecuteMethod.java:35)
at org.openqa.selenium.remote.RemoteMouse.mouseMove(RemoteMouse.java:89)
at org.openqa.selenium.interactions.MoveMouseAction.perform(MoveMouseAction.java:42)
at org.openqa.selenium.interactions.CompositeAction.perform(CompositeAction.java:34)
at org.openqa.selenium.interactions.Actions$BuiltAction.perform(Actions.java:642)
at org.openqa.selenium.interactions.Actions.perform(Actions.java:595)
at com.krystal.project.MachineQA.Confrimclick(MachineQA.java:390)
at com.krystal.project.MachineQA.Planalreadyexits(MachineQA.java:354)
at java.base/jdk.internal.reflect.DirectMethodHandleAccessor.invoke(DirectMethodHandleAccessor.java:104)
at java.base/java.lang.reflect.Method.invoke(Method.java:578)
at org.testng.internal.MethodInvocationHelper.invokeMethod(MethodInvocationHelper.java:133)
at org.testng.internal.TestInvoker.invokeMethod(TestInvoker.java:598)
at org.testng.internal.TestInvoker.invokeTestMethod(TestInvoker.java:173)
at org.testng.internal.MethodRunner.runInSequence(MethodRunner.java:46)
at org.testng.internal.TestInvoker$MethodInvocationAgent.invoke(TestInvoker.java:824)
at org.testng.internal.TestInvoker.invokeTestMethods(TestInvoker.java:146)
at org.testng.internal.TestMethodWorker.invokeTestMethods(TestMethodWorker.java:146)
at org.testng.internal.TestMethodWorker.run(TestMethodWorker.java:128)
at java.base/java.util.ArrayList.forEach(ArrayList.java:1511)
at org.testng.TestRunner.privateRun(TestRunner.java:794)
at org.testng.TestRunner.run(TestRunner.java:596)
at org.testng.SuiteRunner.runTest(SuiteRunner.java:377)
at org.testng.SuiteRunner.runSequentially(SuiteRunner.java:371)
at org.testng.SuiteRunner.privateRun(SuiteRunner.java:332)
at org.testng.SuiteRunner.run(SuiteRunner.java:276)
at org.testng.SuiteRunnerWorker.runSuite(SuiteRunnerWorker.java:53)
at org.testng.SuiteRunnerWorker.run(SuiteRunnerWorker.java:96)
at org.testng.TestNG.runSuitesSequentially(TestNG.java:1212)
at org.testng.TestNG.runSuitesLocally(TestNG.java:1134)
at org.testng.TestNG.runSuites(TestNG.java:1063)
at org.testng.TestNG.run(TestNG.java:1031)
at org.testng.remote.AbstractRemoteTestNG.run(AbstractRemoteTestNG.java:115)
at org.testng.remote.RemoteTestNG.initAndRun(RemoteTestNG.java:251)
at org.testng.remote.RemoteTestNG.main(RemoteTestNG.java:77)
]]>
    </error>
  </testcase> <!-- Planalreadyexits -->
  <system-out/>
  <testcase classname="com.krystal.project.MachineQA" name="Plandelete" time="4.647"/>
  <system-out/>
  <testcase classname="com.krystal.project.MachineQA" name="DeletedPlanimport" time="1.381">
    <error message="An element command could not be completed because the element is not pointer- or keyboard interactable. (WARNING: The server did not provide any stacktrace information)
Command duration or timeout: 0 milliseconds
Build info: version: &#039;3.141.59&#039;, revision: &#039;e82be7d358&#039;, time: &#039;2018-11-14T08:17:03&#039;
System info: host: &#039;IT-00328-CPU&#039;, ip: &#039;192.168.11.18&#039;, os.name: &#039;Windows 10&#039;, os.arch: &#039;amd64&#039;, os.version: &#039;10.0&#039;, java.version: &#039;20&#039;
Driver info: io.appium.java_client.windows.WindowsDriver
Capabilities {app: C:\Program Files\Panacea Me..., javascriptEnabled: true, platform: WINDOWS, platformName: Windows}
Session ID: 154055D6-20B4-431F-9ECB-4C09CB2AC572" type="org.openqa.selenium.WebDriverException">
      <![CDATA[org.openqa.selenium.WebDriverException: An element command could not be completed because the element is not pointer- or keyboard interactable. (WARNING: The server did not provide any stacktrace information)
Command duration or timeout: 0 milliseconds
Build info: version: '3.141.59', revision: 'e82be7d358', time: '2018-11-14T08:17:03'
System info: host: 'IT-00328-CPU', ip: '192.168.11.18', os.name: 'Windows 10', os.arch: 'amd64', os.version: '10.0', java.version: '20'
Driver info: io.appium.java_client.windows.WindowsDriver
Capabilities {app: C:\Program Files\Panacea Me..., javascriptEnabled: true, platform: WINDOWS, platformName: Windows}
Session ID: 154055D6-20B4-431F-9ECB-4C09CB2AC572
at java.base/jdk.internal.reflect.DirectConstructorHandleAccessor.newInstance(DirectConstructorHandleAccessor.java:67)
at java.base/java.lang.reflect.Constructor.newInstanceWithCaller(Constructor.java:500)
at java.base/java.lang.reflect.Constructor.newInstance(Constructor.java:484)
at org.openqa.selenium.remote.ErrorHandler.createThrowable(ErrorHandler.java:214)
at org.openqa.selenium.remote.ErrorHandler.throwIfResponseFailed(ErrorHandler.java:166)
at org.openqa.selenium.remote.http.JsonHttpResponseCodec.reconstructValue(JsonHttpResponseCodec.java:40)
at org.openqa.selenium.remote.http.AbstractHttpResponseCodec.decode(AbstractHttpResponseCodec.java:80)
at org.openqa.selenium.remote.http.AbstractHttpResponseCodec.decode(AbstractHttpResponseCodec.java:44)
at org.openqa.selenium.remote.HttpCommandExecutor.execute(HttpCommandExecutor.java:158)
at io.appium.java_client.remote.AppiumCommandExecutor.execute(AppiumCommandExecutor.java:250)
at org.openqa.selenium.remote.RemoteWebDriver.execute(RemoteWebDriver.java:552)
at io.appium.java_client.DefaultGenericMobileDriver.execute(DefaultGenericMobileDriver.java:41)
at io.appium.java_client.AppiumDriver.execute(AppiumDriver.java:1)
at io.appium.java_client.windows.WindowsDriver.execute(WindowsDriver.java:1)
at org.openqa.selenium.remote.RemoteWebElement.execute(RemoteWebElement.java:285)
at io.appium.java_client.DefaultGenericMobileElement.execute(DefaultGenericMobileElement.java:45)
at io.appium.java_client.MobileElement.execute(MobileElement.java:1)
at io.appium.java_client.windows.WindowsElement.execute(WindowsElement.java:1)
at org.openqa.selenium.remote.RemoteWebElement.click(RemoteWebElement.java:84)
at com.krystal.project.MachineQA.Confrimclick(MachineQA.java:378)
at com.krystal.project.MachineQA.DeletedPlanimport(MachineQA.java:372)
at java.base/jdk.internal.reflect.DirectMethodHandleAccessor.invoke(DirectMethodHandleAccessor.java:104)
at java.base/java.lang.reflect.Method.invoke(Method.java:578)
at org.testng.internal.MethodInvocationHelper.invokeMethod(MethodInvocationHelper.java:133)
at org.testng.internal.TestInvoker.invokeMethod(TestInvoker.java:598)
at org.testng.internal.TestInvoker.invokeTestMethod(TestInvoker.java:173)
at org.testng.internal.MethodRunner.runInSequence(MethodRunner.java:46)
at org.testng.internal.TestInvoker$MethodInvocationAgent.invoke(TestInvoker.java:824)
at org.testng.internal.TestInvoker.invokeTestMethods(TestInvoker.java:146)
at org.testng.internal.TestMethodWorker.invokeTestMethods(TestMethodWorker.java:146)
at org.testng.internal.TestMethodWorker.run(TestMethodWorker.java:128)
at java.base/java.util.ArrayList.forEach(ArrayList.java:1511)
at org.testng.TestRunner.privateRun(TestRunner.java:794)
at org.testng.TestRunner.run(TestRunner.java:596)
at org.testng.SuiteRunner.runTest(SuiteRunner.java:377)
at org.testng.SuiteRunner.runSequentially(SuiteRunner.java:371)
at org.testng.SuiteRunner.privateRun(SuiteRunner.java:332)
at org.testng.SuiteRunner.run(SuiteRunner.java:276)
at org.testng.SuiteRunnerWorker.runSuite(SuiteRunnerWorker.java:53)
at org.testng.SuiteRunnerWorker.run(SuiteRunnerWorker.java:96)
at org.testng.TestNG.runSuitesSequentially(TestNG.java:1212)
at org.testng.TestNG.runSuitesLocally(TestNG.java:1134)
at org.testng.TestNG.runSuites(TestNG.java:1063)
at org.testng.TestNG.run(TestNG.java:1031)
at org.testng.remote.AbstractRemoteTestNG.run(AbstractRemoteTestNG.java:115)
at org.testng.remote.RemoteTestNG.initAndRun(RemoteTestNG.java:251)
at org.testng.remote.RemoteTestNG.main(RemoteTestNG.java:77)
]]>
    </error>
  </testcase> <!-- DeletedPlanimport -->
  <system-out/>
</testsuite> <!-- com.krystal.project.MachineQA -->
