<?xml version="1.0" encoding="UTF-8"?>
<!-- Generated by org.testng.reporters.JUnitReportReporter -->
<testsuite hostname="IT-00328-CPU" failures="0" tests="41" name="com.krystal.project.Login" time="180.180" errors="0" timestamp="2023-12-21T09:15:30 IST" skipped="0">
  <testcase classname="com.krystal.project.Login" name="Launch" time="0.075"/>
  <system-out/>
  <testcase classname="com.krystal.project.Login" name="ToverifySigninproductlogo" time="2.092"/>
  <system-out/>
  <testcase classname="com.krystal.project.Login" name="ToverifySigninproductImage" time="2.528"/>
  <system-out/>
  <testcase classname="com.krystal.project.Login" name="ToverifyProductnamelabel" time="4.313"/>
  <system-out/>
  <testcase classname="com.krystal.project.Login" name="ToverifyOfflineRnVlabel" time="0.428"/>
  <system-out/>
  <testcase classname="com.krystal.project.Login" name="ToverifySigninlabel" time="2.536"/>
  <system-out/>
  <testcase classname="com.krystal.project.Login" name="ToverifyUserNamelabel" time="0.651"/>
  <system-out/>
  <testcase classname="com.krystal.project.Login" name="ToverifyPasswordlabel" time="0.571"/>
  <system-out/>
  <testcase classname="com.krystal.project.Login" name="ToverifySigninButtonlabel" time="2.281"/>
  <system-out/>
  <testcase classname="com.krystal.project.Login" name="ToverifyClearButtonlabel" time="0.341"/>
  <system-out/>
  <testcase classname="com.krystal.project.Login" name="ToverifyNoticelabel" time="0.362"/>
  <system-out/>
  <testcase classname="com.krystal.project.Login" name="ToverifyNoticeDescriptionlabel" time="0.670"/>
  <system-out/>
  <testcase classname="com.krystal.project.Login" name="ToverifyLicensedlabel" time="0.401"/>
  <system-out/>
  <testcase classname="com.krystal.project.Login" name="ToverifyHospitallabel" time="0.741"/>
  <system-out/>
  <testcase classname="com.krystal.project.Login" name="ToverifyHelplabel" time="0.414"/>
  <system-out/>
  <testcase classname="com.krystal.project.Login" name="ToverifyExitlabel" time="0.427"/>
  <system-out/>
  <testcase classname="com.krystal.project.Login" name="ToverifySoftwareVersionlabel" time="2.464"/>
  <system-out/>
  <testcase classname="com.krystal.project.Login" name="ToverifyVesrionNumberlabel" time="0.446"/>
  <system-out/>
  <testcase classname="com.krystal.project.Login" name="ToverifyCopyrightlabel" time="0.475"/>
  <system-out/>
  <testcase classname="com.krystal.project.Login" name="Helpclick" time="2.568"/>
  <system-out/>
  <testcase classname="com.krystal.project.Login" name="HelpContact" time="0.537"/>
  <system-out/>
  <testcase classname="com.krystal.project.Login" name="HelpRegional" time="2.538"/>
  <system-out/>
  <testcase classname="com.krystal.project.Login" name="HelpService" time="5.486"/>
  <system-out/>
  <testcase classname="com.krystal.project.Login" name="HelpSCN" time="3.443"/>
  <system-out/>
  <testcase classname="com.krystal.project.Login" name="HelpEmail" time="0.582"/>
  <system-out/>
  <testcase classname="com.krystal.project.Login" name="HelpHeadoffice" time="2.614"/>
  <system-out/>
  <testcase classname="com.krystal.project.Login" name="HelpRCN" time="3.442"/>
  <system-out/>
  <testcase classname="com.krystal.project.Login" name="HelpEmailID" time="0.571"/>
  <system-out/>
  <testcase classname="com.krystal.project.Login" name="HelpClose" time="0.380"/>
  <system-out/>
  <testcase classname="com.krystal.project.Login" name="Helpbutton" time="8.274"/>
  <system-out/>
  <testcase classname="com.krystal.project.Login" name="close" time="1.886"/>
  <system-out/>
  <testcase classname="com.krystal.project.Login" name="defaultbuttonenable" time="2.305"/>
  <system-out/>
  <testcase classname="com.krystal.project.Login" name="Signinempty" time="5.799"/>
  <system-out/>
  <testcase classname="com.krystal.project.Login" name="Useridempty" time="8.894"/>
  <system-out/>
  <testcase classname="com.krystal.project.Login" name="Passwordempty" time="8.294"/>
  <system-out/>
  <testcase classname="com.krystal.project.Login" name="ValidUserId" time="13.093"/>
  <system-out/>
  <testcase classname="com.krystal.project.Login" name="ValidPassword" time="13.101"/>
  <system-out/>
  <testcase classname="com.krystal.project.Login" name="InvalidUserPassword" time="16.842"/>
  <system-out/>
  <testcase classname="com.krystal.project.Login" name="InvalidBothUserIdandPassword" time="17.391"/>
  <system-out/>
  <testcase classname="com.krystal.project.Login" name="Eyeiconshow" time="13.863"/>
  <system-out/>
  <testcase classname="com.krystal.project.Login" name="SignoutLogin" time="26.061"/>
  <system-out/>
</testsuite> <!-- com.krystal.project.Login -->
