<?xml version="1.0" encoding="UTF-8"?>
<!-- Generated by org.testng.reporters.JUnitReportReporter -->
<testsuite hostname="IT-00328-CPU" failures="0" tests="86" name="com.krystal.project.FieldConfigurationMLC" time="1191.472" errors="2" timestamp="2023-11-23T12:52:15 IST" skipped="0">
  <testcase classname="com.krystal.project.FieldConfigurationMLC" name="ValidFieldname" time="11.866"/>
  <system-out/>
  <testcase classname="com.krystal.project.FieldConfigurationMLC" name="ValidFieldname" time="14.922"/>
  <system-out/>
  <testcase classname="com.krystal.project.FieldConfigurationMLC" name="ValidFieldname" time="15.364"/>
  <system-out/>
  <testcase classname="com.krystal.project.FieldConfigurationMLC" name="ValidFieldname" time="12.292"/>
  <system-out/>
  <testcase classname="com.krystal.project.FieldConfigurationMLC" name="ValidFieldname" time="14.686"/>
  <system-out/>
  <testcase classname="com.krystal.project.FieldConfigurationMLC" name="ValidFieldname" time="14.999"/>
  <system-out/>
  <testcase classname="com.krystal.project.FieldConfigurationMLC" name="ValidFieldname" time="14.819"/>
  <system-out/>
  <testcase classname="com.krystal.project.FieldConfigurationMLC" name="ValidFieldname" time="14.921"/>
  <system-out/>
  <testcase classname="com.krystal.project.FieldConfigurationMLC" name="ValidFieldname" time="12.320"/>
  <system-out/>
  <testcase classname="com.krystal.project.FieldConfigurationMLC" name="ValidFieldname" time="14.903"/>
  <system-out/>
  <testcase classname="com.krystal.project.FieldConfigurationMLC" name="ValidFieldname" time="12.000"/>
  <system-out/>
  <testcase classname="com.krystal.project.FieldConfigurationMLC" name="ValidFieldname" time="14.232"/>
  <system-out/>
  <testcase classname="com.krystal.project.FieldConfigurationMLC" name="ValidFieldname" time="14.281"/>
  <system-out/>
  <testcase classname="com.krystal.project.FieldConfigurationMLC" name="ValidFieldname" time="11.798"/>
  <system-out/>
  <testcase classname="com.krystal.project.FieldConfigurationMLC" name="ValidFieldname" time="14.681"/>
  <system-out/>
  <testcase classname="com.krystal.project.FieldConfigurationMLC" name="Additionalsearch" time="81.224"/>
  <system-out/>
  <testcase classname="com.krystal.project.FieldConfigurationMLC" name="Validsym" time="15.387"/>
  <system-out/>
  <testcase classname="com.krystal.project.FieldConfigurationMLC" name="Validsym" time="15.593"/>
  <system-out/>
  <testcase classname="com.krystal.project.FieldConfigurationMLC" name="Validsym" time="15.389"/>
  <system-out/>
  <testcase classname="com.krystal.project.FieldConfigurationMLC" name="Validsym" time="14.696"/>
  <system-out/>
  <testcase classname="com.krystal.project.FieldConfigurationMLC" name="Validsym" time="14.280"/>
  <system-out/>
  <testcase classname="com.krystal.project.FieldConfigurationMLC" name="Validsym" time="15.545"/>
  <system-out/>
  <testcase classname="com.krystal.project.FieldConfigurationMLC" name="Validsym" time="15.384"/>
  <system-out/>
  <testcase classname="com.krystal.project.FieldConfigurationMLC" name="Validsym" time="15.349"/>
  <system-out/>
  <testcase classname="com.krystal.project.FieldConfigurationMLC" name="Validsym" time="14.551"/>
  <system-out/>
  <testcase classname="com.krystal.project.FieldConfigurationMLC" name="Validsym" time="15.317"/>
  <system-out/>
  <testcase classname="com.krystal.project.FieldConfigurationMLC" name="Validsym" time="15.593"/>
  <system-out/>
  <testcase classname="com.krystal.project.FieldConfigurationMLC" name="Validsym" time="15.471"/>
  <system-out/>
  <testcase classname="com.krystal.project.FieldConfigurationMLC" name="Validsym" time="14.340"/>
  <system-out/>
  <testcase classname="com.krystal.project.FieldConfigurationMLC" name="Validsym" time="14.217"/>
  <system-out/>
  <testcase classname="com.krystal.project.FieldConfigurationMLC" name="Validsym" time="15.332"/>
  <system-out/>
  <testcase classname="com.krystal.project.FieldConfigurationMLC" name="Validsym" time="12.014"/>
  <system-out/>
  <testcase classname="com.krystal.project.FieldConfigurationMLC" name="Validsym" time="15.481"/>
  <system-out/>
  <testcase classname="com.krystal.project.FieldConfigurationMLC" name="Validsym" time="14.585"/>
  <system-out/>
  <testcase classname="com.krystal.project.FieldConfigurationMLC" name="Validsym" time="15.598"/>
  <system-out/>
  <testcase classname="com.krystal.project.FieldConfigurationMLC" name="Validsym" time="12.318"/>
  <system-out/>
  <testcase classname="com.krystal.project.FieldConfigurationMLC" name="databasesymmetric" time="0.170">
    <error message="Index 15 out of bounds for length 15" type="java.lang.IndexOutOfBoundsException">
      <![CDATA[java.lang.IndexOutOfBoundsException: Index 15 out of bounds for length 15
at java.base/jdk.internal.util.Preconditions.outOfBounds(Preconditions.java:100)
at java.base/jdk.internal.util.Preconditions.outOfBoundsCheckIndex(Preconditions.java:106)
at java.base/jdk.internal.util.Preconditions.checkIndex(Preconditions.java:302)
at java.base/java.util.Objects.checkIndex(Objects.java:385)
at java.base/java.util.ArrayList.get(ArrayList.java:427)
at com.krystal.project.FieldConfigurationMLC.DataConfigconfig(FieldConfigurationMLC.java:116)
at com.krystal.project.FieldConfigurationMLC.databasesymmetric(FieldConfigurationMLC.java:191)
at java.base/jdk.internal.reflect.DirectMethodHandleAccessor.invoke(DirectMethodHandleAccessor.java:104)
at java.base/java.lang.reflect.Method.invoke(Method.java:578)
at org.testng.internal.MethodInvocationHelper.invokeMethod(MethodInvocationHelper.java:133)
at org.testng.internal.TestInvoker.invokeMethod(TestInvoker.java:598)
at org.testng.internal.TestInvoker.invokeTestMethod(TestInvoker.java:173)
at org.testng.internal.MethodRunner.runInSequence(MethodRunner.java:46)
at org.testng.internal.TestInvoker$MethodInvocationAgent.invoke(TestInvoker.java:824)
at org.testng.internal.TestInvoker.invokeTestMethods(TestInvoker.java:146)
at org.testng.internal.TestMethodWorker.invokeTestMethods(TestMethodWorker.java:146)
at org.testng.internal.TestMethodWorker.run(TestMethodWorker.java:128)
at java.base/java.util.ArrayList.forEach(ArrayList.java:1511)
at org.testng.TestRunner.privateRun(TestRunner.java:794)
at org.testng.TestRunner.run(TestRunner.java:596)
at org.testng.SuiteRunner.runTest(SuiteRunner.java:377)
at org.testng.SuiteRunner.runSequentially(SuiteRunner.java:371)
at org.testng.SuiteRunner.privateRun(SuiteRunner.java:332)
at org.testng.SuiteRunner.run(SuiteRunner.java:276)
at org.testng.SuiteRunnerWorker.runSuite(SuiteRunnerWorker.java:53)
at org.testng.SuiteRunnerWorker.run(SuiteRunnerWorker.java:96)
at org.testng.TestNG.runSuitesSequentially(TestNG.java:1212)
at org.testng.TestNG.runSuitesLocally(TestNG.java:1134)
at org.testng.TestNG.runSuites(TestNG.java:1063)
at org.testng.TestNG.run(TestNG.java:1031)
at org.testng.remote.AbstractRemoteTestNG.run(AbstractRemoteTestNG.java:115)
at org.testng.remote.RemoteTestNG.initAndRun(RemoteTestNG.java:251)
at org.testng.remote.RemoteTestNG.main(RemoteTestNG.java:77)
]]>
    </error>
  </testcase> <!-- databasesymmetric -->
  <system-out/>
  <testcase classname="com.krystal.project.FieldConfigurationMLC" name="InValidFieldname" time="10.260"/>
  <system-out/>
  <testcase classname="com.krystal.project.FieldConfigurationMLC" name="InValidFieldname" time="10.031"/>
  <system-out/>
  <testcase classname="com.krystal.project.FieldConfigurationMLC" name="InValidFieldname" time="10.583"/>
  <system-out/>
  <testcase classname="com.krystal.project.FieldConfigurationMLC" name="InValidFieldname" time="9.788"/>
  <system-out/>
  <testcase classname="com.krystal.project.FieldConfigurationMLC" name="InValidFieldname" time="12.001"/>
  <system-out/>
  <testcase classname="com.krystal.project.FieldConfigurationMLC" name="inValidsym" time="8.398"/>
  <system-out/>
  <testcase classname="com.krystal.project.FieldConfigurationMLC" name="inValidsym" time="8.286"/>
  <system-out/>
  <testcase classname="com.krystal.project.FieldConfigurationMLC" name="inValidsym" time="9.137"/>
  <system-out/>
  <testcase classname="com.krystal.project.FieldConfigurationMLC" name="inValidsym" time="9.415"/>
  <system-out/>
  <testcase classname="com.krystal.project.FieldConfigurationMLC" name="inValidsym" time="9.450"/>
  <system-out/>
  <testcase classname="com.krystal.project.FieldConfigurationMLC" name="inValidsym" time="11.199"/>
  <system-out/>
  <testcase classname="com.krystal.project.FieldConfigurationMLC" name="inValidsym" time="8.307"/>
  <system-out/>
  <testcase classname="com.krystal.project.FieldConfigurationMLC" name="ValidAsym" time="13.127"/>
  <system-out/>
  <testcase classname="com.krystal.project.FieldConfigurationMLC" name="ValidAsym" time="12.784"/>
  <system-out/>
  <testcase classname="com.krystal.project.FieldConfigurationMLC" name="ValidAsym" time="15.357"/>
  <system-out/>
  <testcase classname="com.krystal.project.FieldConfigurationMLC" name="ValidAsym" time="15.266"/>
  <system-out/>
  <testcase classname="com.krystal.project.FieldConfigurationMLC" name="ValidAsym" time="13.007"/>
  <system-out/>
  <testcase classname="com.krystal.project.FieldConfigurationMLC" name="ValidAsym" time="12.743"/>
  <system-out/>
  <testcase classname="com.krystal.project.FieldConfigurationMLC" name="ValidAsym" time="12.671"/>
  <system-out/>
  <testcase classname="com.krystal.project.FieldConfigurationMLC" name="ValidAsym" time="15.274"/>
  <system-out/>
  <testcase classname="com.krystal.project.FieldConfigurationMLC" name="ValidAsym" time="15.280"/>
  <system-out/>
  <testcase classname="com.krystal.project.FieldConfigurationMLC" name="ValidAsym" time="12.837"/>
  <system-out/>
  <testcase classname="com.krystal.project.FieldConfigurationMLC" name="ValidAsym" time="13.132"/>
  <system-out/>
  <testcase classname="com.krystal.project.FieldConfigurationMLC" name="ValidAsym" time="13.209"/>
  <system-out/>
  <testcase classname="com.krystal.project.FieldConfigurationMLC" name="ValidAsym" time="12.642"/>
  <system-out/>
  <testcase classname="com.krystal.project.FieldConfigurationMLC" name="ValidAsym" time="12.635"/>
  <system-out/>
  <testcase classname="com.krystal.project.FieldConfigurationMLC" name="ValidAsym" time="15.340"/>
  <system-out/>
  <testcase classname="com.krystal.project.FieldConfigurationMLC" name="ValidAsym" time="12.616"/>
  <system-out/>
  <testcase classname="com.krystal.project.FieldConfigurationMLC" name="ValidAsym" time="12.887"/>
  <system-out/>
  <testcase classname="com.krystal.project.FieldConfigurationMLC" name="ValidAsym" time="13.058"/>
  <system-out/>
  <testcase classname="com.krystal.project.FieldConfigurationMLC" name="ValidAsym" time="15.627"/>
  <system-out/>
  <testcase classname="com.krystal.project.FieldConfigurationMLC" name="ValidAsym" time="15.410"/>
  <system-out/>
  <testcase classname="com.krystal.project.FieldConfigurationMLC" name="ValidAsym" time="15.245"/>
  <system-out/>
  <testcase classname="com.krystal.project.FieldConfigurationMLC" name="ValidAsym" time="15.322"/>
  <system-out/>
  <testcase classname="com.krystal.project.FieldConfigurationMLC" name="ValidAsym" time="12.777"/>
  <system-out/>
  <testcase classname="com.krystal.project.FieldConfigurationMLC" name="databaseAssymmetric" time="0.041">
    <error message="Index 15 out of bounds for length 15" type="java.lang.IndexOutOfBoundsException">
      <![CDATA[java.lang.IndexOutOfBoundsException: Index 15 out of bounds for length 15
at java.base/jdk.internal.util.Preconditions.outOfBounds(Preconditions.java:100)
at java.base/jdk.internal.util.Preconditions.outOfBoundsCheckIndex(Preconditions.java:106)
at java.base/jdk.internal.util.Preconditions.checkIndex(Preconditions.java:302)
at java.base/java.util.Objects.checkIndex(Objects.java:385)
at java.base/java.util.ArrayList.get(ArrayList.java:427)
at com.krystal.project.FieldConfigurationMLC.DataConfigconfig(FieldConfigurationMLC.java:116)
at com.krystal.project.FieldConfigurationMLC.databaseAssymmetric(FieldConfigurationMLC.java:295)
at java.base/jdk.internal.reflect.DirectMethodHandleAccessor.invoke(DirectMethodHandleAccessor.java:104)
at java.base/java.lang.reflect.Method.invoke(Method.java:578)
at org.testng.internal.MethodInvocationHelper.invokeMethod(MethodInvocationHelper.java:133)
at org.testng.internal.TestInvoker.invokeMethod(TestInvoker.java:598)
at org.testng.internal.TestInvoker.invokeTestMethod(TestInvoker.java:173)
at org.testng.internal.MethodRunner.runInSequence(MethodRunner.java:46)
at org.testng.internal.TestInvoker$MethodInvocationAgent.invoke(TestInvoker.java:824)
at org.testng.internal.TestInvoker.invokeTestMethods(TestInvoker.java:146)
at org.testng.internal.TestMethodWorker.invokeTestMethods(TestMethodWorker.java:146)
at org.testng.internal.TestMethodWorker.run(TestMethodWorker.java:128)
at java.base/java.util.ArrayList.forEach(ArrayList.java:1511)
at org.testng.TestRunner.privateRun(TestRunner.java:794)
at org.testng.TestRunner.run(TestRunner.java:596)
at org.testng.SuiteRunner.runTest(SuiteRunner.java:377)
at org.testng.SuiteRunner.runSequentially(SuiteRunner.java:371)
at org.testng.SuiteRunner.privateRun(SuiteRunner.java:332)
at org.testng.SuiteRunner.run(SuiteRunner.java:276)
at org.testng.SuiteRunnerWorker.runSuite(SuiteRunnerWorker.java:53)
at org.testng.SuiteRunnerWorker.run(SuiteRunnerWorker.java:96)
at org.testng.TestNG.runSuitesSequentially(TestNG.java:1212)
at org.testng.TestNG.runSuitesLocally(TestNG.java:1134)
at org.testng.TestNG.runSuites(TestNG.java:1063)
at org.testng.TestNG.run(TestNG.java:1031)
at org.testng.remote.AbstractRemoteTestNG.run(AbstractRemoteTestNG.java:115)
at org.testng.remote.RemoteTestNG.initAndRun(RemoteTestNG.java:251)
at org.testng.remote.RemoteTestNG.main(RemoteTestNG.java:77)
]]>
    </error>
  </testcase> <!-- databaseAssymmetric -->
  <system-out/>
  <testcase classname="com.krystal.project.FieldConfigurationMLC" name="inValidAsymblank" time="10.462"/>
  <system-out/>
  <testcase classname="com.krystal.project.FieldConfigurationMLC" name="inValidAsymblank" time="10.273"/>
  <system-out/>
  <testcase classname="com.krystal.project.FieldConfigurationMLC" name="inValidAsymblank" time="10.248"/>
  <system-out/>
  <testcase classname="com.krystal.project.FieldConfigurationMLC" name="inValidAsymblank" time="10.340"/>
  <system-out/>
  <testcase classname="com.krystal.project.FieldConfigurationMLC" name="inValidAsymblank" time="10.331"/>
  <system-out/>
  <testcase classname="com.krystal.project.FieldConfigurationMLC" name="inValidAsym" time="15.471"/>
  <system-out/>
  <testcase classname="com.krystal.project.FieldConfigurationMLC" name="inValidAsym" time="15.275"/>
  <system-out/>
  <testcase classname="com.krystal.project.FieldConfigurationMLC" name="inValidAsym" time="15.318"/>
  <system-out/>
  <testcase classname="com.krystal.project.FieldConfigurationMLC" name="inValidAsym" time="14.817"/>
  <system-out/>
  <testcase classname="com.krystal.project.FieldConfigurationMLC" name="inValidAsym" time="15.327"/>
  <system-out/>
  <testcase classname="com.krystal.project.FieldConfigurationMLC" name="inValidAsym" time="13.624"/>
  <system-out/>
  <testcase classname="com.krystal.project.FieldConfigurationMLC" name="inValidAsym" time="13.357"/>
  <system-out/>
  <testcase classname="com.krystal.project.FieldConfigurationMLC" name="inValidAsym" time="15.569"/>
  <system-out/>
</testsuite> <!-- com.krystal.project.FieldConfigurationMLC -->
