<?xml version="1.0" encoding="UTF-8"?>
<!-- Generated by org.testng.reporters.JUnitReportReporter -->
<testsuite hostname="IT-00300-CPU" failures="0" tests="10" name="com.krystal.project.Help" time="49.411" errors="0" timestamp="2023-12-05T14:36:11 IST" skipped="0">
  <testcase classname="com.krystal.project.Help" name="Launch" time="11.526"/>
  <testcase classname="com.krystal.project.Help" name="HelpDesk" time="0.235"/>
  <testcase classname="com.krystal.project.Help" name="UserManual" time="0.227"/>
  <testcase classname="com.krystal.project.Help" name="About" time="0.227"/>
  <testcase classname="com.krystal.project.Help" name="systemInfo" time="0.241"/>
  <testcase classname="com.krystal.project.Help" name="help" time="3.240"/>
  <testcase classname="com.krystal.project.Help" name="helpinternational" time="5.923"/>
  <testcase classname="com.krystal.project.Help" name="userManual" time="12.229"/>
  <testcase classname="com.krystal.project.Help" name="System" time="11.515"/>
  <testcase classname="com.krystal.project.Help" name="Systeminfo" time="4.048"/>
</testsuite> <!-- com.krystal.project.Help -->
