<?xml version="1.0" encoding="UTF-8"?>
<!-- Generated by org.testng.reporters.JUnitReportReporter -->
<testsuite hostname="IT-00328-CPU" failures="0" tests="1" name="com.krystal.project.MachineSettings" time="14.242" errors="0" timestamp="2023-11-27T13:40:39 IST" skipped="0">
  <testcase classname="com.krystal.project.MachineSettings" name="BrowsebuttonII" time="14.242"/>
  <system-out/>
</testsuite> <!-- com.krystal.project.MachineSettings -->
