<?xml version="1.0" encoding="UTF-8"?>
<!-- Generated by org.testng.reporters.JUnitReportReporter -->
<testsuite hostname="IT-00328-CPU" failures="0" tests="83" name="com.krystal.project.Exceltestng" time="1219.501" errors="0" timestamp="2023-08-16T11:07:13 IST" skipped="0">
  <testcase classname="com.krystal.project.Exceltestng" name="ValidFieldname" time="15.913"/>
  <system-out/>
  <testcase classname="com.krystal.project.Exceltestng" name="ValidFieldname" time="16.465"/>
  <system-out/>
  <testcase classname="com.krystal.project.Exceltestng" name="ValidFieldname" time="16.393"/>
  <system-out/>
  <testcase classname="com.krystal.project.Exceltestng" name="ValidFieldname" time="16.367"/>
  <system-out/>
  <testcase classname="com.krystal.project.Exceltestng" name="ValidFieldname" time="16.298"/>
  <system-out/>
  <testcase classname="com.krystal.project.Exceltestng" name="ValidFieldname" time="15.784"/>
  <system-out/>
  <testcase classname="com.krystal.project.Exceltestng" name="ValidFieldname" time="16.326"/>
  <system-out/>
  <testcase classname="com.krystal.project.Exceltestng" name="ValidFieldname" time="16.123"/>
  <system-out/>
  <testcase classname="com.krystal.project.Exceltestng" name="ValidFieldname" time="16.174"/>
  <system-out/>
  <testcase classname="com.krystal.project.Exceltestng" name="ValidFieldname" time="16.608"/>
  <system-out/>
  <testcase classname="com.krystal.project.Exceltestng" name="ValidFieldname" time="16.639"/>
  <system-out/>
  <testcase classname="com.krystal.project.Exceltestng" name="ValidFieldname" time="16.323"/>
  <system-out/>
  <testcase classname="com.krystal.project.Exceltestng" name="ValidFieldname" time="16.395"/>
  <system-out/>
  <testcase classname="com.krystal.project.Exceltestng" name="ValidFieldname" time="16.033"/>
  <system-out/>
  <testcase classname="com.krystal.project.Exceltestng" name="ValidFieldname" time="16.190"/>
  <system-out/>
  <testcase classname="com.krystal.project.Exceltestng" name="InValidFieldname" time="11.025"/>
  <system-out/>
  <testcase classname="com.krystal.project.Exceltestng" name="InValidFieldname" time="11.215"/>
  <system-out/>
  <testcase classname="com.krystal.project.Exceltestng" name="InValidFieldname" time="11.389"/>
  <system-out/>
  <testcase classname="com.krystal.project.Exceltestng" name="InValidFieldname" time="10.599"/>
  <system-out/>
  <testcase classname="com.krystal.project.Exceltestng" name="InValidFieldname" time="12.859"/>
  <system-out/>
  <testcase classname="com.krystal.project.Exceltestng" name="Validsym" time="16.282"/>
  <system-out/>
  <testcase classname="com.krystal.project.Exceltestng" name="Validsym" time="16.213"/>
  <system-out/>
  <testcase classname="com.krystal.project.Exceltestng" name="Validsym" time="16.126"/>
  <system-out/>
  <testcase classname="com.krystal.project.Exceltestng" name="Validsym" time="15.965"/>
  <system-out/>
  <testcase classname="com.krystal.project.Exceltestng" name="Validsym" time="16.295"/>
  <system-out/>
  <testcase classname="com.krystal.project.Exceltestng" name="Validsym" time="16.034"/>
  <system-out/>
  <testcase classname="com.krystal.project.Exceltestng" name="Validsym" time="16.271"/>
  <system-out/>
  <testcase classname="com.krystal.project.Exceltestng" name="Validsym" time="16.186"/>
  <system-out/>
  <testcase classname="com.krystal.project.Exceltestng" name="Validsym" time="16.224"/>
  <system-out/>
  <testcase classname="com.krystal.project.Exceltestng" name="Validsym" time="16.081"/>
  <system-out/>
  <testcase classname="com.krystal.project.Exceltestng" name="Validsym" time="16.118"/>
  <system-out/>
  <testcase classname="com.krystal.project.Exceltestng" name="Validsym" time="16.221"/>
  <system-out/>
  <testcase classname="com.krystal.project.Exceltestng" name="Validsym" time="16.257"/>
  <system-out/>
  <testcase classname="com.krystal.project.Exceltestng" name="Validsym" time="16.263"/>
  <system-out/>
  <testcase classname="com.krystal.project.Exceltestng" name="Validsym" time="16.053"/>
  <system-out/>
  <testcase classname="com.krystal.project.Exceltestng" name="Validsym" time="16.248"/>
  <system-out/>
  <testcase classname="com.krystal.project.Exceltestng" name="Validsym" time="16.249"/>
  <system-out/>
  <testcase classname="com.krystal.project.Exceltestng" name="Validsym" time="16.298"/>
  <system-out/>
  <testcase classname="com.krystal.project.Exceltestng" name="Validsym" time="16.323"/>
  <system-out/>
  <testcase classname="com.krystal.project.Exceltestng" name="Validsym" time="16.179"/>
  <system-out/>
  <testcase classname="com.krystal.project.Exceltestng" name="inValidsym" time="11.263"/>
  <system-out/>
  <testcase classname="com.krystal.project.Exceltestng" name="inValidsym" time="11.121"/>
  <system-out/>
  <testcase classname="com.krystal.project.Exceltestng" name="inValidsym" time="10.453"/>
  <system-out/>
  <testcase classname="com.krystal.project.Exceltestng" name="inValidsym" time="11.169"/>
  <system-out/>
  <testcase classname="com.krystal.project.Exceltestng" name="inValidsym" time="10.419"/>
  <system-out/>
  <testcase classname="com.krystal.project.Exceltestng" name="inValidsym" time="10.005"/>
  <system-out/>
  <testcase classname="com.krystal.project.Exceltestng" name="inValidsym" time="11.169"/>
  <system-out/>
  <testcase classname="com.krystal.project.Exceltestng" name="ValidAsym" time="15.809"/>
  <system-out/>
  <testcase classname="com.krystal.project.Exceltestng" name="ValidAsym" time="16.288"/>
  <system-out/>
  <testcase classname="com.krystal.project.Exceltestng" name="ValidAsym" time="16.294"/>
  <system-out/>
  <testcase classname="com.krystal.project.Exceltestng" name="ValidAsym" time="16.416"/>
  <system-out/>
  <testcase classname="com.krystal.project.Exceltestng" name="ValidAsym" time="16.040"/>
  <system-out/>
  <testcase classname="com.krystal.project.Exceltestng" name="ValidAsym" time="16.870"/>
  <system-out/>
  <testcase classname="com.krystal.project.Exceltestng" name="ValidAsym" time="15.864"/>
  <system-out/>
  <testcase classname="com.krystal.project.Exceltestng" name="ValidAsym" time="13.685"/>
  <system-out/>
  <testcase classname="com.krystal.project.Exceltestng" name="ValidAsym" time="16.368"/>
  <system-out/>
  <testcase classname="com.krystal.project.Exceltestng" name="ValidAsym" time="16.157"/>
  <system-out/>
  <testcase classname="com.krystal.project.Exceltestng" name="ValidAsym" time="13.582"/>
  <system-out/>
  <testcase classname="com.krystal.project.Exceltestng" name="ValidAsym" time="16.019"/>
  <system-out/>
  <testcase classname="com.krystal.project.Exceltestng" name="ValidAsym" time="16.152"/>
  <system-out/>
  <testcase classname="com.krystal.project.Exceltestng" name="ValidAsym" time="16.315"/>
  <system-out/>
  <testcase classname="com.krystal.project.Exceltestng" name="ValidAsym" time="16.077"/>
  <system-out/>
  <testcase classname="com.krystal.project.Exceltestng" name="ValidAsym" time="16.205"/>
  <system-out/>
  <testcase classname="com.krystal.project.Exceltestng" name="ValidAsym" time="16.001"/>
  <system-out/>
  <testcase classname="com.krystal.project.Exceltestng" name="ValidAsym" time="16.219"/>
  <system-out/>
  <testcase classname="com.krystal.project.Exceltestng" name="ValidAsym" time="16.411"/>
  <system-out/>
  <testcase classname="com.krystal.project.Exceltestng" name="ValidAsym" time="16.145"/>
  <system-out/>
  <testcase classname="com.krystal.project.Exceltestng" name="ValidAsym" time="15.955"/>
  <system-out/>
  <testcase classname="com.krystal.project.Exceltestng" name="ValidAsym" time="16.368"/>
  <system-out/>
  <testcase classname="com.krystal.project.Exceltestng" name="ValidAsym" time="15.881"/>
  <system-out/>
  <testcase classname="com.krystal.project.Exceltestng" name="inValidAsymblank" time="9.715"/>
  <system-out/>
  <testcase classname="com.krystal.project.Exceltestng" name="inValidAsymblank" time="9.897"/>
  <system-out/>
  <testcase classname="com.krystal.project.Exceltestng" name="inValidAsymblank" time="9.822"/>
  <system-out/>
  <testcase classname="com.krystal.project.Exceltestng" name="inValidAsymblank" time="9.962"/>
  <system-out/>
  <testcase classname="com.krystal.project.Exceltestng" name="inValidAsymblank" time="9.812"/>
  <system-out/>
  <testcase classname="com.krystal.project.Exceltestng" name="inValidAsym" time="12.939"/>
  <system-out/>
  <testcase classname="com.krystal.project.Exceltestng" name="inValidAsym" time="13.016"/>
  <system-out/>
  <testcase classname="com.krystal.project.Exceltestng" name="inValidAsym" time="12.927"/>
  <system-out/>
  <testcase classname="com.krystal.project.Exceltestng" name="inValidAsym" time="12.873"/>
  <system-out/>
  <testcase classname="com.krystal.project.Exceltestng" name="inValidAsym" time="12.541"/>
  <system-out/>
  <testcase classname="com.krystal.project.Exceltestng" name="inValidAsym" time="12.543"/>
  <system-out/>
  <testcase classname="com.krystal.project.Exceltestng" name="inValidAsym" time="12.902"/>
  <system-out/>
  <testcase classname="com.krystal.project.Exceltestng" name="inValidAsym" time="12.828"/>
  <system-out/>
</testsuite> <!-- com.krystal.project.Exceltestng -->
