<?xml version="1.0" encoding="UTF-8"?>
<!-- Generated by org.testng.reporters.JUnitReportReporter -->
<testsuite hostname="IT-00328-CPU" failures="0" tests="99" name="com.krystal.project.ChemotheraphyConfiguration" time="1325.453" errors="0" timestamp="2023-12-02T14:35:22 IST" skipped="0">
  <testcase classname="com.krystal.project.ChemotheraphyConfiguration" name="launch" time="15.935"/>
  <system-out/>
  <testcase classname="com.krystal.project.ChemotheraphyConfiguration" name="classificationConfigurationGui" time="0.848"/>
  <system-out/>
  <testcase classname="com.krystal.project.ChemotheraphyConfiguration" name="classificationListGui" time="0.782"/>
  <system-out/>
  <testcase classname="com.krystal.project.ChemotheraphyConfiguration" name="classificationsaveenable" time="1.410"/>
  <system-out/>
  <testcase classname="com.krystal.project.ChemotheraphyConfiguration" name="classificationemptytextbox" time="1.959"/>
  <system-out/>
  <testcase classname="com.krystal.project.ChemotheraphyConfiguration" name="Classificationsave" time="7.174"/>
  <system-out/>
  <testcase classname="com.krystal.project.ChemotheraphyConfiguration" name="Classificationalreadysave" time="5.328"/>
  <system-out/>
  <testcase classname="com.krystal.project.ChemotheraphyConfiguration" name="ClassificationChemotheraphy" time="51.340"/>
  <system-out/>
  <testcase classname="com.krystal.project.ChemotheraphyConfiguration" name="databaseconnectionsavecheck" time="0.012"/>
  <system-out/>
  <testcase classname="com.krystal.project.ChemotheraphyConfiguration" name="Appdatagridelements" time="1.508"/>
  <system-out/>
  <testcase classname="com.krystal.project.ChemotheraphyConfiguration" name="viewdatabase" time="1.490"/>
  <system-out/>
  <testcase classname="com.krystal.project.ChemotheraphyConfiguration" name="Addicon" time="4.756"/>
  <system-out/>
  <testcase classname="com.krystal.project.ChemotheraphyConfiguration" name="testSearchTextBox" time="34.407"/>
  <system-out/>
  <testcase classname="com.krystal.project.ChemotheraphyConfiguration" name="deleteenable" time="10.707"/>
  <system-out/>
  <testcase classname="com.krystal.project.ChemotheraphyConfiguration" name="deletecancel" time="4.802"/>
  <system-out/>
  <testcase classname="com.krystal.project.ChemotheraphyConfiguration" name="deleteok" time="6.923"/>
  <system-out/>
  <testcase classname="com.krystal.project.ChemotheraphyConfiguration" name="Deletedatabase" time="1.312"/>
  <system-out/>
  <testcase classname="com.krystal.project.ChemotheraphyConfiguration" name="deletedatanotdisplayed" time="1.003"/>
  <system-out/>
  <testcase classname="com.krystal.project.ChemotheraphyConfiguration" name="deletedatasave" time="8.683"/>
  <system-out/>
  <testcase classname="com.krystal.project.ChemotheraphyConfiguration" name="Deletedatabaseadd" time="1.444"/>
  <system-out/>
  <testcase classname="com.krystal.project.ChemotheraphyConfiguration" name="Regimenemptytextbox" time="4.411"/>
  <system-out/>
  <testcase classname="com.krystal.project.ChemotheraphyConfiguration" name="RegimenValiddata" time="9.690"/>
  <system-out/>
  <testcase classname="com.krystal.project.ChemotheraphyConfiguration" name="Regimenreadysave" time="7.715"/>
  <system-out/>
  <testcase classname="com.krystal.project.ChemotheraphyConfiguration" name="Regimen" time="53.978"/>
  <system-out/>
  <testcase classname="com.krystal.project.ChemotheraphyConfiguration" name="databaseconnectionsavecheckRegimen1" time="0.011"/>
  <system-out/>
  <testcase classname="com.krystal.project.ChemotheraphyConfiguration" name="AppdatagridelementsRegimen" time="1.470"/>
  <system-out/>
  <testcase classname="com.krystal.project.ChemotheraphyConfiguration" name="viewdatabaseRegimen" time="1.445"/>
  <system-out/>
  <testcase classname="com.krystal.project.ChemotheraphyConfiguration" name="AddiconRegimen" time="4.385"/>
  <system-out/>
  <testcase classname="com.krystal.project.ChemotheraphyConfiguration" name="testSearchTextBoxRegimen" time="33.146"/>
  <system-out/>
  <testcase classname="com.krystal.project.ChemotheraphyConfiguration" name="deleteenableRegimen" time="12.788"/>
  <system-out/>
  <testcase classname="com.krystal.project.ChemotheraphyConfiguration" name="deletecancelRegimen" time="4.846"/>
  <system-out/>
  <testcase classname="com.krystal.project.ChemotheraphyConfiguration" name="deleteRegimenok" time="6.940"/>
  <system-out/>
  <testcase classname="com.krystal.project.ChemotheraphyConfiguration" name="DeletedatabaseRegimen" time="1.297"/>
  <system-out/>
  <testcase classname="com.krystal.project.ChemotheraphyConfiguration" name="deletedatanotdisplayedRegimen1" time="1.063"/>
  <system-out/>
  <testcase classname="com.krystal.project.ChemotheraphyConfiguration" name="deletedatasaveRegimen1" time="8.241"/>
  <system-out/>
  <testcase classname="com.krystal.project.ChemotheraphyConfiguration" name="DeletedatabaseaddRegimen1" time="1.412"/>
  <system-out/>
  <testcase classname="com.krystal.project.ChemotheraphyConfiguration" name="Radioemptytextbox" time="4.784"/>
  <system-out/>
  <testcase classname="com.krystal.project.ChemotheraphyConfiguration" name="RadioValiddata" time="13.191"/>
  <system-out/>
  <testcase classname="com.krystal.project.ChemotheraphyConfiguration" name="Radioalreadysave" time="10.272"/>
  <system-out/>
  <testcase classname="com.krystal.project.ChemotheraphyConfiguration" name="Radiosenitizers" time="59.912"/>
  <system-out/>
  <testcase classname="com.krystal.project.ChemotheraphyConfiguration" name="databaseconnectionsavecheckRegimen" time="0.013"/>
  <system-out/>
  <testcase classname="com.krystal.project.ChemotheraphyConfiguration" name="AppdatagridelementsRadio" time="1.533"/>
  <system-out/>
  <testcase classname="com.krystal.project.ChemotheraphyConfiguration" name="viewdatabaseRadio" time="1.502"/>
  <system-out/>
  <testcase classname="com.krystal.project.ChemotheraphyConfiguration" name="AddiconRadio" time="4.374"/>
  <system-out/>
  <testcase classname="com.krystal.project.ChemotheraphyConfiguration" name="testSearchTextBoxRadio" time="33.889"/>
  <system-out/>
  <testcase classname="com.krystal.project.ChemotheraphyConfiguration" name="deleteenableRadio" time="14.754"/>
  <system-out/>
  <testcase classname="com.krystal.project.ChemotheraphyConfiguration" name="deletecancelRadio" time="4.858"/>
  <system-out/>
  <testcase classname="com.krystal.project.ChemotheraphyConfiguration" name="deleteRadionok" time="6.903"/>
  <system-out/>
  <testcase classname="com.krystal.project.ChemotheraphyConfiguration" name="DeletedatabaseRadio" time="1.339"/>
  <system-out/>
  <testcase classname="com.krystal.project.ChemotheraphyConfiguration" name="deletedatanotdisplayedRadio" time="1.059"/>
  <system-out/>
  <testcase classname="com.krystal.project.ChemotheraphyConfiguration" name="deletedatasaveRadio" time="10.877"/>
  <system-out/>
  <testcase classname="com.krystal.project.ChemotheraphyConfiguration" name="DeletedatabaseaddRadio" time="1.458"/>
  <system-out/>
  <testcase classname="com.krystal.project.ChemotheraphyConfiguration" name="Drugemptytextbox" time="7.831"/>
  <system-out/>
  <testcase classname="com.krystal.project.ChemotheraphyConfiguration" name="DrugValiddata" time="24.187"/>
  <system-out/>
  <testcase classname="com.krystal.project.ChemotheraphyConfiguration" name="Drugalreadysave" time="21.625"/>
  <system-out/>
  <testcase classname="com.krystal.project.ChemotheraphyConfiguration" name="DrugAddicon" time="16.501"/>
  <system-out/>
  <testcase classname="com.krystal.project.ChemotheraphyConfiguration" name="DrugUpperCase" time="25.783"/>
  <system-out/>
  <testcase classname="com.krystal.project.ChemotheraphyConfiguration" name="Druglowercase" time="25.921"/>
  <system-out/>
  <testcase classname="com.krystal.project.ChemotheraphyConfiguration" name="DrugUpperlower" time="27.024"/>
  <system-out/>
  <testcase classname="com.krystal.project.ChemotheraphyConfiguration" name="DrugNumber" time="27.316"/>
  <system-out/>
  <testcase classname="com.krystal.project.ChemotheraphyConfiguration" name="DrugChars" time="28.815"/>
  <system-out/>
  <testcase classname="com.krystal.project.ChemotheraphyConfiguration" name="DrugSpecialchars" time="32.217"/>
  <system-out/>
  <testcase classname="com.krystal.project.ChemotheraphyConfiguration" name="DrugInvalid" time="7.270"/>
  <system-out/>
  <testcase classname="com.krystal.project.ChemotheraphyConfiguration" name="databaseconnectionsavecheckDrug" time="0.010"/>
  <system-out/>
  <testcase classname="com.krystal.project.ChemotheraphyConfiguration" name="viewdatabaseDrug" time="3.212"/>
  <system-out/>
  <testcase classname="com.krystal.project.ChemotheraphyConfiguration" name="AppdatagridelementsDrug" time="3.334"/>
  <system-out/>
  <testcase classname="com.krystal.project.ChemotheraphyConfiguration" name="testSearchTextBoxDrug" time="36.792"/>
  <system-out/>
  <testcase classname="com.krystal.project.ChemotheraphyConfiguration" name="deleteenableDrug" time="21.252"/>
  <system-out/>
  <testcase classname="com.krystal.project.ChemotheraphyConfiguration" name="deletecancelDrug" time="5.665"/>
  <system-out/>
  <testcase classname="com.krystal.project.ChemotheraphyConfiguration" name="deleteDrugok" time="7.312"/>
  <system-out/>
  <testcase classname="com.krystal.project.ChemotheraphyConfiguration" name="EditDrugok" time="5.429"/>
  <system-out/>
  <testcase classname="com.krystal.project.ChemotheraphyConfiguration" name="EditDrugmodify" time="34.487"/>
  <system-out/>
  <testcase classname="com.krystal.project.ChemotheraphyConfiguration" name="DeletedatabaseDrug" time="2.877"/>
  <system-out/>
  <testcase classname="com.krystal.project.ChemotheraphyConfiguration" name="deletedatanotdisplayedDrug" time="1.376"/>
  <system-out/>
  <testcase classname="com.krystal.project.ChemotheraphyConfiguration" name="deletedatasaveDrug" time="24.326"/>
  <system-out/>
  <testcase classname="com.krystal.project.ChemotheraphyConfiguration" name="DeletedatabaseaddDrug" time="3.265"/>
  <system-out/>
  <testcase classname="com.krystal.project.ChemotheraphyConfiguration" name="Doseanddurgfun" time="3.172"/>
  <system-out/>
  <testcase classname="com.krystal.project.ChemotheraphyConfiguration" name="Addiconlabel" time="6.355"/>
  <system-out/>
  <testcase classname="com.krystal.project.ChemotheraphyConfiguration" name="DrugUnitlabel" time="3.129"/>
  <system-out/>
  <testcase classname="com.krystal.project.ChemotheraphyConfiguration" name="CloseButtonlabel" time="0.033"/>
  <system-out/>
  <testcase classname="com.krystal.project.ChemotheraphyConfiguration" name="Editlabel" time="3.147"/>
  <system-out/>
  <testcase classname="com.krystal.project.ChemotheraphyConfiguration" name="Deletelabel" time="3.025"/>
  <system-out/>
  <testcase classname="com.krystal.project.ChemotheraphyConfiguration" name="Update" time="0.315"/>
  <system-out/>
  <testcase classname="com.krystal.project.ChemotheraphyConfiguration" name="Doselabel" time="0.862"/>
  <system-out/>
  <testcase classname="com.krystal.project.ChemotheraphyConfiguration" name="DoseTextbox" time="3.446"/>
  <system-out/>
  <testcase classname="com.krystal.project.ChemotheraphyConfiguration" name="Unitlabel" time="0.944"/>
  <system-out/>
  <testcase classname="com.krystal.project.ChemotheraphyConfiguration" name="UnitCombobox" time="3.048"/>
  <system-out/>
  <testcase classname="com.krystal.project.ChemotheraphyConfiguration" name="Editanddelete" time="0.893"/>
  <system-out/>
  <testcase classname="com.krystal.project.ChemotheraphyConfiguration" name="Errormessageclose" time="1.785"/>
  <system-out/>
  <testcase classname="com.krystal.project.ChemotheraphyConfiguration" name="Drugtextbox" time="21.663"/>
  <system-out/>
  <testcase classname="com.krystal.project.ChemotheraphyConfiguration" name="Unittextbox" time="14.208"/>
  <system-out/>
  <testcase classname="com.krystal.project.ChemotheraphyConfiguration" name="DrugandUnittextbox" time="18.987"/>
  <system-out/>
  <testcase classname="com.krystal.project.ChemotheraphyConfiguration" name="Drugdoseadd" time="54.266"/>
  <system-out/>
  <testcase classname="com.krystal.project.ChemotheraphyConfiguration" name="Drugnameinvalid" time="28.115"/>
  <system-out/>
  <testcase classname="com.krystal.project.ChemotheraphyConfiguration" name="DrugnameRangevalidation" time="14.591"/>
  <system-out/>
  <testcase classname="com.krystal.project.ChemotheraphyConfiguration" name="Samenameexits" time="32.773"/>
  <system-out/>
  <testcase classname="com.krystal.project.ChemotheraphyConfiguration" name="EditandUpdatedrug" time="123.649"/>
  <system-out/>
  <testcase classname="com.krystal.project.ChemotheraphyConfiguration" name="Drugdelete" time="53.166"/>
  <system-out/>
  <testcase classname="com.krystal.project.ChemotheraphyConfiguration" name="Drugdeleteclose" time="54.675"/>
  <system-out/>
</testsuite> <!-- com.krystal.project.ChemotheraphyConfiguration -->
