<?xml version="1.0" encoding="UTF-8"?>
<!-- Generated by org.testng.reporters.JUnitReportReporter -->
<testsuite hostname="IT-00328-CPU" failures="0" tests="41" name="com.krystal.project.GeneratorSettingsTest" time="697.018" errors="0" timestamp="2023-11-23T10:37:12 IST" skipped="0">
  <testcase classname="com.krystal.project.GeneratorSettingsTest" name="ToverifygeneratorsettingsLabel" time="0.350"/>
  <system-out/>
  <testcase classname="com.krystal.project.GeneratorSettingsTest" name="ToverifyselectmachineLabel" time="0.610"/>
  <system-out/>
  <testcase classname="com.krystal.project.GeneratorSettingsTest" name="ToverifymaximummaslimitLabel" time="0.710"/>
  <system-out/>
  <testcase classname="com.krystal.project.GeneratorSettingsTest" name="ToverifyGeneratorLimitataions" time="0.387"/>
  <system-out/>
  <testcase classname="com.krystal.project.GeneratorSettingsTest" name="ToverifymaximumkwlimitLabel" time="0.924"/>
  <system-out/>
  <testcase classname="com.krystal.project.GeneratorSettingsTest" name="ToverifymsRange" time="0.426"/>
  <system-out/>
  <testcase classname="com.krystal.project.GeneratorSettingsTest" name="MinmsRange" time="0.752"/>
  <system-out/>
  <testcase classname="com.krystal.project.GeneratorSettingsTest" name="MaxmsRange" time="0.797"/>
  <system-out/>
  <testcase classname="com.krystal.project.GeneratorSettingsTest" name="ToverifyradiographickvrangeLabel" time="0.437"/>
  <system-out/>
  <testcase classname="com.krystal.project.GeneratorSettingsTest" name="ToverifyminimumkvLabel" time="1.024"/>
  <system-out/>
  <testcase classname="com.krystal.project.GeneratorSettingsTest" name="ToverifymaximumkvLabel" time="1.012"/>
  <system-out/>
  <testcase classname="com.krystal.project.GeneratorSettingsTest" name="ToverifykvstepsLabel" time="1.010"/>
  <system-out/>
  <testcase classname="com.krystal.project.GeneratorSettingsTest" name="ToverifycbctkvrangeLabel" time="0.452"/>
  <system-out/>
  <testcase classname="com.krystal.project.GeneratorSettingsTest" name="ToverifycbctminimumkvLabel" time="1.026"/>
  <system-out/>
  <testcase classname="com.krystal.project.GeneratorSettingsTest" name="ToverifycbctmaximumkvLabel" time="1.028"/>
  <system-out/>
  <testcase classname="com.krystal.project.GeneratorSettingsTest" name="ToverifycbctkvLabel" time="1.025"/>
  <system-out/>
  <testcase classname="com.krystal.project.GeneratorSettingsTest" name="Xraytubespec" time="0.529"/>
  <system-out/>
  <testcase classname="com.krystal.project.GeneratorSettingsTest" name="Xraytube" time="1.185"/>
  <system-out/>
  <testcase classname="com.krystal.project.GeneratorSettingsTest" name="ToverifymasettingsLabel" time="0.547"/>
  <system-out/>
  <testcase classname="com.krystal.project.GeneratorSettingsTest" name="ToverifyeditmasettingsLabel" time="1.190"/>
  <system-out/>
  <testcase classname="com.krystal.project.GeneratorSettingsTest" name="ToverifyupdatemasettingsLabel" time="0.674"/>
  <system-out/>
  <testcase classname="com.krystal.project.GeneratorSettingsTest" name="ToverifycancelmasettingsLabel" time="0.925"/>
  <system-out/>
  <testcase classname="com.krystal.project.GeneratorSettingsTest" name="ToverifymssettingsLabel" time="0.580"/>
  <system-out/>
  <testcase classname="com.krystal.project.GeneratorSettingsTest" name="ToverifyeditmssettingsLabel" time="1.217"/>
  <system-out/>
  <testcase classname="com.krystal.project.GeneratorSettingsTest" name="ToverifyupdatemssettingsLabel" time="0.668"/>
  <system-out/>
  <testcase classname="com.krystal.project.GeneratorSettingsTest" name="ToverifycancelmssettingsLabel" time="0.923"/>
  <system-out/>
  <testcase classname="com.krystal.project.GeneratorSettingsTest" name="ToverifyframerateLabel" time="0.604"/>
  <system-out/>
  <testcase classname="com.krystal.project.GeneratorSettingsTest" name="ToverifyeditframesettingsLabel" time="1.188"/>
  <system-out/>
  <testcase classname="com.krystal.project.GeneratorSettingsTest" name="ToverifyupdateframesettingsLabel" time="0.674"/>
  <system-out/>
  <testcase classname="com.krystal.project.GeneratorSettingsTest" name="ToverifycancelframesettingsLabel" time="0.915"/>
  <system-out/>
  <testcase classname="com.krystal.project.GeneratorSettingsTest" name="Save" time="0.636"/>
  <system-out/>
  <testcase classname="com.krystal.project.GeneratorSettingsTest" name="Invalidchars" time="181.774"/>
  <system-out/>
  <testcase classname="com.krystal.project.GeneratorSettingsTest" name="InvalidRangeAngle" time="177.314"/>
  <system-out/>
  <testcase classname="com.krystal.project.GeneratorSettingsTest" name="MingreaterRange" time="13.221"/>
  <system-out/>
  <testcase classname="com.krystal.project.GeneratorSettingsTest" name="BothequalRange" time="13.148"/>
  <system-out/>
  <testcase classname="com.krystal.project.GeneratorSettingsTest" name="ValidRange" time="64.808"/>
  <system-out/>
  <testcase classname="com.krystal.project.GeneratorSettingsTest" name="editdisable" time="22.223"/>
  <system-out/>
  <testcase classname="com.krystal.project.GeneratorSettingsTest" name="Updatebutton" time="1.156"/>
  <system-out/>
  <testcase classname="com.krystal.project.GeneratorSettingsTest" name="UpdateCancel" time="102.164"/>
  <system-out/>
  <testcase classname="com.krystal.project.GeneratorSettingsTest" name="UpdateOK" time="67.369"/>
  <system-out/>
  <testcase classname="com.krystal.project.GeneratorSettingsTest" name="UpdateeditValid" time="29.416"/>
  <system-out/>
</testsuite> <!-- com.krystal.project.GeneratorSettingsTest -->
