<?xml version="1.0" encoding="UTF-8"?>
<!-- Generated by org.testng.reporters.JUnitReportReporter -->
<testsuite hostname="IT-00328-CPU" failures="0" tests="11" name="com.krystal.project.Serviceconfiguration" time="84.049" errors="0" timestamp="2023-11-27T15:42:52 IST" skipped="0">
  <testcase classname="com.krystal.project.Serviceconfiguration" name="Edit" time="2.374"/>
  <system-out/>
  <testcase classname="com.krystal.project.Serviceconfiguration" name="ToverifyImpactLabel" time="0.868"/>
  <system-out/>
  <testcase classname="com.krystal.project.Serviceconfiguration" name="ToverifyImpactandroidLabel" time="0.132"/>
  <system-out/>
  <testcase classname="com.krystal.project.Serviceconfiguration" name="ToverifyConfigureLabel" time="3.197"/>
  <system-out/>
  <testcase classname="com.krystal.project.Serviceconfiguration" name="ToverifyConfigurebutton" time="0.952"/>
  <system-out/>
  <testcase classname="com.krystal.project.Serviceconfiguration" name="Cancelclick" time="1.850"/>
  <system-out/>
  <testcase classname="com.krystal.project.Serviceconfiguration" name="AndroidIP" time="9.571"/>
  <system-out/>
  <testcase classname="com.krystal.project.Serviceconfiguration" name="configureandroid" time="12.188"/>
  <system-out/>
  <testcase classname="com.krystal.project.Serviceconfiguration" name="configureandroidupdated" time="10.608"/>
  <system-out/>
  <testcase classname="com.krystal.project.Serviceconfiguration" name="databaseconnection" time="8.005"/>
  <system-out/>
  <testcase classname="com.krystal.project.Serviceconfiguration" name="languagetranslation" time="34.304"/>
  <system-out/>
</testsuite> <!-- com.krystal.project.Serviceconfiguration -->
