<?xml version="1.0" encoding="UTF-8"?>
<!-- Generated by org.testng.reporters.JUnitReportReporter -->
<testsuite hostname="IT-00328-CPU" failures="0" tests="2" name="com.krystal.project.ThemeSettings" time="66.809" errors="0" timestamp="2023-11-22T14:46:34 IST" skipped="0">
  <testcase classname="com.krystal.project.ThemeSettings" name="Themeicon" time="3.513"/>
  <system-out/>
  <testcase classname="com.krystal.project.ThemeSettings" name="Themeapply" time="63.296"/>
  <system-out/>
</testsuite> <!-- com.krystal.project.ThemeSettings -->
