<?xml version="1.0" encoding="UTF-8"?>
<!-- Generated by org.testng.reporters.JUnitReportReporter -->
<testsuite hostname="IT-00328-CPU" failures="0" tests="24" name="com.krystal.project.RoleConfig" time="0.443" errors="1" timestamp="2023-11-30T16:13:09 IST" skipped="23">
  <testcase classname="com.krystal.project.RoleConfig" name="setUp1" time="0.443">
    <error message="An element could not be located on the page using the given search parameters. (WARNING: The server did not provide any stacktrace information)
Command duration or timeout: 0 milliseconds
For documentation on this error, please visit: https://www.seleniumhq.org/exceptions/no_such_element.html
Build info: version: &#039;3.141.59&#039;, revision: &#039;e82be7d358&#039;, time: &#039;2018-11-14T08:17:03&#039;
System info: host: &#039;IT-00328-CPU&#039;, ip: &#039;192.168.11.18&#039;, os.name: &#039;Windows 10&#039;, os.arch: &#039;amd64&#039;, os.version: &#039;10.0&#039;, java.version: &#039;20&#039;
Driver info: io.appium.java_client.windows.WindowsDriver
Capabilities {app: C:\Program Files\Panacea Me..., javascriptEnabled: true, platform: WINDOWS, platformName: Windows}
Session ID: C95EA100-962A-40F5-AB5A-548F4B30374C
*** Element info: {Using=xpath, value=//Window[@ClassName=&quot;Window&quot;][@Name=&quot;Krystal&quot;]/Custom[@ClassName=&quot;SignInView&quot;]/Edit[@AutomationId=&quot;TxtbxUsername&quot;]}" type="org.openqa.selenium.NoSuchElementException">
      <![CDATA[org.openqa.selenium.NoSuchElementException: An element could not be located on the page using the given search parameters. (WARNING: The server did not provide any stacktrace information)
Command duration or timeout: 0 milliseconds
For documentation on this error, please visit: https://www.seleniumhq.org/exceptions/no_such_element.html
Build info: version: '3.141.59', revision: 'e82be7d358', time: '2018-11-14T08:17:03'
System info: host: 'IT-00328-CPU', ip: '192.168.11.18', os.name: 'Windows 10', os.arch: 'amd64', os.version: '10.0', java.version: '20'
Driver info: io.appium.java_client.windows.WindowsDriver
Capabilities {app: C:\Program Files\Panacea Me..., javascriptEnabled: true, platform: WINDOWS, platformName: Windows}
Session ID: C95EA100-962A-40F5-AB5A-548F4B30374C
*** Element info: {Using=xpath, value=//Window[@ClassName="Window"][@Name="Krystal"]/Custom[@ClassName="SignInView"]/Edit[@AutomationId="TxtbxUsername"]}
at java.base/jdk.internal.reflect.DirectConstructorHandleAccessor.newInstance(DirectConstructorHandleAccessor.java:67)
at java.base/java.lang.reflect.Constructor.newInstanceWithCaller(Constructor.java:500)
at java.base/java.lang.reflect.Constructor.newInstance(Constructor.java:484)
at org.openqa.selenium.remote.ErrorHandler.createThrowable(ErrorHandler.java:214)
at org.openqa.selenium.remote.ErrorHandler.throwIfResponseFailed(ErrorHandler.java:166)
at org.openqa.selenium.remote.http.JsonHttpResponseCodec.reconstructValue(JsonHttpResponseCodec.java:40)
at org.openqa.selenium.remote.http.AbstractHttpResponseCodec.decode(AbstractHttpResponseCodec.java:80)
at org.openqa.selenium.remote.http.AbstractHttpResponseCodec.decode(AbstractHttpResponseCodec.java:44)
at org.openqa.selenium.remote.HttpCommandExecutor.execute(HttpCommandExecutor.java:158)
at io.appium.java_client.remote.AppiumCommandExecutor.execute(AppiumCommandExecutor.java:250)
at org.openqa.selenium.remote.RemoteWebDriver.execute(RemoteWebDriver.java:552)
at io.appium.java_client.DefaultGenericMobileDriver.execute(DefaultGenericMobileDriver.java:41)
at io.appium.java_client.AppiumDriver.execute(AppiumDriver.java:1)
at io.appium.java_client.windows.WindowsDriver.execute(WindowsDriver.java:1)
at org.openqa.selenium.remote.RemoteWebDriver.findElement(RemoteWebDriver.java:323)
at io.appium.java_client.DefaultGenericMobileDriver.findElement(DefaultGenericMobileDriver.java:61)
at io.appium.java_client.AppiumDriver.findElement(AppiumDriver.java:1)
at io.appium.java_client.windows.WindowsDriver.findElement(WindowsDriver.java:1)
at org.openqa.selenium.remote.RemoteWebDriver.findElementByXPath(RemoteWebDriver.java:428)
at io.appium.java_client.DefaultGenericMobileDriver.findElementByXPath(DefaultGenericMobileDriver.java:151)
at io.appium.java_client.AppiumDriver.findElementByXPath(AppiumDriver.java:1)
at io.appium.java_client.windows.WindowsDriver.findElementByXPath(WindowsDriver.java:1)
at org.openqa.selenium.By$ByXPath.findElement(By.java:353)
at org.openqa.selenium.remote.RemoteWebDriver.findElement(RemoteWebDriver.java:315)
at io.appium.java_client.DefaultGenericMobileDriver.findElement(DefaultGenericMobileDriver.java:57)
at io.appium.java_client.AppiumDriver.findElement(AppiumDriver.java:1)
at io.appium.java_client.windows.WindowsDriver.findElement(WindowsDriver.java:1)
at com.krystal.project.ReferenceSigin.Login(ReferenceSigin.java:19)
at com.krystal.project.RoleConfig.setUp1(RoleConfig.java:38)
at java.base/jdk.internal.reflect.DirectMethodHandleAccessor.invoke(DirectMethodHandleAccessor.java:104)
at java.base/java.lang.reflect.Method.invoke(Method.java:578)
at org.testng.internal.MethodInvocationHelper.invokeMethod(MethodInvocationHelper.java:133)
at org.testng.internal.MethodInvocationHelper.invokeMethodConsideringTimeout(MethodInvocationHelper.java:62)
at org.testng.internal.ConfigInvoker.invokeConfigurationMethod(ConfigInvoker.java:385)
at org.testng.internal.ConfigInvoker.invokeConfigurations(ConfigInvoker.java:321)
at org.testng.internal.TestMethodWorker.invokeBeforeClassMethods(TestMethodWorker.java:176)
at org.testng.internal.TestMethodWorker.run(TestMethodWorker.java:122)
at java.base/java.util.ArrayList.forEach(ArrayList.java:1511)
at org.testng.TestRunner.privateRun(TestRunner.java:794)
at org.testng.TestRunner.run(TestRunner.java:596)
at org.testng.SuiteRunner.runTest(SuiteRunner.java:377)
at org.testng.SuiteRunner.runSequentially(SuiteRunner.java:371)
at org.testng.SuiteRunner.privateRun(SuiteRunner.java:332)
at org.testng.SuiteRunner.run(SuiteRunner.java:276)
at org.testng.SuiteRunnerWorker.runSuite(SuiteRunnerWorker.java:53)
at org.testng.SuiteRunnerWorker.run(SuiteRunnerWorker.java:96)
at org.testng.TestNG.runSuitesSequentially(TestNG.java:1212)
at org.testng.TestNG.runSuitesLocally(TestNG.java:1134)
at org.testng.TestNG.runSuites(TestNG.java:1063)
at org.testng.TestNG.run(TestNG.java:1031)
at org.testng.remote.AbstractRemoteTestNG.run(AbstractRemoteTestNG.java:115)
at org.testng.remote.RemoteTestNG.initAndRun(RemoteTestNG.java:251)
at org.testng.remote.RemoteTestNG.main(RemoteTestNG.java:77)
]]>
    </error>
  </testcase> <!-- setUp1 -->
  <system-out/>
  <testcase classname="com.krystal.project.RoleConfig" name="SelectallLabel" time="0.000">
    <skipped/>
  </testcase> <!-- SelectallLabel -->
  <system-out/>
  <testcase classname="com.krystal.project.RoleConfig" name="Rolenamevalid" time="0.000">
    <skipped/>
  </testcase> <!-- Rolenamevalid -->
  <system-out/>
  <testcase classname="com.krystal.project.RoleConfig" name="Rolenameinvalid" time="0.000">
    <skipped/>
  </testcase> <!-- Rolenameinvalid -->
  <system-out/>
  <testcase classname="com.krystal.project.RoleConfig" name="DemographicsPlan" time="0.000">
    <skipped/>
  </testcase> <!-- DemographicsPlan -->
  <system-out/>
  <testcase classname="com.krystal.project.RoleConfig" name="Machineslotcheck" time="0.000">
    <skipped/>
  </testcase> <!-- Machineslotcheck -->
  <system-out/>
  <testcase classname="com.krystal.project.RoleConfig" name="holidaysettings" time="0.000">
    <skipped/>
  </testcase> <!-- holidaysettings -->
  <system-out/>
  <testcase classname="com.krystal.project.RoleConfig" name="Template" time="0.000">
    <skipped/>
  </testcase> <!-- Template -->
  <system-out/>
  <testcase classname="com.krystal.project.RoleConfig" name="Auditlogscheck" time="0.000">
    <skipped/>
  </testcase> <!-- Auditlogscheck -->
  <system-out/>
  <testcase classname="com.krystal.project.RoleConfig" name="usermanagement" time="0.000">
    <skipped/>
  </testcase> <!-- usermanagement -->
  <system-out/>
  <testcase classname="com.krystal.project.RoleConfig" name="GeneralSettingsAPR" time="0.000">
    <skipped/>
  </testcase> <!-- GeneralSettingsAPR -->
  <system-out/>
  <testcase classname="com.krystal.project.RoleConfig" name="GeneralSettingsAPRCBCT" time="0.000">
    <skipped/>
  </testcase> <!-- GeneralSettingsAPRCBCT -->
  <system-out/>
  <testcase classname="com.krystal.project.RoleConfig" name="ChemoConfiguration" time="0.000">
    <skipped/>
  </testcase> <!-- ChemoConfiguration -->
  <system-out/>
  <testcase classname="com.krystal.project.RoleConfig" name="RegimenConfiguration" time="0.000">
    <skipped/>
  </testcase> <!-- RegimenConfiguration -->
  <system-out/>
  <testcase classname="com.krystal.project.RoleConfig" name="RadioConfiguration" time="0.000">
    <skipped/>
  </testcase> <!-- RadioConfiguration -->
  <system-out/>
  <testcase classname="com.krystal.project.RoleConfig" name="Drug" time="0.000">
    <skipped/>
  </testcase> <!-- Drug -->
  <system-out/>
  <testcase classname="com.krystal.project.RoleConfig" name="Fieldconfig" time="0.000">
    <skipped/>
  </testcase> <!-- Fieldconfig -->
  <system-out/>
  <testcase classname="com.krystal.project.RoleConfig" name="Treatment" time="0.000">
    <skipped/>
  </testcase> <!-- Treatment -->
  <system-out/>
  <testcase classname="com.krystal.project.RoleConfig" name="Imageviewer" time="0.000">
    <skipped/>
  </testcase> <!-- Imageviewer -->
  <system-out/>
  <testcase classname="com.krystal.project.RoleConfig" name="refresh" time="0.000">
    <skipped/>
  </testcase> <!-- refresh -->
  <system-out/>
  <testcase classname="com.krystal.project.RoleConfig" name="Addicon" time="0.000">
    <skipped/>
  </testcase> <!-- Addicon -->
  <system-out/>
  <testcase classname="com.krystal.project.RoleConfig" name="Editicon" time="0.000">
    <skipped/>
  </testcase> <!-- Editicon -->
  <system-out/>
  <testcase classname="com.krystal.project.RoleConfig" name="SelectAllbutton" time="0.000">
    <skipped/>
  </testcase> <!-- SelectAllbutton -->
  <system-out/>
  <testcase classname="com.krystal.project.RoleConfig" name="SearchRole" time="0.000">
    <skipped/>
  </testcase> <!-- SearchRole -->
  <system-out/>
</testsuite> <!-- com.krystal.project.RoleConfig -->
