<?xml version="1.0" encoding="UTF-8"?>
<!-- Generated by org.testng.reporters.JUnitReportReporter -->
<testsuite hostname="IT-00328-CPU" failures="0" tests="2" name="com.krystal.project.TestDemo" time="4.319" errors="0" timestamp="2023-12-01T18:28:54 IST" skipped="0">
  <testcase classname="com.krystal.project.TestDemo" name="Launch" time="0.055"/>
  <system-out/>
  <testcase classname="com.krystal.project.TestDemo" name="Signinempty" time="4.264"/>
  <system-out/>
</testsuite> <!-- com.krystal.project.TestDemo -->
