<?xml version="1.0" encoding="UTF-8"?>
<!-- Generated by org.testng.reporters.JUnitReportReporter -->
<testsuite hostname="IT-00328-CPU" failures="0" tests="1" name="com.krystal.project.Databaseconnection" time="0.304" errors="0" timestamp="2023-08-09T15:09:07 IST" skipped="0">
  <testcase classname="com.krystal.project.Databaseconnection" name="Sql" time="0.304"/>
  <system-out/>
</testsuite> <!-- com.krystal.project.Databaseconnection -->
