<?xml version="1.0" encoding="UTF-8"?>
<!-- Generated by org.testng.reporters.JUnitReportReporter -->
<testsuite hostname="IT-00300-CPU" failures="0" tests="3" name="com.krystal.project.ThemeSettings" time="71.225" errors="0" timestamp="2023-12-05T17:18:40 IST" skipped="0">
  <testcase classname="com.krystal.project.ThemeSettings" name="Launch" time="4.530"/>
  <testcase classname="com.krystal.project.ThemeSettings" name="Themeicon" time="3.068"/>
  <testcase classname="com.krystal.project.ThemeSettings" name="Themeapply" time="63.627"/>
</testsuite> <!-- com.krystal.project.ThemeSettings -->
