<?xml version="1.0" encoding="UTF-8"?>
<!-- Generated by org.testng.reporters.JUnitReportReporter -->
<testsuite hostname="IT-00328-CPU" failures="0" tests="2" name="com.krystal.project.SiteConfigurationTest" time="2.384" errors="0" timestamp="2023-11-29T13:06:52 IST" skipped="0">
  <testcase classname="com.krystal.project.SiteConfigurationTest" name="SiteconfigurationLabel" time="1.008"/>
  <system-out/>
  <testcase classname="com.krystal.project.SiteConfigurationTest" name="SitenameLabel" time="1.376"/>
  <system-out/>
</testsuite> <!-- com.krystal.project.SiteConfigurationTest -->
