<?xml version="1.0" encoding="UTF-8"?>
<!-- Generated by org.testng.reporters.JUnitReportReporter -->
<testsuite hostname="IT-00328-CPU" failures="0" tests="1" name="com.krystal.project.FieldConfigurationsmoketesting" time="6.743" errors="0" timestamp="2023-08-11T11:06:29 IST" skipped="0">
  <testcase classname="com.krystal.project.FieldConfigurationsmoketesting" name="common" time="6.743"/>
  <system-out/>
</testsuite> <!-- com.krystal.project.FieldConfigurationsmoketesting -->
