<?xml version="1.0" encoding="UTF-8"?>
<!-- Generated by org.testng.reporters.JUnitReportReporter -->
<testsuite hostname="IT-00328-CPU" failures="0" tests="6" name="testNG.NewTest" time="0.016" errors="0" timestamp="2023-06-16T17:42:14 IST" skipped="1">
  <testcase classname="testNG.NewTest" name="testMethodWithData" time="0.012"/>
  <system-out/>
  <testcase classname="testNG.NewTest" name="testMethodWithData" time="0.000"/>
  <system-out/>
  <testcase classname="testNG.NewTest" name="testMethodWithData" time="0.002"/>
  <system-out/>
  <testcase classname="testNG.NewTest" name="testMethod1" time="0.001"/>
  <system-out/>
  <testcase classname="testNG.NewTest" name="testMethod2" time="0.001"/>
  <system-out/>
  <testcase classname="testNG.NewTest" name="testMethod3">
    <skipped/>
  </testcase> <!-- testMethod3 -->
  <system-out/>
</testsuite> <!-- testNG.NewTest -->
