<?xml version="1.0" encoding="UTF-8"?>
<!-- Generated by org.testng.reporters.JUnitReportReporter -->
<testsuite hostname="IT-00328-CPU" failures="0" tests="2" name="com.krystal.project.ChemotheraphyConfiguration" time="1.495" errors="0" timestamp="2023-11-29T12:17:03 IST" skipped="0">
  <testcase classname="com.krystal.project.ChemotheraphyConfiguration" name="classificationConfigurationGui" time="0.847"/>
  <system-out/>
  <testcase classname="com.krystal.project.ChemotheraphyConfiguration" name="classificationListGui" time="0.648"/>
  <system-out/>
</testsuite> <!-- com.krystal.project.ChemotheraphyConfiguration -->
