<?xml version="1.0" encoding="UTF-8"?>
<!-- Generated by org.testng.reporters.JUnitReportReporter -->
<testsuite hostname="IT-00328-CPU" failures="0" tests="23" name="com.krystal.project.LabRepots" time="76.881" errors="1" timestamp="2023-11-27T15:01:51 IST" skipped="0">
  <testcase classname="com.krystal.project.LabRepots" name="Titlename" time="0.469"/>
  <system-out/>
  <testcase classname="com.krystal.project.LabRepots" name="ImportOne" time="12.312"/>
  <system-out/>
  <testcase classname="com.krystal.project.LabRepots" name="ImportSame" time="9.351"/>
  <system-out/>
  <testcase classname="com.krystal.project.LabRepots" name="databaseconnectionsavecheck" time="0.131"/>
  <system-out/>
  <testcase classname="com.krystal.project.LabRepots" name="delete" time="12.319"/>
  <system-out/>
  <testcase classname="com.krystal.project.LabRepots" name="deletedimport" time="10.064"/>
  <system-out/>
  <testcase classname="com.krystal.project.LabRepots" name="databaseconnectionimportagain" time="0.011"/>
  <system-out/>
  <testcase classname="com.krystal.project.LabRepots" name="Importbutton" time="0.001"/>
  <system-out/>
  <testcase classname="com.krystal.project.LabRepots" name="Currentdayandmonth" time="0.355"/>
  <system-out/>
  <testcase classname="com.krystal.project.LabRepots" name="Mondaylabel" time="0.362"/>
  <system-out/>
  <testcase classname="com.krystal.project.LabRepots" name="Tuesdaylabel" time="0.399"/>
  <system-out/>
  <testcase classname="com.krystal.project.LabRepots" name="Wednesdaylabel" time="0.388"/>
  <system-out/>
  <testcase classname="com.krystal.project.LabRepots" name="Thursdaylabel" time="0.370"/>
  <system-out/>
  <testcase classname="com.krystal.project.LabRepots" name="Fridaylabel" time="0.390"/>
  <system-out/>
  <testcase classname="com.krystal.project.LabRepots" name="Saturadaylabel" time="0.379"/>
  <system-out/>
  <testcase classname="com.krystal.project.LabRepots" name="Sundaylabel" time="0.424"/>
  <system-out/>
  <testcase classname="com.krystal.project.LabRepots" name="Currentday" time="1.766"/>
  <system-out/>
  <testcase classname="com.krystal.project.LabRepots" name="Previousday" time="1.681"/>
  <system-out/>
  <testcase classname="com.krystal.project.LabRepots" name="Previousdayreport" time="14.479"/>
  <system-out/>
  <testcase classname="com.krystal.project.LabRepots" name="Reportopen" time="6.295"/>
  <system-out/>
  <testcase classname="com.krystal.project.LabRepots" name="filerangeexits" time="2.129">
    <error message="An element could not be located on the page using the given search parameters. (WARNING: The server did not provide any stacktrace information)
Command duration or timeout: 0 milliseconds
For documentation on this error, please visit: https://www.seleniumhq.org/exceptions/no_such_element.html
Build info: version: &#039;3.141.59&#039;, revision: &#039;e82be7d358&#039;, time: &#039;2018-11-14T08:17:03&#039;
System info: host: &#039;IT-00328-CPU&#039;, ip: &#039;192.168.11.18&#039;, os.name: &#039;Windows 10&#039;, os.arch: &#039;amd64&#039;, os.version: &#039;10.0&#039;, java.version: &#039;20&#039;
Driver info: io.appium.java_client.windows.WindowsDriver
Capabilities {app: C:\Program Files\Panacea Me..., javascriptEnabled: true, platform: WINDOWS, platformName: Windows}
Session ID: 40307CFF-C49C-4013-8D51-74080AEDF9A7
*** Element info: {Using=name, value=Downloads}" type="org.openqa.selenium.NoSuchElementException">
      <![CDATA[org.openqa.selenium.NoSuchElementException: An element could not be located on the page using the given search parameters. (WARNING: The server did not provide any stacktrace information)
Command duration or timeout: 0 milliseconds
For documentation on this error, please visit: https://www.seleniumhq.org/exceptions/no_such_element.html
Build info: version: '3.141.59', revision: 'e82be7d358', time: '2018-11-14T08:17:03'
System info: host: 'IT-00328-CPU', ip: '192.168.11.18', os.name: 'Windows 10', os.arch: 'amd64', os.version: '10.0', java.version: '20'
Driver info: io.appium.java_client.windows.WindowsDriver
Capabilities {app: C:\Program Files\Panacea Me..., javascriptEnabled: true, platform: WINDOWS, platformName: Windows}
Session ID: 40307CFF-C49C-4013-8D51-74080AEDF9A7
*** Element info: {Using=name, value=Downloads}
at java.base/jdk.internal.reflect.DirectConstructorHandleAccessor.newInstance(DirectConstructorHandleAccessor.java:67)
at java.base/java.lang.reflect.Constructor.newInstanceWithCaller(Constructor.java:500)
at java.base/java.lang.reflect.Constructor.newInstance(Constructor.java:484)
at org.openqa.selenium.remote.ErrorHandler.createThrowable(ErrorHandler.java:214)
at org.openqa.selenium.remote.ErrorHandler.throwIfResponseFailed(ErrorHandler.java:166)
at org.openqa.selenium.remote.http.JsonHttpResponseCodec.reconstructValue(JsonHttpResponseCodec.java:40)
at org.openqa.selenium.remote.http.AbstractHttpResponseCodec.decode(AbstractHttpResponseCodec.java:80)
at org.openqa.selenium.remote.http.AbstractHttpResponseCodec.decode(AbstractHttpResponseCodec.java:44)
at org.openqa.selenium.remote.HttpCommandExecutor.execute(HttpCommandExecutor.java:158)
at io.appium.java_client.remote.AppiumCommandExecutor.execute(AppiumCommandExecutor.java:250)
at org.openqa.selenium.remote.RemoteWebDriver.execute(RemoteWebDriver.java:552)
at io.appium.java_client.DefaultGenericMobileDriver.execute(DefaultGenericMobileDriver.java:41)
at io.appium.java_client.AppiumDriver.execute(AppiumDriver.java:1)
at io.appium.java_client.windows.WindowsDriver.execute(WindowsDriver.java:1)
at org.openqa.selenium.remote.RemoteWebDriver.findElement(RemoteWebDriver.java:323)
at io.appium.java_client.DefaultGenericMobileDriver.findElement(DefaultGenericMobileDriver.java:61)
at io.appium.java_client.AppiumDriver.findElement(AppiumDriver.java:1)
at io.appium.java_client.windows.WindowsDriver.findElement(WindowsDriver.java:1)
at org.openqa.selenium.remote.RemoteWebDriver.findElementByName(RemoteWebDriver.java:404)
at io.appium.java_client.DefaultGenericMobileDriver.findElementByName(DefaultGenericMobileDriver.java:117)
at io.appium.java_client.AppiumDriver.findElementByName(AppiumDriver.java:1)
at io.appium.java_client.windows.WindowsDriver.findElementByName(WindowsDriver.java:1)
at org.openqa.selenium.By$ByName.findElement(By.java:284)
at org.openqa.selenium.remote.RemoteWebDriver.findElement(RemoteWebDriver.java:315)
at io.appium.java_client.DefaultGenericMobileDriver.findElement(DefaultGenericMobileDriver.java:57)
at io.appium.java_client.AppiumDriver.findElement(AppiumDriver.java:1)
at io.appium.java_client.windows.WindowsDriver.findElement(WindowsDriver.java:1)
at com.krystal.project.LabRepots.Importpathexits(LabRepots.java:422)
at com.krystal.project.LabRepots.filerangeexits(LabRepots.java:329)
at java.base/jdk.internal.reflect.DirectMethodHandleAccessor.invoke(DirectMethodHandleAccessor.java:104)
at java.base/java.lang.reflect.Method.invoke(Method.java:578)
at org.testng.internal.MethodInvocationHelper.invokeMethod(MethodInvocationHelper.java:133)
at org.testng.internal.TestInvoker.invokeMethod(TestInvoker.java:598)
at org.testng.internal.TestInvoker.invokeTestMethod(TestInvoker.java:173)
at org.testng.internal.MethodRunner.runInSequence(MethodRunner.java:46)
at org.testng.internal.TestInvoker$MethodInvocationAgent.invoke(TestInvoker.java:824)
at org.testng.internal.TestInvoker.invokeTestMethods(TestInvoker.java:146)
at org.testng.internal.TestMethodWorker.invokeTestMethods(TestMethodWorker.java:146)
at org.testng.internal.TestMethodWorker.run(TestMethodWorker.java:128)
at java.base/java.util.ArrayList.forEach(ArrayList.java:1511)
at org.testng.TestRunner.privateRun(TestRunner.java:794)
at org.testng.TestRunner.run(TestRunner.java:596)
at org.testng.SuiteRunner.runTest(SuiteRunner.java:377)
at org.testng.SuiteRunner.runSequentially(SuiteRunner.java:371)
at org.testng.SuiteRunner.privateRun(SuiteRunner.java:332)
at org.testng.SuiteRunner.run(SuiteRunner.java:276)
at org.testng.SuiteRunnerWorker.runSuite(SuiteRunnerWorker.java:53)
at org.testng.SuiteRunnerWorker.run(SuiteRunnerWorker.java:96)
at org.testng.TestNG.runSuitesSequentially(TestNG.java:1212)
at org.testng.TestNG.runSuitesLocally(TestNG.java:1134)
at org.testng.TestNG.runSuites(TestNG.java:1063)
at org.testng.TestNG.run(TestNG.java:1031)
at org.testng.remote.AbstractRemoteTestNG.run(AbstractRemoteTestNG.java:115)
at org.testng.remote.RemoteTestNG.initAndRun(RemoteTestNG.java:251)
at org.testng.remote.RemoteTestNG.main(RemoteTestNG.java:77)
]]>
    </error>
  </testcase> <!-- filerangeexits -->
  <system-out/>
  <testcase classname="com.krystal.project.LabRepots" name="Nextday" time="2.788"/>
  <system-out/>
  <testcase classname="com.krystal.project.LabRepots" name="databaseforprevious" time="0.018"/>
  <system-out/>
</testsuite> <!-- com.krystal.project.LabRepots -->
