<?xml version="1.0" encoding="UTF-8"?>
<!-- Generated by org.testng.reporters.JUnitReportReporter -->
<testsuite hostname="IT-00300-CPU" failures="0" tests="80" name="com.krystal.project.HolidaySettings" time="464.311" errors="1" timestamp="2023-12-05T17:18:40 IST" skipped="0">
  <testcase classname="com.krystal.project.HolidaySettings" name="Launch" time="9.348"/>
  <testcase classname="com.krystal.project.HolidaySettings" name="ToverifyholidaysettingsLabel" time="0.369"/>
  <testcase classname="com.krystal.project.HolidaySettings" name="ToverifyholidayconfigurationLabel" time="0.436"/>
  <testcase classname="com.krystal.project.HolidaySettings" name="ToverifyaddfieldLabel" time="1.003"/>
  <testcase classname="com.krystal.project.HolidaySettings" name="HolidaynameLabel" time="0.467"/>
  <testcase classname="com.krystal.project.HolidaySettings" name="ToverifyenternameoftheholidayhereLabel" time="0.840"/>
  <testcase classname="com.krystal.project.HolidaySettings" name="ToverifyholidaytypeLabel" time="0.484"/>
  <testcase classname="com.krystal.project.HolidaySettings" name="ToverifyholidayNormal" time="0.489"/>
  <testcase classname="com.krystal.project.HolidaySettings" name="ToverifyselectdayLabel" time="0.516"/>
  <testcase classname="com.krystal.project.HolidaySettings" name="ToverifyweeklyLabel" time="2.922"/>
  <testcase classname="com.krystal.project.HolidaySettings" name="ToverifyselectdaydropdownLabel" time="0.538"/>
  <testcase classname="com.krystal.project.HolidaySettings" name="ToverifycolorLabel" time="0.567"/>
  <testcase classname="com.krystal.project.HolidaySettings" name="ToverifydescriptionLabel" time="0.549"/>
  <testcase classname="com.krystal.project.HolidaySettings" name="ToverifyentersomedescriptionabouttheholidayLabel" time="0.948"/>
  <testcase classname="com.krystal.project.HolidaySettings" name="ToverifyisconsecutiveyearlyLabel" time="0.593"/>
  <testcase classname="com.krystal.project.HolidaySettings" name="ToverifystartyearLabel" time="0.619"/>
  <testcase classname="com.krystal.project.HolidaySettings" name="ToverifyenterstartyearLabel" time="0.994"/>
  <testcase classname="com.krystal.project.HolidaySettings" name="ToverifyendyearLabel" time="0.621"/>
  <testcase classname="com.krystal.project.HolidaySettings" name="ToverifyenterendingyearLabel" time="1.061"/>
  <testcase classname="com.krystal.project.HolidaySettings" name="ToverifyaddLabel" time="1.059"/>
  <testcase classname="com.krystal.project.HolidaySettings" name="ToverifyresetLabel" time="0.995"/>
  <testcase classname="com.krystal.project.HolidaySettings" name="ToverifyholidaylistLabel" time="0.370"/>
  <testcase classname="com.krystal.project.HolidaySettings" name="ToverifysearchholidayLabel" time="0.657"/>
  <testcase classname="com.krystal.project.HolidaySettings" name="Toverifyholidayname" time="0.473"/>
  <testcase classname="com.krystal.project.HolidaySettings" name="ToverifydatedayLabel" time="1.166"/>
  <testcase classname="com.krystal.project.HolidaySettings" name="Toverifydescription" time="0.564"/>
  <testcase classname="com.krystal.project.HolidaySettings" name="Toverifyisconsecutiveyearlylabel" time="0.602"/>
  <testcase classname="com.krystal.project.HolidaySettings" name="Toverifyiscolorlabel" time="0.573"/>
  <testcase classname="com.krystal.project.HolidaySettings" name="Toverifyholidaytype" time="0.494"/>
  <testcase classname="com.krystal.project.HolidaySettings" name="Addbuttonclick" time="1.961"/>
  <testcase classname="com.krystal.project.HolidaySettings" name="ValidHolidayname" time="6.564"/>
  <testcase classname="com.krystal.project.HolidaySettings" name="Holidaynamealreadyexits" time="6.482"/>
  <testcase classname="com.krystal.project.HolidaySettings" name="HolidaynameValidtextcases" time="37.558"/>
  <testcase classname="com.krystal.project.HolidaySettings" name="databaseconnectionsavecheck" time="0.364">
    <error message="Index 0 out of bounds for length 0" type="java.lang.IndexOutOfBoundsException">
      <![CDATA[java.lang.IndexOutOfBoundsException: Index 0 out of bounds for length 0
at java.base/jdk.internal.util.Preconditions.outOfBounds(Preconditions.java:64)
at java.base/jdk.internal.util.Preconditions.outOfBoundsCheckIndex(Preconditions.java:70)
at java.base/jdk.internal.util.Preconditions.checkIndex(Preconditions.java:248)
at java.base/java.util.Objects.checkIndex(Objects.java:372)
at java.base/java.util.ArrayList.get(ArrayList.java:459)
at com.krystal.project.HolidaySettings.Holidayconfig(HolidaySettings.java:1501)
at com.krystal.project.HolidaySettings.databaseconnectionsavecheck(HolidaySettings.java:412)
at java.base/jdk.internal.reflect.NativeMethodAccessorImpl.invoke0(Native Method)
at java.base/jdk.internal.reflect.NativeMethodAccessorImpl.invoke(NativeMethodAccessorImpl.java:62)
at java.base/jdk.internal.reflect.DelegatingMethodAccessorImpl.invoke(DelegatingMethodAccessorImpl.java:43)
at java.base/java.lang.reflect.Method.invoke(Method.java:566)
at org.testng.internal.invokers.MethodInvocationHelper.invokeMethod(MethodInvocationHelper.java:139)
at org.testng.internal.invokers.TestInvoker.invokeMethod(TestInvoker.java:664)
at org.testng.internal.invokers.TestInvoker.invokeTestMethod(TestInvoker.java:227)
at org.testng.internal.invokers.MethodRunner.runInSequence(MethodRunner.java:50)
at org.testng.internal.invokers.TestInvoker$MethodInvocationAgent.invoke(TestInvoker.java:957)
at org.testng.internal.invokers.TestInvoker.invokeTestMethods(TestInvoker.java:200)
at org.testng.internal.invokers.TestMethodWorker.invokeTestMethods(TestMethodWorker.java:148)
at org.testng.internal.invokers.TestMethodWorker.run(TestMethodWorker.java:128)
at java.base/java.util.ArrayList.forEach(ArrayList.java:1541)
at org.testng.TestRunner.privateRun(TestRunner.java:848)
at org.testng.TestRunner.run(TestRunner.java:621)
at org.testng.SuiteRunner.runTest(SuiteRunner.java:443)
at org.testng.SuiteRunner.runSequentially(SuiteRunner.java:437)
at org.testng.SuiteRunner.privateRun(SuiteRunner.java:397)
at org.testng.SuiteRunner.run(SuiteRunner.java:336)
at org.testng.SuiteRunnerWorker.runSuite(SuiteRunnerWorker.java:52)
at org.testng.SuiteRunnerWorker.run(SuiteRunnerWorker.java:95)
at org.testng.TestNG.runSuitesSequentially(TestNG.java:1280)
at org.testng.TestNG.runSuitesLocally(TestNG.java:1200)
at org.testng.TestNG.runSuites(TestNG.java:1114)
at org.testng.TestNG.run(TestNG.java:1082)
at org.testng.remote.AbstractRemoteTestNG.run(AbstractRemoteTestNG.java:115)
at org.testng.remote.RemoteTestNG.initAndRun(RemoteTestNG.java:251)
at org.testng.remote.RemoteTestNG.main(RemoteTestNG.java:77)
]]>
    </error>
  </testcase> <!-- databaseconnectionsavecheck -->
  <testcase classname="com.krystal.project.HolidaySettings" name="FunHolidaynameinvalid" time="8.405"/>
  <testcase classname="com.krystal.project.HolidaySettings" name="HolidayanamelessthanRange" time="2.823"/>
  <testcase classname="com.krystal.project.HolidaySettings" name="Holidayanamespecialchar1" time="3.437"/>
  <testcase classname="com.krystal.project.HolidaySettings" name="Bydefaultnormal" time="0.994"/>
  <testcase classname="com.krystal.project.HolidaySettings" name="Weekly" time="2.525"/>
  <testcase classname="com.krystal.project.HolidaySettings" name="Normal" time="2.565"/>
  <testcase classname="com.krystal.project.HolidaySettings" name="Weeklysave" time="7.965"/>
  <testcase classname="com.krystal.project.HolidaySettings" name="Normalsave" time="8.892"/>
  <testcase classname="com.krystal.project.HolidaySettings" name="selectdate" time="9.138"/>
  <testcase classname="com.krystal.project.HolidaySettings" name="SelectRandomday" time="11.060"/>
  <testcase classname="com.krystal.project.HolidaySettings" name="PreviousandNextday" time="5.281"/>
  <testcase classname="com.krystal.project.HolidaySettings" name="Selectnextmonth" time="8.627"/>
  <testcase classname="com.krystal.project.HolidaySettings" name="SelectMonday" time="9.568"/>
  <testcase classname="com.krystal.project.HolidaySettings" name="SelectTuesday" time="9.468"/>
  <testcase classname="com.krystal.project.HolidaySettings" name="SelectWednesday" time="9.844"/>
  <testcase classname="com.krystal.project.HolidaySettings" name="SelectThursday" time="10.583"/>
  <testcase classname="com.krystal.project.HolidaySettings" name="SelectFriday" time="11.124"/>
  <testcase classname="com.krystal.project.HolidaySettings" name="SelectSaturday" time="10.498"/>
  <testcase classname="com.krystal.project.HolidaySettings" name="descriptionalpha" time="10.550"/>
  <testcase classname="com.krystal.project.HolidaySettings" name="descriptionnumbers" time="9.908"/>
  <testcase classname="com.krystal.project.HolidaySettings" name="Holidayanamespecialchar" time="3.537"/>
  <testcase classname="com.krystal.project.HolidaySettings" name="isconsectiveEnable" time="4.954"/>
  <testcase classname="com.krystal.project.HolidaySettings" name="isdisableconsecutive" time="2.593"/>
  <testcase classname="com.krystal.project.HolidaySettings" name="isenableconsecutive" time="0.397"/>
  <testcase classname="com.krystal.project.HolidaySettings" name="consecutivetextboxenable" time="3.159"/>
  <testcase classname="com.krystal.project.HolidaySettings" name="Startyearinvaliddata" time="22.186"/>
  <testcase classname="com.krystal.project.HolidaySettings" name="Startvaliddata" time="1.990"/>
  <testcase classname="com.krystal.project.HolidaySettings" name="Endyearinvaliddata" time="23.312"/>
  <testcase classname="com.krystal.project.HolidaySettings" name="Endyearvalid" time="4.997"/>
  <testcase classname="com.krystal.project.HolidaySettings" name="reseticonname" time="5.531"/>
  <testcase classname="com.krystal.project.HolidaySettings" name="reseticonholidaytype" time="3.520"/>
  <testcase classname="com.krystal.project.HolidaySettings" name="reseticoncolor" time="10.304"/>
  <testcase classname="com.krystal.project.HolidaySettings" name="reseticondescription" time="6.085"/>
  <testcase classname="com.krystal.project.HolidaySettings" name="resetconsectuive" time="14.155"/>
  <testcase classname="com.krystal.project.HolidaySettings" name="Addiconname" time="9.931"/>
  <testcase classname="com.krystal.project.HolidaySettings" name="Addiconholidaytype" time="3.302"/>
  <testcase classname="com.krystal.project.HolidaySettings" name="Addiconcolor" time="10.817"/>
  <testcase classname="com.krystal.project.HolidaySettings" name="Addicondescription" time="6.004"/>
  <testcase classname="com.krystal.project.HolidaySettings" name="Addconsectuive" time="13.900"/>
  <testcase classname="com.krystal.project.HolidaySettings" name="Editenable" time="9.058"/>
  <testcase classname="com.krystal.project.HolidaySettings" name="EditHolidayok" time="10.287"/>
  <testcase classname="com.krystal.project.HolidaySettings" name="Deleteenable" time="13.910"/>
  <testcase classname="com.krystal.project.HolidaySettings" name="DeleteHolidayok" time="18.613"/>
  <testcase classname="com.krystal.project.HolidaySettings" name="deletedatanotdisplayed" time="5.083"/>
  <testcase classname="com.krystal.project.HolidaySettings" name="deleteddataenetred" time="6.070"/>
  <testcase classname="com.krystal.project.HolidaySettings" name="holidaysearch" time="14.115"/>
</testsuite> <!-- com.krystal.project.HolidaySettings -->
