<?xml version="1.0" encoding="UTF-8"?>
<!-- Generated by org.testng.reporters.JUnitReportReporter -->
<testsuite hostname="IT-00328-CPU" failures="0" tests="51" name="com.krystal.project.PatientListGUI" time="187.015" errors="1" timestamp="2023-11-18T12:09:08 IST" skipped="0">
  <testcase classname="com.krystal.project.PatientListGUI" name="Menu" time="12.003"/>
  <system-out/>
  <testcase classname="com.krystal.project.PatientListGUI" name="Signout" time="12.093"/>
  <system-out/>
  <testcase classname="com.krystal.project.PatientListGUI" name="Theme" time="12.718"/>
  <system-out/>
  <testcase classname="com.krystal.project.PatientListGUI" name="Password" time="12.025"/>
  <system-out/>
  <testcase classname="com.krystal.project.PatientListGUI" name="Patientlist" time="0.357"/>
  <system-out/>
  <testcase classname="com.krystal.project.PatientListGUI" name="Patienttablelist" time="6.922"/>
  <system-out/>
  <testcase classname="com.krystal.project.PatientListGUI" name="SelectAll" time="0.430"/>
  <system-out/>
  <testcase classname="com.krystal.project.PatientListGUI" name="Age" time="0.411"/>
  <system-out/>
  <testcase classname="com.krystal.project.PatientListGUI" name="CreatedDate" time="0.417"/>
  <system-out/>
  <testcase classname="com.krystal.project.PatientListGUI" name="Dateofbirth" time="0.425"/>
  <system-out/>
  <testcase classname="com.krystal.project.PatientListGUI" name="Genderpatient" time="0.437"/>
  <system-out/>
  <testcase classname="com.krystal.project.PatientListGUI" name="Machine" time="0.443"/>
  <system-out/>
  <testcase classname="com.krystal.project.PatientListGUI" name="ModifiedDate" time="0.462"/>
  <system-out/>
  <testcase classname="com.krystal.project.PatientListGUI" name="OtherID" time="0.474"/>
  <system-out/>
  <testcase classname="com.krystal.project.PatientListGUI" name="Physician" time="7.538"/>
  <system-out/>
  <testcase classname="com.krystal.project.PatientListGUI" name="Name" time="1.120"/>
  <system-out/>
  <testcase classname="com.krystal.project.PatientListGUI" name="RTID" time="1.068"/>
  <system-out/>
  <testcase classname="com.krystal.project.PatientListGUI" name="OtherID1" time="1.139"/>
  <system-out/>
  <testcase classname="com.krystal.project.PatientListGUI" name="Gender1" time="7.435"/>
  <system-out/>
  <testcase classname="com.krystal.project.PatientListGUI" name="Selectall" time="1.265"/>
  <system-out/>
  <testcase classname="com.krystal.project.PatientListGUI" name="Male" time="0.413"/>
  <system-out/>
  <testcase classname="com.krystal.project.PatientListGUI" name="Female" time="0.410"/>
  <system-out/>
  <testcase classname="com.krystal.project.PatientListGUI" name="Others" time="7.376"/>
  <system-out/>
  <testcase classname="com.krystal.project.PatientListGUI" name="DateofBirth" time="1.315"/>
  <system-out/>
  <testcase classname="com.krystal.project.PatientListGUI" name="Age1" time="1.261"/>
  <system-out/>
  <testcase classname="com.krystal.project.PatientListGUI" name="Createddate" time="1.265"/>
  <system-out/>
  <testcase classname="com.krystal.project.PatientListGUI" name="Modifieddate" time="1.289"/>
  <system-out/>
  <testcase classname="com.krystal.project.PatientListGUI" name="Physician1" time="1.297"/>
  <system-out/>
  <testcase classname="com.krystal.project.PatientListGUI" name="Machine1" time="1.304"/>
  <system-out/>
  <testcase classname="com.krystal.project.PatientListGUI" name="SearchRTID" time="7.326"/>
  <system-out/>
  <testcase classname="com.krystal.project.PatientListGUI" name="Dateofbirth1" time="0.422"/>
  <system-out/>
  <testcase classname="com.krystal.project.PatientListGUI" name="Name1" time="0.421"/>
  <system-out/>
  <testcase classname="com.krystal.project.PatientListGUI" name="Otherid" time="0.417"/>
  <system-out/>
  <testcase classname="com.krystal.project.PatientListGUI" name="RTID1" time="9.379"/>
  <system-out/>
  <testcase classname="com.krystal.project.PatientListGUI" name="Patientmenu" time="0.456"/>
  <system-out/>
  <testcase classname="com.krystal.project.PatientListGUI" name="Demographics" time="0.794"/>
  <system-out/>
  <testcase classname="com.krystal.project.PatientListGUI" name="Prescription" time="0.803"/>
  <system-out/>
  <testcase classname="com.krystal.project.PatientListGUI" name="PlanApproval" time="0.820"/>
  <system-out/>
  <testcase classname="com.krystal.project.PatientListGUI" name="Scheduling" time="0.842"/>
  <system-out/>
  <testcase classname="com.krystal.project.PatientListGUI" name="Vitals" time="0.864"/>
  <system-out/>
  <testcase classname="com.krystal.project.PatientListGUI" name="LabReports" time="0.882"/>
  <system-out/>
  <testcase classname="com.krystal.project.PatientListGUI" name="Treatmentreview" time="0.899"/>
  <system-out/>
  <testcase classname="com.krystal.project.PatientListGUI" name="SoftwareVersion" time="3.310"/>
  <system-out/>
  <testcase classname="com.krystal.project.PatientListGUI" name="HospitalName" time="21.699"/>
  <system-out/>
  <testcase classname="com.krystal.project.PatientListGUI" name="Namesort" time="8.979"/>
  <system-out/>
  <testcase classname="com.krystal.project.PatientListGUI" name="RTIDsort" time="6.357"/>
  <system-out/>
  <testcase classname="com.krystal.project.PatientListGUI" name="OtherIDsort" time="6.355"/>
  <system-out/>
  <testcase classname="com.krystal.project.PatientListGUI" name="Agesort" time="6.384"/>
  <system-out/>
  <testcase classname="com.krystal.project.PatientListGUI" name="CreatedDatesort" time="6.427"/>
  <system-out/>
  <testcase classname="com.krystal.project.PatientListGUI" name="ModifiedDatesort" time="6.005">
    <error message="Index 5 out of bounds for length 5" type="java.lang.IndexOutOfBoundsException">
      <![CDATA[java.lang.IndexOutOfBoundsException: Index 5 out of bounds for length 5
at java.base/jdk.internal.util.Preconditions.outOfBounds(Preconditions.java:100)
at java.base/jdk.internal.util.Preconditions.outOfBoundsCheckIndex(Preconditions.java:106)
at java.base/jdk.internal.util.Preconditions.checkIndex(Preconditions.java:302)
at java.base/java.util.Objects.checkIndex(Objects.java:385)
at java.base/java.util.ArrayList.get(ArrayList.java:427)
at com.krystal.project.PatientListGUI.ModifiedDatesort(PatientListGUI.java:416)
at java.base/jdk.internal.reflect.DirectMethodHandleAccessor.invoke(DirectMethodHandleAccessor.java:104)
at java.base/java.lang.reflect.Method.invoke(Method.java:578)
at org.testng.internal.MethodInvocationHelper.invokeMethod(MethodInvocationHelper.java:133)
at org.testng.internal.TestInvoker.invokeMethod(TestInvoker.java:598)
at org.testng.internal.TestInvoker.invokeTestMethod(TestInvoker.java:173)
at org.testng.internal.MethodRunner.runInSequence(MethodRunner.java:46)
at org.testng.internal.TestInvoker$MethodInvocationAgent.invoke(TestInvoker.java:824)
at org.testng.internal.TestInvoker.invokeTestMethods(TestInvoker.java:146)
at org.testng.internal.TestMethodWorker.invokeTestMethods(TestMethodWorker.java:146)
at org.testng.internal.TestMethodWorker.run(TestMethodWorker.java:128)
at java.base/java.util.ArrayList.forEach(ArrayList.java:1511)
at org.testng.TestRunner.privateRun(TestRunner.java:794)
at org.testng.TestRunner.run(TestRunner.java:596)
at org.testng.SuiteRunner.runTest(SuiteRunner.java:377)
at org.testng.SuiteRunner.runSequentially(SuiteRunner.java:371)
at org.testng.SuiteRunner.privateRun(SuiteRunner.java:332)
at org.testng.SuiteRunner.run(SuiteRunner.java:276)
at org.testng.SuiteRunnerWorker.runSuite(SuiteRunnerWorker.java:53)
at org.testng.SuiteRunnerWorker.run(SuiteRunnerWorker.java:96)
at org.testng.TestNG.runSuitesSequentially(TestNG.java:1212)
at org.testng.TestNG.runSuitesLocally(TestNG.java:1134)
at org.testng.TestNG.runSuites(TestNG.java:1063)
at org.testng.TestNG.run(TestNG.java:1031)
at org.testng.remote.AbstractRemoteTestNG.run(AbstractRemoteTestNG.java:115)
at org.testng.remote.RemoteTestNG.initAndRun(RemoteTestNG.java:251)
at org.testng.remote.RemoteTestNG.main(RemoteTestNG.java:77)
]]>
    </error>
  </testcase> <!-- ModifiedDatesort -->
  <system-out/>
  <testcase classname="com.krystal.project.PatientListGUI" name="PageEnable" time="2.062"/>
  <system-out/>
</testsuite> <!-- com.krystal.project.PatientListGUI -->
