<?xml version="1.0" encoding="UTF-8"?>
<!-- Generated by org.testng.reporters.JUnitReportReporter -->
<testsuite hostname="IT-00328-CPU" failures="0" tests="89" name="com.krystal.project.FieldConfigurationSid" time="1279.621" errors="2" timestamp="2023-11-23T12:23:17 IST" skipped="0">
  <testcase classname="com.krystal.project.FieldConfigurationSid" name="ValidFieldname" time="14.940"/>
  <system-out/>
  <testcase classname="com.krystal.project.FieldConfigurationSid" name="ValidFieldname" time="14.729"/>
  <system-out/>
  <testcase classname="com.krystal.project.FieldConfigurationSid" name="ValidFieldname" time="14.142"/>
  <system-out/>
  <testcase classname="com.krystal.project.FieldConfigurationSid" name="ValidFieldname" time="14.761"/>
  <system-out/>
  <testcase classname="com.krystal.project.FieldConfigurationSid" name="ValidFieldname" time="14.914"/>
  <system-out/>
  <testcase classname="com.krystal.project.FieldConfigurationSid" name="ValidFieldname" time="14.518"/>
  <system-out/>
  <testcase classname="com.krystal.project.FieldConfigurationSid" name="ValidFieldname" time="14.528"/>
  <system-out/>
  <testcase classname="com.krystal.project.FieldConfigurationSid" name="ValidFieldname" time="14.630"/>
  <system-out/>
  <testcase classname="com.krystal.project.FieldConfigurationSid" name="ValidFieldname" time="14.453"/>
  <system-out/>
  <testcase classname="com.krystal.project.FieldConfigurationSid" name="ValidFieldname" time="14.223"/>
  <system-out/>
  <testcase classname="com.krystal.project.FieldConfigurationSid" name="ValidFieldname" time="14.450"/>
  <system-out/>
  <testcase classname="com.krystal.project.FieldConfigurationSid" name="ValidFieldname" time="14.486"/>
  <system-out/>
  <testcase classname="com.krystal.project.FieldConfigurationSid" name="ValidFieldname" time="14.347"/>
  <system-out/>
  <testcase classname="com.krystal.project.FieldConfigurationSid" name="ValidFieldname" time="14.641"/>
  <system-out/>
  <testcase classname="com.krystal.project.FieldConfigurationSid" name="ValidFieldname" time="14.611"/>
  <system-out/>
  <testcase classname="com.krystal.project.FieldConfigurationSid" name="Additionalsearch" time="100.774"/>
  <system-out/>
  <testcase classname="com.krystal.project.FieldConfigurationSid" name="Validsym" time="14.659"/>
  <system-out/>
  <testcase classname="com.krystal.project.FieldConfigurationSid" name="Validsym" time="14.429"/>
  <system-out/>
  <testcase classname="com.krystal.project.FieldConfigurationSid" name="Validsym" time="14.575"/>
  <system-out/>
  <testcase classname="com.krystal.project.FieldConfigurationSid" name="Validsym" time="14.709"/>
  <system-out/>
  <testcase classname="com.krystal.project.FieldConfigurationSid" name="Validsym" time="14.425"/>
  <system-out/>
  <testcase classname="com.krystal.project.FieldConfigurationSid" name="Validsym" time="14.401"/>
  <system-out/>
  <testcase classname="com.krystal.project.FieldConfigurationSid" name="Validsym" time="14.539"/>
  <system-out/>
  <testcase classname="com.krystal.project.FieldConfigurationSid" name="Validsym" time="14.497"/>
  <system-out/>
  <testcase classname="com.krystal.project.FieldConfigurationSid" name="Validsym" time="14.468"/>
  <system-out/>
  <testcase classname="com.krystal.project.FieldConfigurationSid" name="Validsym" time="14.402"/>
  <system-out/>
  <testcase classname="com.krystal.project.FieldConfigurationSid" name="Validsym" time="14.366"/>
  <system-out/>
  <testcase classname="com.krystal.project.FieldConfigurationSid" name="Validsym" time="14.539"/>
  <system-out/>
  <testcase classname="com.krystal.project.FieldConfigurationSid" name="Validsym" time="14.619"/>
  <system-out/>
  <testcase classname="com.krystal.project.FieldConfigurationSid" name="Validsym" time="14.583"/>
  <system-out/>
  <testcase classname="com.krystal.project.FieldConfigurationSid" name="Validsym" time="14.720"/>
  <system-out/>
  <testcase classname="com.krystal.project.FieldConfigurationSid" name="Validsym" time="14.464"/>
  <system-out/>
  <testcase classname="com.krystal.project.FieldConfigurationSid" name="Validsym" time="14.365"/>
  <system-out/>
  <testcase classname="com.krystal.project.FieldConfigurationSid" name="Validsym" time="14.918"/>
  <system-out/>
  <testcase classname="com.krystal.project.FieldConfigurationSid" name="Validsym" time="14.502"/>
  <system-out/>
  <testcase classname="com.krystal.project.FieldConfigurationSid" name="Validsym" time="14.535"/>
  <system-out/>
  <testcase classname="com.krystal.project.FieldConfigurationSid" name="Validsym" time="14.497"/>
  <system-out/>
  <testcase classname="com.krystal.project.FieldConfigurationSid" name="databasesymmetric" time="0.234">
    <error message="Index 15 out of bounds for length 15" type="java.lang.IndexOutOfBoundsException">
      <![CDATA[java.lang.IndexOutOfBoundsException: Index 15 out of bounds for length 15
at java.base/jdk.internal.util.Preconditions.outOfBounds(Preconditions.java:100)
at java.base/jdk.internal.util.Preconditions.outOfBoundsCheckIndex(Preconditions.java:106)
at java.base/jdk.internal.util.Preconditions.checkIndex(Preconditions.java:302)
at java.base/java.util.Objects.checkIndex(Objects.java:385)
at java.base/java.util.ArrayList.get(ArrayList.java:427)
at com.krystal.project.FieldConfigurationSid.DataConfigconfig(FieldConfigurationSid.java:118)
at com.krystal.project.FieldConfigurationSid.databasesymmetric(FieldConfigurationSid.java:193)
at java.base/jdk.internal.reflect.DirectMethodHandleAccessor.invoke(DirectMethodHandleAccessor.java:104)
at java.base/java.lang.reflect.Method.invoke(Method.java:578)
at org.testng.internal.MethodInvocationHelper.invokeMethod(MethodInvocationHelper.java:133)
at org.testng.internal.TestInvoker.invokeMethod(TestInvoker.java:598)
at org.testng.internal.TestInvoker.invokeTestMethod(TestInvoker.java:173)
at org.testng.internal.MethodRunner.runInSequence(MethodRunner.java:46)
at org.testng.internal.TestInvoker$MethodInvocationAgent.invoke(TestInvoker.java:824)
at org.testng.internal.TestInvoker.invokeTestMethods(TestInvoker.java:146)
at org.testng.internal.TestMethodWorker.invokeTestMethods(TestMethodWorker.java:146)
at org.testng.internal.TestMethodWorker.run(TestMethodWorker.java:128)
at java.base/java.util.ArrayList.forEach(ArrayList.java:1511)
at org.testng.TestRunner.privateRun(TestRunner.java:794)
at org.testng.TestRunner.run(TestRunner.java:596)
at org.testng.SuiteRunner.runTest(SuiteRunner.java:377)
at org.testng.SuiteRunner.runSequentially(SuiteRunner.java:371)
at org.testng.SuiteRunner.privateRun(SuiteRunner.java:332)
at org.testng.SuiteRunner.run(SuiteRunner.java:276)
at org.testng.SuiteRunnerWorker.runSuite(SuiteRunnerWorker.java:53)
at org.testng.SuiteRunnerWorker.run(SuiteRunnerWorker.java:96)
at org.testng.TestNG.runSuitesSequentially(TestNG.java:1212)
at org.testng.TestNG.runSuitesLocally(TestNG.java:1134)
at org.testng.TestNG.runSuites(TestNG.java:1063)
at org.testng.TestNG.run(TestNG.java:1031)
at org.testng.remote.AbstractRemoteTestNG.run(AbstractRemoteTestNG.java:115)
at org.testng.remote.RemoteTestNG.initAndRun(RemoteTestNG.java:251)
at org.testng.remote.RemoteTestNG.main(RemoteTestNG.java:77)
]]>
    </error>
  </testcase> <!-- databasesymmetric -->
  <system-out/>
  <testcase classname="com.krystal.project.FieldConfigurationSid" name="InValidFieldname" time="10.613"/>
  <system-out/>
  <testcase classname="com.krystal.project.FieldConfigurationSid" name="InValidFieldname" time="10.242"/>
  <system-out/>
  <testcase classname="com.krystal.project.FieldConfigurationSid" name="InValidFieldname" time="10.148"/>
  <system-out/>
  <testcase classname="com.krystal.project.FieldConfigurationSid" name="InValidFieldname" time="9.842"/>
  <system-out/>
  <testcase classname="com.krystal.project.FieldConfigurationSid" name="InValidFieldname" time="10.108"/>
  <system-out/>
  <testcase classname="com.krystal.project.FieldConfigurationSid" name="inValidsym" time="8.188"/>
  <system-out/>
  <testcase classname="com.krystal.project.FieldConfigurationSid" name="inValidsym" time="8.536"/>
  <system-out/>
  <testcase classname="com.krystal.project.FieldConfigurationSid" name="inValidsym" time="8.548"/>
  <system-out/>
  <testcase classname="com.krystal.project.FieldConfigurationSid" name="inValidsym" time="9.266"/>
  <system-out/>
  <testcase classname="com.krystal.project.FieldConfigurationSid" name="inValidsym" time="9.273"/>
  <system-out/>
  <testcase classname="com.krystal.project.FieldConfigurationSid" name="inValidsym" time="11.160"/>
  <system-out/>
  <testcase classname="com.krystal.project.FieldConfigurationSid" name="inValidsym" time="9.384"/>
  <system-out/>
  <testcase classname="com.krystal.project.FieldConfigurationSid" name="ValidAsym" time="15.760"/>
  <system-out/>
  <testcase classname="com.krystal.project.FieldConfigurationSid" name="ValidAsym" time="15.434"/>
  <system-out/>
  <testcase classname="com.krystal.project.FieldConfigurationSid" name="ValidAsym" time="15.701"/>
  <system-out/>
  <testcase classname="com.krystal.project.FieldConfigurationSid" name="ValidAsym" time="12.981"/>
  <system-out/>
  <testcase classname="com.krystal.project.FieldConfigurationSid" name="ValidAsym" time="15.516"/>
  <system-out/>
  <testcase classname="com.krystal.project.FieldConfigurationSid" name="ValidAsym" time="15.603"/>
  <system-out/>
  <testcase classname="com.krystal.project.FieldConfigurationSid" name="ValidAsym" time="15.536"/>
  <system-out/>
  <testcase classname="com.krystal.project.FieldConfigurationSid" name="ValidAsym" time="15.178"/>
  <system-out/>
  <testcase classname="com.krystal.project.FieldConfigurationSid" name="ValidAsym" time="15.376"/>
  <system-out/>
  <testcase classname="com.krystal.project.FieldConfigurationSid" name="ValidAsym" time="15.501"/>
  <system-out/>
  <testcase classname="com.krystal.project.FieldConfigurationSid" name="ValidAsym" time="15.388"/>
  <system-out/>
  <testcase classname="com.krystal.project.FieldConfigurationSid" name="ValidAsym" time="12.824"/>
  <system-out/>
  <testcase classname="com.krystal.project.FieldConfigurationSid" name="ValidAsym" time="15.284"/>
  <system-out/>
  <testcase classname="com.krystal.project.FieldConfigurationSid" name="ValidAsym" time="15.301"/>
  <system-out/>
  <testcase classname="com.krystal.project.FieldConfigurationSid" name="ValidAsym" time="15.157"/>
  <system-out/>
  <testcase classname="com.krystal.project.FieldConfigurationSid" name="ValidAsym" time="15.077"/>
  <system-out/>
  <testcase classname="com.krystal.project.FieldConfigurationSid" name="ValidAsym" time="15.245"/>
  <system-out/>
  <testcase classname="com.krystal.project.FieldConfigurationSid" name="ValidAsym" time="15.172"/>
  <system-out/>
  <testcase classname="com.krystal.project.FieldConfigurationSid" name="ValidAsym" time="15.502"/>
  <system-out/>
  <testcase classname="com.krystal.project.FieldConfigurationSid" name="ValidAsym" time="15.400"/>
  <system-out/>
  <testcase classname="com.krystal.project.FieldConfigurationSid" name="ValidAsym" time="15.115"/>
  <system-out/>
  <testcase classname="com.krystal.project.FieldConfigurationSid" name="ValidAsym" time="15.330"/>
  <system-out/>
  <testcase classname="com.krystal.project.FieldConfigurationSid" name="ValidAsym" time="15.262"/>
  <system-out/>
  <testcase classname="com.krystal.project.FieldConfigurationSid" name="ValidAsym" time="15.648"/>
  <system-out/>
  <testcase classname="com.krystal.project.FieldConfigurationSid" name="ValidAsym" time="15.400"/>
  <system-out/>
  <testcase classname="com.krystal.project.FieldConfigurationSid" name="databaseAssymmetric" time="0.040">
    <error message="Index 15 out of bounds for length 15" type="java.lang.IndexOutOfBoundsException">
      <![CDATA[java.lang.IndexOutOfBoundsException: Index 15 out of bounds for length 15
at java.base/jdk.internal.util.Preconditions.outOfBounds(Preconditions.java:100)
at java.base/jdk.internal.util.Preconditions.outOfBoundsCheckIndex(Preconditions.java:106)
at java.base/jdk.internal.util.Preconditions.checkIndex(Preconditions.java:302)
at java.base/java.util.Objects.checkIndex(Objects.java:385)
at java.base/java.util.ArrayList.get(ArrayList.java:427)
at com.krystal.project.FieldConfigurationSid.DataConfigconfig(FieldConfigurationSid.java:118)
at com.krystal.project.FieldConfigurationSid.databaseAssymmetric(FieldConfigurationSid.java:297)
at java.base/jdk.internal.reflect.DirectMethodHandleAccessor.invoke(DirectMethodHandleAccessor.java:104)
at java.base/java.lang.reflect.Method.invoke(Method.java:578)
at org.testng.internal.MethodInvocationHelper.invokeMethod(MethodInvocationHelper.java:133)
at org.testng.internal.TestInvoker.invokeMethod(TestInvoker.java:598)
at org.testng.internal.TestInvoker.invokeTestMethod(TestInvoker.java:173)
at org.testng.internal.MethodRunner.runInSequence(MethodRunner.java:46)
at org.testng.internal.TestInvoker$MethodInvocationAgent.invoke(TestInvoker.java:824)
at org.testng.internal.TestInvoker.invokeTestMethods(TestInvoker.java:146)
at org.testng.internal.TestMethodWorker.invokeTestMethods(TestMethodWorker.java:146)
at org.testng.internal.TestMethodWorker.run(TestMethodWorker.java:128)
at java.base/java.util.ArrayList.forEach(ArrayList.java:1511)
at org.testng.TestRunner.privateRun(TestRunner.java:794)
at org.testng.TestRunner.run(TestRunner.java:596)
at org.testng.SuiteRunner.runTest(SuiteRunner.java:377)
at org.testng.SuiteRunner.runSequentially(SuiteRunner.java:371)
at org.testng.SuiteRunner.privateRun(SuiteRunner.java:332)
at org.testng.SuiteRunner.run(SuiteRunner.java:276)
at org.testng.SuiteRunnerWorker.runSuite(SuiteRunnerWorker.java:53)
at org.testng.SuiteRunnerWorker.run(SuiteRunnerWorker.java:96)
at org.testng.TestNG.runSuitesSequentially(TestNG.java:1212)
at org.testng.TestNG.runSuitesLocally(TestNG.java:1134)
at org.testng.TestNG.runSuites(TestNG.java:1063)
at org.testng.TestNG.run(TestNG.java:1031)
at org.testng.remote.AbstractRemoteTestNG.run(AbstractRemoteTestNG.java:115)
at org.testng.remote.RemoteTestNG.initAndRun(RemoteTestNG.java:251)
at org.testng.remote.RemoteTestNG.main(RemoteTestNG.java:77)
]]>
    </error>
  </testcase> <!-- databaseAssymmetric -->
  <system-out/>
  <testcase classname="com.krystal.project.FieldConfigurationSid" name="inValidAsymblank" time="10.524"/>
  <system-out/>
  <testcase classname="com.krystal.project.FieldConfigurationSid" name="inValidAsymblank" time="10.377"/>
  <system-out/>
  <testcase classname="com.krystal.project.FieldConfigurationSid" name="inValidAsymblank" time="10.269"/>
  <system-out/>
  <testcase classname="com.krystal.project.FieldConfigurationSid" name="inValidAsymblank" time="10.766"/>
  <system-out/>
  <testcase classname="com.krystal.project.FieldConfigurationSid" name="inValidAsymblank" time="10.407"/>
  <system-out/>
  <testcase classname="com.krystal.project.FieldConfigurationSid" name="inValidAsym" time="13.643"/>
  <system-out/>
  <testcase classname="com.krystal.project.FieldConfigurationSid" name="inValidAsym" time="13.609"/>
  <system-out/>
  <testcase classname="com.krystal.project.FieldConfigurationSid" name="inValidAsym" time="13.597"/>
  <system-out/>
  <testcase classname="com.krystal.project.FieldConfigurationSid" name="inValidAsym" time="13.448"/>
  <system-out/>
  <testcase classname="com.krystal.project.FieldConfigurationSid" name="inValidAsym" time="13.497"/>
  <system-out/>
  <testcase classname="com.krystal.project.FieldConfigurationSid" name="inValidAsym" time="13.210"/>
  <system-out/>
  <testcase classname="com.krystal.project.FieldConfigurationSid" name="inValidAsym" time="13.203"/>
  <system-out/>
  <testcase classname="com.krystal.project.FieldConfigurationSid" name="inValidAsym" time="13.439"/>
  <system-out/>
</testsuite> <!-- com.krystal.project.FieldConfigurationSid -->
