<?xml version="1.0" encoding="UTF-8"?>
<!-- Generated by org.testng.reporters.JUnitReportReporter -->
<testsuite hostname="IT-00328-CPU" failures="0" tests="3" name="com.krystal.project.PrescriptionModules" time="3.832" errors="0" timestamp="2023-11-09T09:28:13 IST" skipped="0">
  <testcase classname="com.krystal.project.PrescriptionModules" name="ToverifyPrescriptionlabel" time="0.429"/>
  <system-out/>
  <testcase classname="com.krystal.project.PrescriptionModules" name="ToverifyPatientMenulabel" time="0.190"/>
  <system-out/>
  <testcase classname="com.krystal.project.PrescriptionModules" name="Toverifytreatmentparameterslabel" time="3.213"/>
  <system-out/>
</testsuite> <!-- com.krystal.project.PrescriptionModules -->
