<?xml version="1.0" encoding="UTF-8"?>
<!-- Generated by org.testng.reporters.JUnitReportReporter -->
<testsuite hostname="IT-00328-CPU" failures="0" tests="1" name="com.krystal.project.UserManagementFun" time="33.894" errors="0" timestamp="2023-11-28T15:41:23 IST" skipped="0">
  <testcase classname="com.krystal.project.UserManagementFun" name="Emptydatamessage" time="33.894"/>
  <system-out/>
</testsuite> <!-- com.krystal.project.UserManagementFun -->
