<?xml version="1.0" encoding="UTF-8"?>
<!-- Generated by org.testng.reporters.JUnitReportReporter -->
<testsuite hostname="IT-00328-CPU" failures="0" tests="3" name="com.krystal.project.DemographicsSmoketesting" time="597.033" errors="0" timestamp="2023-11-22T10:28:32 IST" skipped="0">
  <testcase classname="com.krystal.project.DemographicsSmoketesting" name="Addfield" time="5.326"/>
  <system-out/>
  <testcase classname="com.krystal.project.DemographicsSmoketesting" name="button" time="35.261"/>
  <system-out/>
  <testcase classname="com.krystal.project.DemographicsSmoketesting" name="savedata" time="556.446"/>
  <system-out/>
</testsuite> <!-- com.krystal.project.DemographicsSmoketesting -->
