<?xml version="1.0" encoding="UTF-8"?>
<!-- Generated by org.testng.reporters.JUnitReportReporter -->
<testsuite hostname="IT-00328-CPU" failures="0" tests="1" name="com.krystal.project.HolidaySettings" time="35.911" errors="0" timestamp="2023-11-27T15:52:09 IST" skipped="0">
  <testcase classname="com.krystal.project.HolidaySettings" name="color6" time="35.911"/>
  <system-out/>
</testsuite> <!-- com.krystal.project.HolidaySettings -->
