<?xml version="1.0" encoding="UTF-8"?>
<!-- Generated by org.testng.reporters.JUnitReportReporter -->
<testsuite hostname="IT-00300-CPU" failures="0" tests="166" name="com.krystal.project.TemplatesFun" time="1260.033" errors="0" timestamp="2023-12-05T17:18:40 IST" skipped="0">
  <testcase classname="com.krystal.project.TemplatesFun" name="Launch" time="12.388"/>
  <testcase classname="com.krystal.project.TemplatesFun" name="SaveButtonEnable" time="3.394"/>
  <testcase classname="com.krystal.project.TemplatesFun" name="defaultsaveclick" time="6.636"/>
  <testcase classname="com.krystal.project.TemplatesFun" name="Sitedropdowndefault" time="2.251"/>
  <testcase classname="com.krystal.project.TemplatesFun" name="Siteselction" time="3.606"/>
  <testcase classname="com.krystal.project.TemplatesFun" name="Templatetextfieldifenteredalphabets" time="4.228"/>
  <testcase classname="com.krystal.project.TemplatesFun" name="Templatetextfieldifenteringnumbers" time="1.877"/>
  <testcase classname="com.krystal.project.TemplatesFun" name="TemplatetextfieldifenteredSpecialcharcters" time="13.201"/>
  <testcase classname="com.krystal.project.TemplatesFun" name="TemplatetextfieldifenteringAlphanumeric" time="2.376"/>
  <testcase classname="com.krystal.project.TemplatesFun" name="TargetPrescriptionDosetextfieldwithoutdata" time="6.632"/>
  <testcase classname="com.krystal.project.TemplatesFun" name="TargetPrescriptionDosetextfieldifenterednumber" time="1.488"/>
  <testcase classname="com.krystal.project.TemplatesFun" name="TargetPrescriptionDosetextfieldifenteredMaxrange" time="1.749"/>
  <testcase classname="com.krystal.project.TemplatesFun" name="TargetPrescriptionDosetextfieldifenterednumberOutOfrange" time="4.590"/>
  <testcase classname="com.krystal.project.TemplatesFun" name="TargetPrescriptionDosetextfieldifenteredlessthanrange" time="4.376"/>
  <testcase classname="com.krystal.project.TemplatesFun" name="TargetPrescriptionDosetextfieldifenterednumberempty" time="3.907"/>
  <testcase classname="com.krystal.project.TemplatesFun" name="ToverifyTargetPrescriptionDosetextfieldifenteredAlphabets" time="4.746"/>
  <testcase classname="com.krystal.project.TemplatesFun" name="TargetPrescriptionDosetextfieldifenteredSpecialCharacter" time="4.304"/>
  <testcase classname="com.krystal.project.TemplatesFun" name="TargetPrescriptionDosetextfieldifenteredSpaces" time="4.343"/>
  <testcase classname="com.krystal.project.TemplatesFun" name="TargetPrescriptionDosetextfieldifenteredAplphanumeric" time="1.750"/>
  <testcase classname="com.krystal.project.TemplatesFun" name="minDosetextfieldifenteredminiumvalue" time="4.002"/>
  <testcase classname="com.krystal.project.TemplatesFun" name="minDosetextfieldifenteredAnynumber" time="1.439"/>
  <testcase classname="com.krystal.project.TemplatesFun" name="minDosetextfieldifenteredMaxnumber" time="1.558"/>
  <testcase classname="com.krystal.project.TemplatesFun" name="minDosetextfieldifenterednumberOutOfrangemin" time="4.143"/>
  <testcase classname="com.krystal.project.TemplatesFun" name="minDosetextfieldifenterednumberOutOfrange" time="4.269"/>
  <testcase classname="com.krystal.project.TemplatesFun" name="minDosetextfieldifenterednumberisempty" time="4.353"/>
  <testcase classname="com.krystal.project.TemplatesFun" name="minDosetextfieldifenterednumberisAlphabets" time="4.996"/>
  <testcase classname="com.krystal.project.TemplatesFun" name="ToverifyminDosetextfieldifenterednumberisSpecial" time="4.505"/>
  <testcase classname="com.krystal.project.TemplatesFun" name="minDosetextfieldifenterednumberisSpaces" time="4.330"/>
  <testcase classname="com.krystal.project.TemplatesFun" name="minDosetextfieldifenterednumberisAplphanumeric" time="1.757"/>
  <testcase classname="com.krystal.project.TemplatesFun" name="TmaxDosetextfieldifenteredminiumvalue" time="4.015"/>
  <testcase classname="com.krystal.project.TemplatesFun" name="maxDosetextfieldifenteredAnynumberintherange" time="1.428"/>
  <testcase classname="com.krystal.project.TemplatesFun" name="maxDosetextfieldifenteredMaxnumber" time="1.400"/>
  <testcase classname="com.krystal.project.TemplatesFun" name="maxDosetextfieldifenterednumberisOutOfrange" time="4.416"/>
  <testcase classname="com.krystal.project.TemplatesFun" name="maxDosetextfieldifenterednumberisempty" time="3.602"/>
  <testcase classname="com.krystal.project.TemplatesFun" name="maxDosetextfieldifenterednumberisAlphabets" time="4.446"/>
  <testcase classname="com.krystal.project.TemplatesFun" name="maxDosetextfieldifenterednumberisSpecialCharacters" time="4.458"/>
  <testcase classname="com.krystal.project.TemplatesFun" name="maxDosetextfieldifenterednumberisSpaces" time="4.330"/>
  <testcase classname="com.krystal.project.TemplatesFun" name="maxDosetextfieldifenterednumberisAplphanumeric" time="2.102"/>
  <testcase classname="com.krystal.project.TemplatesFun" name="maxDosetextfieldifenteredminlessthanmaxc" time="7.760"/>
  <testcase classname="com.krystal.project.TemplatesFun" name="maxDosetextfieldifenteredminandmaxdosevaluessame" time="8.172"/>
  <testcase classname="com.krystal.project.TemplatesFun" name="maxDosetextfieldifenteredminandmax" time="3.692"/>
  <testcase classname="com.krystal.project.TemplatesFun" name="TnoOfFractiontextfieldifenteredminiumvalue" time="4.032"/>
  <testcase classname="com.krystal.project.TemplatesFun" name="noOfFractiontextfieldifenteredlessthanminrange" time="4.299"/>
  <testcase classname="com.krystal.project.TemplatesFun" name="noOfFractiontextfieldifenteredMaxnumber" time="1.437"/>
  <testcase classname="com.krystal.project.TemplatesFun" name="noOfFractiontextfieldifenterednumberisOutOfrange" time="4.644"/>
  <testcase classname="com.krystal.project.TemplatesFun" name="noOfFractiontextfieldifenterednumberempty" time="3.726"/>
  <testcase classname="com.krystal.project.TemplatesFun" name="noOfFractiontextfieldifenterednumberisAlphabets" time="4.529"/>
  <testcase classname="com.krystal.project.TemplatesFun" name="noOfFractiontextfieldifenterednumberisSpecialCharacters" time="4.227"/>
  <testcase classname="com.krystal.project.TemplatesFun" name="noOfFractiontextfieldifenterednumberisSpaces" time="4.417"/>
  <testcase classname="com.krystal.project.TemplatesFun" name="noOfFractiontextfieldifenterednumberisAplphanumeric" time="1.219"/>
  <testcase classname="com.krystal.project.TemplatesFun" name="Reviewcycletextfieldifenteredminiumvalue" time="3.785"/>
  <testcase classname="com.krystal.project.TemplatesFun" name="ReviewcycletextfieldifenteredAnynumberintherange" time="1.322"/>
  <testcase classname="com.krystal.project.TemplatesFun" name="ReviewcycletextfieldifenteredMaxnumber" time="1.398"/>
  <testcase classname="com.krystal.project.TemplatesFun" name="ReviewcycletextfieldifenterednumberisOutOfrange" time="4.310"/>
  <testcase classname="com.krystal.project.TemplatesFun" name="ReviewcycletextfieldAlphabets" time="4.748"/>
  <testcase classname="com.krystal.project.TemplatesFun" name="ReviewcycleSpecialCharacter" time="4.267"/>
  <testcase classname="com.krystal.project.TemplatesFun" name="ReviewcycleSpaces" time="4.442"/>
  <testcase classname="com.krystal.project.TemplatesFun" name="ReviewcycleAplphanumeric" time="1.638"/>
  <testcase classname="com.krystal.project.TemplatesFun" name="CBCcycletextfieldifenteredminiumvalue" time="4.067"/>
  <testcase classname="com.krystal.project.TemplatesFun" name="CBCcycletextfieldifenteredAnynumberintherange" time="1.424"/>
  <testcase classname="com.krystal.project.TemplatesFun" name="CBCcycletextfieldifenteredMaxnumber" time="1.360"/>
  <testcase classname="com.krystal.project.TemplatesFun" name="cycletextfieldifenterednumberisOutOfrange" time="4.253"/>
  <testcase classname="com.krystal.project.TemplatesFun" name="CBCcycletextfieldifenterednumberisempty" time="3.992"/>
  <testcase classname="com.krystal.project.TemplatesFun" name="CBCcycletextfieldifenterednumberisAlphabets" time="4.777"/>
  <testcase classname="com.krystal.project.TemplatesFun" name="CBCcycletextfieldifenterednumberisSpecialCharacters" time="4.312"/>
  <testcase classname="com.krystal.project.TemplatesFun" name="CBCcycletextfieldifenterednumberisSpaces" time="4.479"/>
  <testcase classname="com.krystal.project.TemplatesFun" name="CBCcycletextfieldifenterednumberisAplphanumeric" time="1.708"/>
  <testcase classname="com.krystal.project.TemplatesFun" name="IGRTtextfieldifenteredAlphabets" time="6.897"/>
  <testcase classname="com.krystal.project.TemplatesFun" name="IGRTtextfieldifenteredoutofrange" time="4.334"/>
  <testcase classname="com.krystal.project.TemplatesFun" name="IGRTtextfieldifenteredmaximumvalue" time="1.351"/>
  <testcase classname="com.krystal.project.TemplatesFun" name="IGTRtextfieldifenterednumberisAplphanumeric" time="4.566"/>
  <testcase classname="com.krystal.project.TemplatesFun" name="IGRTtextfieldifenteredanynumberinrange" time="1.311"/>
  <testcase classname="com.krystal.project.TemplatesFun" name="Radiobuttonofgatingyeswithoutselecting" time="5.387"/>
  <testcase classname="com.krystal.project.TemplatesFun" name="Radiobuttonofgatingyeswithselecting" time="0.457"/>
  <testcase classname="com.krystal.project.TemplatesFun" name="RadiobuttonofgatingyNowithoutselecting" time="0.469"/>
  <testcase classname="com.krystal.project.TemplatesFun" name="Radiobuttonofbolusyeswithoutselecting" time="5.594"/>
  <testcase classname="com.krystal.project.TemplatesFun" name="RadiobuttonofBolusyeswithselecting" time="0.474"/>
  <testcase classname="com.krystal.project.TemplatesFun" name="RadiobuttonofBolusNowithoutselecting" time="0.539"/>
  <testcase classname="com.krystal.project.TemplatesFun" name="ToverifyTOARNametextfieldifenteraproperName" time="7.411"/>
  <testcase classname="com.krystal.project.TemplatesFun" name="ToverifyOARNametextfielifenteraspecailcharas1stletterinthenameName" time="4.390"/>
  <testcase classname="com.krystal.project.TemplatesFun" name="ToverifyOARNametextfielifenteranumbersasspecialchartinthenameName" time="4.288"/>
  <testcase classname="com.krystal.project.TemplatesFun" name="ToverifyOARNametextfielifenter2lettersinthenameName" time="4.088"/>
  <testcase classname="com.krystal.project.TemplatesFun" name="ToverifyOARNametextfielifenterNUMBERASsinthenameName" time="4.479"/>
  <testcase classname="com.krystal.project.TemplatesFun" name="ToverifyOARNametextfielifenterALPHANUMERICSPECIALCHARsinthenameName" time="4.583"/>
  <testcase classname="com.krystal.project.TemplatesFun" name="ToverifyOARNametextfielifenteredAlphanemeric" time="1.361"/>
  <testcase classname="com.krystal.project.TemplatesFun" name="ToverifyOARminDosetextfieldifenteredminiumvalue" time="1.515"/>
  <testcase classname="com.krystal.project.TemplatesFun" name="ToverifyminDosetextfieldifenteredAnynumberintherange" time="4.118"/>
  <testcase classname="com.krystal.project.TemplatesFun" name="ToverifyminDosetextfieldifenteredMaxnumber" time="1.501"/>
  <testcase classname="com.krystal.project.TemplatesFun" name="ToverifyminDosetextfieldifenterednumberisOutOfrange" time="4.528"/>
  <testcase classname="com.krystal.project.TemplatesFun" name="ToverifyminDosetextfieldifenterednumberisempty" time="3.823"/>
  <testcase classname="com.krystal.project.TemplatesFun" name="ToverifyminDosetextfieldifenterednumberisAlphabets" time="4.912"/>
  <testcase classname="com.krystal.project.TemplatesFun" name="ToverifyminDosetextfieldifenterednumberisSpecialCharacters" time="5.004"/>
  <testcase classname="com.krystal.project.TemplatesFun" name="ToverifyminDosetextfieldifenterednumberisSpaces" time="1.531"/>
  <testcase classname="com.krystal.project.TemplatesFun" name="ToverifyminDosetextfieldifenterednumberisAplphanumeric" time="1.747"/>
  <testcase classname="com.krystal.project.TemplatesFun" name="ToverifyminDosetextfieldifenterednumber" time="1.250"/>
  <testcase classname="com.krystal.project.TemplatesFun" name="ToverifyOARmaxDosetextfieldifenteredminiumvalue" time="3.959"/>
  <testcase classname="com.krystal.project.TemplatesFun" name="ToverifyOARmaxDosetextfieldifenteredAnynumberintherangeand" time="1.405"/>
  <testcase classname="com.krystal.project.TemplatesFun" name="ToverifyOARmaxDosetextfieldifenteredMaxnumber" time="1.644"/>
  <testcase classname="com.krystal.project.TemplatesFun" name="ToverifyOARmaxDosetextfieldifenterednumberisOutOfrange" time="4.436"/>
  <testcase classname="com.krystal.project.TemplatesFun" name="ToverifyOARmaxDosetextfieldifenterednumberisempty" time="3.830"/>
  <testcase classname="com.krystal.project.TemplatesFun" name="ToverifyOARmaxDosetextfieldifenterednumberisAlphabets" time="5.036"/>
  <testcase classname="com.krystal.project.TemplatesFun" name="ToverifyOARmaxDosetextfieldifenterednumberisSpecialCharacters" time="5.426"/>
  <testcase classname="com.krystal.project.TemplatesFun" name="ToverifyOARmaxDosetextfieldifenterednumberisSpaces" time="0.637"/>
  <testcase classname="com.krystal.project.TemplatesFun" name="ToverifyOARmaxDosetextfieldifenterednumberisAplphanumeric" time="0.780"/>
  <testcase classname="com.krystal.project.TemplatesFun" name="ToverifyOARMIANDmaxDosetextfieldifenterednumberisSAME" time="8.066"/>
  <testcase classname="com.krystal.project.TemplatesFun" name="ToverifyOARmaxDosetextfieldifenterednumber" time="8.346"/>
  <testcase classname="com.krystal.project.TemplatesFun" name="OARDescriptiontextfieldifenteredminiumvalue" time="4.354"/>
  <testcase classname="com.krystal.project.TemplatesFun" name="TyOARDescriptiontextfieldifenteredAnynumberintherange" time="1.595"/>
  <testcase classname="com.krystal.project.TemplatesFun" name="OARDescriptiontextfieldifenteredMaxnumber" time="1.599"/>
  <testcase classname="com.krystal.project.TemplatesFun" name="OARDescriptiontextfieldifenterednumberisOutOfrange" time="2.232"/>
  <testcase classname="com.krystal.project.TemplatesFun" name="ResetOAR" time="22.945"/>
  <testcase classname="com.krystal.project.TemplatesFun" name="insertbutton" time="1.995"/>
  <testcase classname="com.krystal.project.TemplatesFun" name="bellyboardcheckboxbeforeselecting" time="11.097"/>
  <testcase classname="com.krystal.project.TemplatesFun" name="bellyboardcheckboxafterselecting" time="1.218"/>
  <testcase classname="com.krystal.project.TemplatesFun" name="Breastboardcheckboxbeforeselecting" time="0.153"/>
  <testcase classname="com.krystal.project.TemplatesFun" name="Breastboardcheckboxafterselecting" time="1.837"/>
  <testcase classname="com.krystal.project.TemplatesFun" name="HeadandshoulderBaseplatecheckboxbeforeselecting" time="0.173"/>
  <testcase classname="com.krystal.project.TemplatesFun" name="HeadandshoulderBaseplatecheckboxafterselecting" time="1.891"/>
  <testcase classname="com.krystal.project.TemplatesFun" name="Kneefixfeetfixsystemcheckboxbeforeselecting" time="0.129"/>
  <testcase classname="com.krystal.project.TemplatesFun" name="Kneefixfeetfixsystemcheckboxafterselecting" time="2.073"/>
  <testcase classname="com.krystal.project.TemplatesFun" name="KneefixBaseplatecheckboxbeforeselecting" time="0.092"/>
  <testcase classname="com.krystal.project.TemplatesFun" name="KneefixBaseplateBaseplatecheckboxafterselecting" time="1.808"/>
  <testcase classname="com.krystal.project.TemplatesFun" name="PelvicBaseplatecheckboxbeforeselecting" time="0.151"/>
  <testcase classname="com.krystal.project.TemplatesFun" name="PelvicBaseplatecheckboxafterselecting" time="1.790"/>
  <testcase classname="com.krystal.project.TemplatesFun" name="SigmaLiteBoardcheckboxafterselecting" time="2.332"/>
  <testcase classname="com.krystal.project.TemplatesFun" name="SigmaLiteBoardcheckboxbeforeselecting" time="0.154"/>
  <testcase classname="com.krystal.project.TemplatesFun" name="WingBoardcheckboxbeforeselecting" time="0.088"/>
  <testcase classname="com.krystal.project.TemplatesFun" name="WingBoardcheckboxafterselecting" time="15.752"/>
  <testcase classname="com.krystal.project.TemplatesFun" name="Templateadd" time="26.937"/>
  <testcase classname="com.krystal.project.TemplatesFun" name="Templateadd" time="28.234"/>
  <testcase classname="com.krystal.project.TemplatesFun" name="Templateadd" time="28.352"/>
  <testcase classname="com.krystal.project.TemplatesFun" name="Templateadd" time="38.081"/>
  <testcase classname="com.krystal.project.TemplatesFun" name="Templateadd" time="37.587"/>
  <testcase classname="com.krystal.project.TemplatesFun" name="Templateadd" time="29.464"/>
  <testcase classname="com.krystal.project.TemplatesFun" name="Templateadd" time="28.226"/>
  <testcase classname="com.krystal.project.TemplatesFun" name="TemplatetextfieldifenteringsameTemplateName" time="3.177"/>
  <testcase classname="com.krystal.project.TemplatesFun" name="TemplateaddOAR" time="37.490"/>
  <testcase classname="com.krystal.project.TemplatesFun" name="TemplateaddOAR" time="36.428"/>
  <testcase classname="com.krystal.project.TemplatesFun" name="EmptyData" time="46.106"/>
  <testcase classname="com.krystal.project.TemplatesFun" name="EmptyData" time="26.690"/>
  <testcase classname="com.krystal.project.TemplatesFun" name="EmptyData" time="46.001"/>
  <testcase classname="com.krystal.project.TemplatesFun" name="EmptyData" time="26.709"/>
  <testcase classname="com.krystal.project.TemplatesFun" name="EmptyData" time="36.257"/>
  <testcase classname="com.krystal.project.TemplatesFun" name="EmptyData" time="26.070"/>
  <testcase classname="com.krystal.project.TemplatesFun" name="EmptyData" time="26.881"/>
  <testcase classname="com.krystal.project.TemplatesFun" name="EmptyData" time="26.969"/>
  <testcase classname="com.krystal.project.TemplatesFun" name="TemplateAddfield" time="47.528"/>
  <testcase classname="com.krystal.project.TemplatesFun" name="TemplateReset" time="32.896"/>
  <testcase classname="com.krystal.project.TemplatesFun" name="Viewdata" time="19.422"/>
  <testcase classname="com.krystal.project.TemplatesFun" name="EditClick" time="1.538"/>
  <testcase classname="com.krystal.project.TemplatesFun" name="Editdatacompasrion" time="0.973"/>
  <testcase classname="com.krystal.project.TemplatesFun" name="EditandUpdate" time="3.903"/>
  <testcase classname="com.krystal.project.TemplatesFun" name="EditandAddicon" time="12.632"/>
  <testcase classname="com.krystal.project.TemplatesFun" name="EditandReseticon" time="8.997"/>
  <testcase classname="com.krystal.project.TemplatesFun" name="ModifyandReset" time="12.135"/>
  <testcase classname="com.krystal.project.TemplatesFun" name="ModifyandAdd" time="16.067"/>
  <testcase classname="com.krystal.project.TemplatesFun" name="ModifyandSave" time="13.554"/>
  <testcase classname="com.krystal.project.TemplatesFun" name="Modifydatacheck" time="5.169"/>
  <testcase classname="com.krystal.project.TemplatesFun" name="Searchbytemplatename" time="9.916"/>
  <testcase classname="com.krystal.project.TemplatesFun" name="Searchbytemplateinvalid" time="2.849"/>
  <testcase classname="com.krystal.project.TemplatesFun" name="Searchbyinvaliddata" time="2.661"/>
  <testcase classname="com.krystal.project.TemplatesFun" name="Searchbysitename" time="15.596"/>
  <testcase classname="com.krystal.project.TemplatesFun" name="SearchSiteInvalid" time="1.891"/>
  <testcase classname="com.krystal.project.TemplatesFun" name="delete" time="7.502"/>
  <testcase classname="com.krystal.project.TemplatesFun" name="deleteCancel" time="6.873"/>
  <testcase classname="com.krystal.project.TemplatesFun" name="deleteok" time="9.514"/>
</testsuite> <!-- com.krystal.project.TemplatesFun -->
