<?xml version="1.0" encoding="UTF-8"?>
<!-- Generated by org.testng.reporters.JUnitReportReporter -->
<testsuite hostname="IT-00328-CPU" failures="0" tests="3" name="com.krystal.project.DesignationConfigurationtest" time="11.055" errors="0" timestamp="2023-11-29T13:05:07 IST" skipped="0">
  <testcase classname="com.krystal.project.DesignationConfigurationtest" name="addDesignationLabel" time="0.673"/>
  <system-out/>
  <testcase classname="com.krystal.project.DesignationConfigurationtest" name="designationNameLabel" time="5.157"/>
  <system-out/>
  <testcase classname="com.krystal.project.DesignationConfigurationtest" name="prescriptionNameLabel" time="5.225"/>
  <system-out/>
</testsuite> <!-- com.krystal.project.DesignationConfigurationtest -->
